[0.015s] Invoking command in '/home/usama/autoronto/coding_test/build/coding_challenge': CMAKE_PREFIX_PATH=${CMAKE_PREFIX_PATH}:/opt/ros/foxy /usr/bin/cmake /home/usama/autoronto/coding_test/src/coding_challenge -DCMAKE_INSTALL_PREFIX=/home/usama/autoronto/coding_test/install/coding_challenge
[0.136s] -- The C compiler identification is GNU 9.3.0
[0.226s] -- The CXX compiler identification is GNU 9.3.0
[0.239s] -- Check for working C compiler: /usr/bin/cc
[0.295s] -- Check for working C compiler: /usr/bin/cc -- works
[0.296s] -- Detecting C compiler ABI info
[0.352s] -- Detecting C compiler ABI info - done
[0.360s] -- Detecting C compile features
[0.360s] -- Detecting C compile features - done
[0.365s] -- Check for working CXX compiler: /usr/bin/c++
[0.426s] -- Check for working CXX compiler: /usr/bin/c++ -- works
[0.426s] -- Detecting CXX compiler ABI info
[0.498s] -- Detecting CXX compiler ABI info - done
[0.507s] -- Detecting CXX compile features
[0.507s] -- Detecting CXX compile features - done
[0.514s] -- Found ament_cmake: 0.9.9 (/opt/ros/foxy/share/ament_cmake/cmake)
[0.539s] -- Found PythonInterp: /usr/bin/python3 (found suitable version "3.8.10", minimum required is "3") 
[0.539s] -- Using PYTHON_EXECUTABLE: /usr/bin/python3
[0.692s] -- Found rclcpp: 2.4.0 (/opt/ros/foxy/share/rclcpp/cmake)
[0.757s] -- Using all available rosidl_typesupport_c: rosidl_typesupport_fastrtps_c;rosidl_typesupport_introspection_c
[0.767s] -- Found rosidl_adapter: 1.2.1 (/opt/ros/foxy/share/rosidl_adapter/cmake)
[0.841s] -- Found OpenSSL: /usr/lib/x86_64-linux-gnu/libcrypto.so (found version "1.1.1f")  
[0.864s] -- Found FastRTPS: /opt/ros/foxy/include  
[0.938s] -- Using all available rosidl_typesupport_cpp: rosidl_typesupport_fastrtps_cpp;rosidl_typesupport_introspection_cpp
[1.003s] -- Found rmw_implementation_cmake: 1.0.3 (/opt/ros/foxy/share/rmw_implementation_cmake/cmake)
[1.006s] -- Using RMW implementation 'rmw_fastrtps_cpp' as default
[1.008s] -- Looking for pthread.h
[1.065s] -- Looking for pthread.h - found
[1.065s] -- Performing Test CMAKE_HAVE_LIBC_PTHREAD
[1.119s] -- Performing Test CMAKE_HAVE_LIBC_PTHREAD - Failed
[1.119s] -- Looking for pthread_create in pthreads
[1.166s] -- Looking for pthread_create in pthreads - not found
[1.166s] -- Looking for pthread_create in pthread
[1.222s] -- Looking for pthread_create in pthread - found
[1.223s] -- Found Threads: TRUE  
[1.402s] -- Configuring done
[1.408s] -- Generating done
[1.409s] -- Build files have been written to: /home/usama/autoronto/coding_test/build/coding_challenge
[1.418s] Invoked command in '/home/usama/autoronto/coding_test/build/coding_challenge' returned '0': CMAKE_PREFIX_PATH=${CMAKE_PREFIX_PATH}:/opt/ros/foxy /usr/bin/cmake /home/usama/autoronto/coding_test/src/coding_challenge -DCMAKE_INSTALL_PREFIX=/home/usama/autoronto/coding_test/install/coding_challenge
[1.418s] Invoking command in '/home/usama/autoronto/coding_test/build/coding_challenge': CMAKE_PREFIX_PATH=${CMAKE_PREFIX_PATH}:/opt/ros/foxy /usr/bin/cmake --build /home/usama/autoronto/coding_test/build/coding_challenge -- -j8 -l8
[1.446s] [35m[1mScanning dependencies of target listener[0m
[1.447s] [35m[1mScanning dependencies of target talker[0m
[1.610s] [ 25%] [32mBuilding CXX object CMakeFiles/talker.dir/src/publisher_member_function.cpp.o[0m
[1.610s] [ 50%] [32mBuilding CXX object CMakeFiles/listener.dir/src/subscriber_member_function.cpp.o[0m
[3.790s] [ 75%] [32m[1mLinking CXX executable talker[0m
[3.897s] [ 75%] Built target talker
[5.076s] [100%] [32m[1mLinking CXX executable listener[0m
[5.244s] [100%] Built target listener
[5.252s] Invoked command in '/home/usama/autoronto/coding_test/build/coding_challenge' returned '0': CMAKE_PREFIX_PATH=${CMAKE_PREFIX_PATH}:/opt/ros/foxy /usr/bin/cmake --build /home/usama/autoronto/coding_test/build/coding_challenge -- -j8 -l8
[5.289s] Invoking command in '/home/usama/autoronto/coding_test/build/coding_challenge': CMAKE_PREFIX_PATH=${CMAKE_PREFIX_PATH}:/opt/ros/foxy /usr/bin/cmake --install /home/usama/autoronto/coding_test/build/coding_challenge
[5.297s] -- Install configuration: ""
[5.297s] -- Installing: /home/usama/autoronto/coding_test/install/coding_challenge/lib/coding_challenge/talker
[5.298s] -- Set runtime path of "/home/usama/autoronto/coding_test/install/coding_challenge/lib/coding_challenge/talker" to ""
[5.298s] -- Installing: /home/usama/autoronto/coding_test/install/coding_challenge/lib/coding_challenge/listener
[5.301s] -- Set runtime path of "/home/usama/autoronto/coding_test/install/coding_challenge/lib/coding_challenge/listener" to ""
[5.302s] -- Installing: /home/usama/autoronto/coding_test/install/coding_challenge/share/ament_index/resource_index/package_run_dependencies/coding_challenge
[5.302s] -- Installing: /home/usama/autoronto/coding_test/install/coding_challenge/share/ament_index/resource_index/parent_prefix_path/coding_challenge
[5.302s] -- Installing: /home/usama/autoronto/coding_test/install/coding_challenge/share/coding_challenge/environment/ament_prefix_path.sh
[5.302s] -- Installing: /home/usama/autoronto/coding_test/install/coding_challenge/share/coding_challenge/environment/ament_prefix_path.dsv
[5.302s] -- Installing: /home/usama/autoronto/coding_test/install/coding_challenge/share/coding_challenge/environment/path.sh
[5.302s] -- Installing: /home/usama/autoronto/coding_test/install/coding_challenge/share/coding_challenge/environment/path.dsv
[5.302s] -- Installing: /home/usama/autoronto/coding_test/install/coding_challenge/share/coding_challenge/local_setup.bash
[5.303s] -- Installing: /home/usama/autoronto/coding_test/install/coding_challenge/share/coding_challenge/local_setup.sh
[5.303s] -- Installing: /home/usama/autoronto/coding_test/install/coding_challenge/share/coding_challenge/local_setup.zsh
[5.303s] -- Installing: /home/usama/autoronto/coding_test/install/coding_challenge/share/coding_challenge/local_setup.dsv
[5.303s] -- Installing: /home/usama/autoronto/coding_test/install/coding_challenge/share/coding_challenge/package.dsv
[5.303s] -- Installing: /home/usama/autoronto/coding_test/install/coding_challenge/share/ament_index/resource_index/packages/coding_challenge
[5.303s] -- Installing: /home/usama/autoronto/coding_test/install/coding_challenge/share/coding_challenge/cmake/coding_challengeConfig.cmake
[5.303s] -- Installing: /home/usama/autoronto/coding_test/install/coding_challenge/share/coding_challenge/cmake/coding_challengeConfig-version.cmake
[5.304s] -- Installing: /home/usama/autoronto/coding_test/install/coding_challenge/share/coding_challenge/package.xml
[5.306s] Invoked command in '/home/usama/autoronto/coding_test/build/coding_challenge' returned '0': CMAKE_PREFIX_PATH=${CMAKE_PREFIX_PATH}:/opt/ros/foxy /usr/bin/cmake --install /home/usama/autoronto/coding_test/build/coding_challenge
