[0.083s] DEBUG:colcon:Command line arguments: ['/usr/bin/colcon', 'build', '--packages-select', 'coding_challenge']
[0.083s] DEBUG:colcon:Parsed command line arguments: Namespace(allow_overriding=[], ament_cmake_args=None, base_paths=['.'], build_base='build', catkin_cmake_args=None, catkin_skip_building_tests=False, cmake_args=None, cmake_clean_cache=False, cmake_clean_first=False, cmake_force_configure=False, cmake_target=None, cmake_target_skip_unavailable=False, continue_on_error=False, event_handlers=None, executor='parallel', ignore_user_meta=False, install_base='install', log_base=None, log_level=None, main=<bound method BuildVerb.main of <colcon_core.verb.build.BuildVerb object at 0x7f55ea83c460>>, merge_install=False, metas=['./colcon.meta'], packages_above=None, packages_above_and_dependencies=None, packages_above_depth=None, packages_end=None, packages_ignore=None, packages_ignore_regex=None, packages_select=['coding_challenge'], packages_select_build_failed=False, packages_select_by_dep=None, packages_select_regex=None, packages_select_test_failures=False, packages_skip=None, packages_skip_build_finished=False, packages_skip_by_dep=None, packages_skip_regex=None, packages_skip_test_passed=False, packages_skip_up_to=None, packages_start=None, packages_up_to=None, packages_up_to_regex=None, parallel_workers=8, paths=None, symlink_install=False, test_result_base=None, verb_extension=<colcon_core.verb.build.BuildVerb object at 0x7f55ea83c460>, verb_name='build', verb_parser=<colcon_defaults.argument_parser.defaults.DefaultArgumentsDecorator object at 0x7f55ea83c9a0>)
[0.085s] Level 1:colcon.colcon_core.package_discovery:discover_packages(colcon_meta) check parameters
[0.085s] Level 1:colcon.colcon_core.package_discovery:discover_packages(recursive) check parameters
[0.085s] Level 1:colcon.colcon_core.package_discovery:discover_packages(ignore) check parameters
[0.085s] Level 1:colcon.colcon_core.package_discovery:discover_packages(path) check parameters
[0.085s] Level 1:colcon.colcon_core.package_discovery:discover_packages(colcon_meta) discover
[0.085s] Level 1:colcon.colcon_core.package_discovery:discover_packages(recursive) discover
[0.085s] INFO:colcon.colcon_core.package_discovery:Crawling recursively for packages in '/home/usama/autoronto/coding_test'
[0.086s] Level 1:colcon.colcon_core.package_identification:_identify(.) by extensions ['ignore', 'ignore_ament_install']
[0.086s] Level 1:colcon.colcon_core.package_identification:_identify(.) by extension 'ignore'
[0.086s] Level 1:colcon.colcon_core.package_identification:_identify(.) by extension 'ignore_ament_install'
[0.086s] Level 1:colcon.colcon_core.package_identification:_identify(.) by extensions ['colcon_pkg']
[0.086s] Level 1:colcon.colcon_core.package_identification:_identify(.) by extension 'colcon_pkg'
[0.086s] Level 1:colcon.colcon_core.package_identification:_identify(.) by extensions ['colcon_meta']
[0.086s] Level 1:colcon.colcon_core.package_identification:_identify(.) by extension 'colcon_meta'
[0.086s] Level 1:colcon.colcon_core.package_identification:_identify(.) by extensions ['ros']
[0.086s] Level 1:colcon.colcon_core.package_identification:_identify(.) by extension 'ros'
[0.093s] Level 1:colcon.colcon_core.package_identification:_identify(.) by extensions ['cmake', 'python']
[0.093s] Level 1:colcon.colcon_core.package_identification:_identify(.) by extension 'cmake'
[0.093s] Level 1:colcon.colcon_core.package_identification:_identify(.) by extension 'python'
[0.093s] Level 1:colcon.colcon_core.package_identification:_identify(.) by extensions ['python_setup_py']
[0.093s] Level 1:colcon.colcon_core.package_identification:_identify(.) by extension 'python_setup_py'
[0.093s] Level 1:colcon.colcon_core.package_identification:_identify(build) by extensions ['ignore', 'ignore_ament_install']
[0.093s] Level 1:colcon.colcon_core.package_identification:_identify(build) by extension 'ignore'
[0.093s] Level 1:colcon.colcon_core.package_identification:_identify(build) ignored
[0.093s] Level 1:colcon.colcon_core.package_identification:_identify(install) by extensions ['ignore', 'ignore_ament_install']
[0.093s] Level 1:colcon.colcon_core.package_identification:_identify(install) by extension 'ignore'
[0.094s] Level 1:colcon.colcon_core.package_identification:_identify(install) ignored
[0.094s] Level 1:colcon.colcon_core.package_identification:_identify(log) by extensions ['ignore', 'ignore_ament_install']
[0.094s] Level 1:colcon.colcon_core.package_identification:_identify(log) by extension 'ignore'
[0.094s] Level 1:colcon.colcon_core.package_identification:_identify(log) ignored
[0.094s] Level 1:colcon.colcon_core.package_identification:_identify(src) by extensions ['ignore', 'ignore_ament_install']
[0.094s] Level 1:colcon.colcon_core.package_identification:_identify(src) by extension 'ignore'
[0.094s] Level 1:colcon.colcon_core.package_identification:_identify(src) by extension 'ignore_ament_install'
[0.094s] Level 1:colcon.colcon_core.package_identification:_identify(src) by extensions ['colcon_pkg']
[0.094s] Level 1:colcon.colcon_core.package_identification:_identify(src) by extension 'colcon_pkg'
[0.094s] Level 1:colcon.colcon_core.package_identification:_identify(src) by extensions ['colcon_meta']
[0.094s] Level 1:colcon.colcon_core.package_identification:_identify(src) by extension 'colcon_meta'
[0.094s] Level 1:colcon.colcon_core.package_identification:_identify(src) by extensions ['ros']
[0.094s] Level 1:colcon.colcon_core.package_identification:_identify(src) by extension 'ros'
[0.094s] Level 1:colcon.colcon_core.package_identification:_identify(src) by extensions ['cmake', 'python']
[0.094s] Level 1:colcon.colcon_core.package_identification:_identify(src) by extension 'cmake'
[0.094s] Level 1:colcon.colcon_core.package_identification:_identify(src) by extension 'python'
[0.094s] Level 1:colcon.colcon_core.package_identification:_identify(src) by extensions ['python_setup_py']
[0.094s] Level 1:colcon.colcon_core.package_identification:_identify(src) by extension 'python_setup_py'
[0.095s] Level 1:colcon.colcon_core.package_identification:_identify(src/coding_challenge) by extensions ['ignore', 'ignore_ament_install']
[0.095s] Level 1:colcon.colcon_core.package_identification:_identify(src/coding_challenge) by extension 'ignore'
[0.095s] Level 1:colcon.colcon_core.package_identification:_identify(src/coding_challenge) by extension 'ignore_ament_install'
[0.095s] Level 1:colcon.colcon_core.package_identification:_identify(src/coding_challenge) by extensions ['colcon_pkg']
[0.095s] Level 1:colcon.colcon_core.package_identification:_identify(src/coding_challenge) by extension 'colcon_pkg'
[0.095s] Level 1:colcon.colcon_core.package_identification:_identify(src/coding_challenge) by extensions ['colcon_meta']
[0.095s] Level 1:colcon.colcon_core.package_identification:_identify(src/coding_challenge) by extension 'colcon_meta'
[0.095s] Level 1:colcon.colcon_core.package_identification:_identify(src/coding_challenge) by extensions ['ros']
[0.095s] Level 1:colcon.colcon_core.package_identification:_identify(src/coding_challenge) by extension 'ros'
[0.097s] DEBUG:colcon.colcon_core.package_identification:Package 'src/coding_challenge' with type 'ros.ament_cmake' and name 'coding_challenge'
[0.097s] Level 1:colcon.colcon_core.package_identification:_identify(src/my_package) by extensions ['ignore', 'ignore_ament_install']
[0.097s] Level 1:colcon.colcon_core.package_identification:_identify(src/my_package) by extension 'ignore'
[0.097s] Level 1:colcon.colcon_core.package_identification:_identify(src/my_package) by extension 'ignore_ament_install'
[0.097s] Level 1:colcon.colcon_core.package_identification:_identify(src/my_package) by extensions ['colcon_pkg']
[0.097s] Level 1:colcon.colcon_core.package_identification:_identify(src/my_package) by extension 'colcon_pkg'
[0.097s] Level 1:colcon.colcon_core.package_identification:_identify(src/my_package) by extensions ['colcon_meta']
[0.097s] Level 1:colcon.colcon_core.package_identification:_identify(src/my_package) by extension 'colcon_meta'
[0.097s] Level 1:colcon.colcon_core.package_identification:_identify(src/my_package) by extensions ['ros']
[0.097s] Level 1:colcon.colcon_core.package_identification:_identify(src/my_package) by extension 'ros'
[0.097s] DEBUG:colcon.colcon_core.package_identification:Package 'src/my_package' with type 'ros.ament_cmake' and name 'my_package'
[0.098s] Level 1:colcon.colcon_core.package_identification:_identify(src/ros_tutorials) by extensions ['ignore', 'ignore_ament_install']
[0.098s] Level 1:colcon.colcon_core.package_identification:_identify(src/ros_tutorials) by extension 'ignore'
[0.098s] Level 1:colcon.colcon_core.package_identification:_identify(src/ros_tutorials) by extension 'ignore_ament_install'
[0.098s] Level 1:colcon.colcon_core.package_identification:_identify(src/ros_tutorials) by extensions ['colcon_pkg']
[0.098s] Level 1:colcon.colcon_core.package_identification:_identify(src/ros_tutorials) by extension 'colcon_pkg'
[0.098s] Level 1:colcon.colcon_core.package_identification:_identify(src/ros_tutorials) by extensions ['colcon_meta']
[0.098s] Level 1:colcon.colcon_core.package_identification:_identify(src/ros_tutorials) by extension 'colcon_meta'
[0.098s] Level 1:colcon.colcon_core.package_identification:_identify(src/ros_tutorials) by extensions ['ros']
[0.098s] Level 1:colcon.colcon_core.package_identification:_identify(src/ros_tutorials) by extension 'ros'
[0.098s] Level 1:colcon.colcon_core.package_identification:_identify(src/ros_tutorials) by extensions ['cmake', 'python']
[0.098s] Level 1:colcon.colcon_core.package_identification:_identify(src/ros_tutorials) by extension 'cmake'
[0.098s] Level 1:colcon.colcon_core.package_identification:_identify(src/ros_tutorials) by extension 'python'
[0.098s] Level 1:colcon.colcon_core.package_identification:_identify(src/ros_tutorials) by extensions ['python_setup_py']
[0.098s] Level 1:colcon.colcon_core.package_identification:_identify(src/ros_tutorials) by extension 'python_setup_py'
[0.098s] Level 1:colcon.colcon_core.package_identification:_identify(src/ros_tutorials/ros_tutorials) by extensions ['ignore', 'ignore_ament_install']
[0.098s] Level 1:colcon.colcon_core.package_identification:_identify(src/ros_tutorials/ros_tutorials) by extension 'ignore'
[0.098s] Level 1:colcon.colcon_core.package_identification:_identify(src/ros_tutorials/ros_tutorials) ignored
[0.099s] Level 1:colcon.colcon_core.package_identification:_identify(src/ros_tutorials/roscpp_tutorials) by extensions ['ignore', 'ignore_ament_install']
[0.099s] Level 1:colcon.colcon_core.package_identification:_identify(src/ros_tutorials/roscpp_tutorials) by extension 'ignore'
[0.099s] Level 1:colcon.colcon_core.package_identification:_identify(src/ros_tutorials/roscpp_tutorials) ignored
[0.099s] Level 1:colcon.colcon_core.package_identification:_identify(src/ros_tutorials/rospy_tutorials) by extensions ['ignore', 'ignore_ament_install']
[0.099s] Level 1:colcon.colcon_core.package_identification:_identify(src/ros_tutorials/rospy_tutorials) by extension 'ignore'
[0.099s] Level 1:colcon.colcon_core.package_identification:_identify(src/ros_tutorials/rospy_tutorials) ignored
[0.099s] Level 1:colcon.colcon_core.package_identification:_identify(src/ros_tutorials/turtlesim) by extensions ['ignore', 'ignore_ament_install']
[0.099s] Level 1:colcon.colcon_core.package_identification:_identify(src/ros_tutorials/turtlesim) by extension 'ignore'
[0.099s] Level 1:colcon.colcon_core.package_identification:_identify(src/ros_tutorials/turtlesim) by extension 'ignore_ament_install'
[0.099s] Level 1:colcon.colcon_core.package_identification:_identify(src/ros_tutorials/turtlesim) by extensions ['colcon_pkg']
[0.099s] Level 1:colcon.colcon_core.package_identification:_identify(src/ros_tutorials/turtlesim) by extension 'colcon_pkg'
[0.099s] Level 1:colcon.colcon_core.package_identification:_identify(src/ros_tutorials/turtlesim) by extensions ['colcon_meta']
[0.099s] Level 1:colcon.colcon_core.package_identification:_identify(src/ros_tutorials/turtlesim) by extension 'colcon_meta'
[0.100s] Level 1:colcon.colcon_core.package_identification:_identify(src/ros_tutorials/turtlesim) by extensions ['ros']
[0.100s] Level 1:colcon.colcon_core.package_identification:_identify(src/ros_tutorials/turtlesim) by extension 'ros'
[0.100s] DEBUG:colcon.colcon_core.package_identification:Package 'src/ros_tutorials/turtlesim' with type 'ros.ament_cmake' and name 'turtlesim'
[0.100s] Level 1:colcon.colcon_core.package_discovery:discover_packages(recursive) using defaults
[0.100s] Level 1:colcon.colcon_core.package_discovery:discover_packages(ignore) discover
[0.100s] Level 1:colcon.colcon_core.package_discovery:discover_packages(ignore) using defaults
[0.100s] Level 1:colcon.colcon_core.package_discovery:discover_packages(path) discover
[0.100s] Level 1:colcon.colcon_core.package_discovery:discover_packages(path) using defaults
[0.112s] INFO:colcon.colcon_core.package_selection:Skipping not selected package 'my_package' in 'src/my_package'
[0.112s] INFO:colcon.colcon_core.package_selection:Skipping not selected package 'turtlesim' in 'src/ros_tutorials/turtlesim'
[0.112s] Level 5:colcon.colcon_core.verb:set package 'coding_challenge' build argument 'cmake_args' from command line to 'None'
[0.112s] Level 5:colcon.colcon_core.verb:set package 'coding_challenge' build argument 'cmake_target' from command line to 'None'
[0.112s] Level 5:colcon.colcon_core.verb:set package 'coding_challenge' build argument 'cmake_target_skip_unavailable' from command line to 'False'
[0.112s] Level 5:colcon.colcon_core.verb:set package 'coding_challenge' build argument 'cmake_clean_cache' from command line to 'False'
[0.113s] Level 5:colcon.colcon_core.verb:set package 'coding_challenge' build argument 'cmake_clean_first' from command line to 'False'
[0.113s] Level 5:colcon.colcon_core.verb:set package 'coding_challenge' build argument 'cmake_force_configure' from command line to 'False'
[0.113s] Level 5:colcon.colcon_core.verb:set package 'coding_challenge' build argument 'ament_cmake_args' from command line to 'None'
[0.113s] Level 5:colcon.colcon_core.verb:set package 'coding_challenge' build argument 'catkin_cmake_args' from command line to 'None'
[0.113s] Level 5:colcon.colcon_core.verb:set package 'coding_challenge' build argument 'catkin_skip_building_tests' from command line to 'False'
[0.113s] DEBUG:colcon.colcon_core.verb:Building package 'coding_challenge' with the following arguments: {'ament_cmake_args': None, 'build_base': '/home/usama/autoronto/coding_test/build/coding_challenge', 'catkin_cmake_args': None, 'catkin_skip_building_tests': False, 'cmake_args': None, 'cmake_clean_cache': False, 'cmake_clean_first': False, 'cmake_force_configure': False, 'cmake_target': None, 'cmake_target_skip_unavailable': False, 'install_base': '/home/usama/autoronto/coding_test/install/coding_challenge', 'merge_install': False, 'path': '/home/usama/autoronto/coding_test/src/coding_challenge', 'symlink_install': False, 'test_result_base': None}
[0.114s] INFO:colcon.colcon_core.executor:Executing jobs using 'parallel' executor
[0.116s] DEBUG:colcon.colcon_parallel_executor.executor.parallel:run_until_complete
[0.116s] INFO:colcon.colcon_ros.task.ament_cmake.build:Building ROS package in '/home/usama/autoronto/coding_test/src/coding_challenge' with build type 'ament_cmake'
[0.117s] INFO:colcon.colcon_cmake.task.cmake.build:Building CMake package in '/home/usama/autoronto/coding_test/src/coding_challenge'
[0.120s] INFO:colcon.colcon_core.plugin_system:Skipping extension 'colcon_core.shell.bat': Not used on non-Windows systems
[0.120s] INFO:colcon.colcon_core.shell:Skip shell extension 'powershell' for command environment: Not usable outside of PowerShell
[0.120s] DEBUG:colcon.colcon_core.shell:Skip shell extension 'dsv' for command environment
[0.134s] DEBUG:colcon.colcon_core.event_handler.log_command:Invoking command in '/home/usama/autoronto/coding_test/build/coding_challenge': CMAKE_PREFIX_PATH=/opt/ros/foxy /usr/bin/cmake --build /home/usama/autoronto/coding_test/build/coding_challenge -- -j8 -l8
[7.381s] DEBUG:colcon.colcon_core.event_handler.log_command:Invoked command in '/home/usama/autoronto/coding_test/build/coding_challenge' returned '0': CMAKE_PREFIX_PATH=/opt/ros/foxy /usr/bin/cmake --build /home/usama/autoronto/coding_test/build/coding_challenge -- -j8 -l8
[7.429s] DEBUG:colcon.colcon_core.event_handler.log_command:Invoking command in '/home/usama/autoronto/coding_test/build/coding_challenge': CMAKE_PREFIX_PATH=/opt/ros/foxy /usr/bin/cmake --install /home/usama/autoronto/coding_test/build/coding_challenge
[7.457s] Level 1:colcon.colcon_core.environment:create_environment_scripts_only(coding_challenge)
[7.465s] Level 1:colcon.colcon_core.environment:checking '/home/usama/autoronto/coding_test/install/coding_challenge' for CMake module files
[7.466s] Level 1:colcon.colcon_core.environment:checking '/home/usama/autoronto/coding_test/install/coding_challenge' for CMake config files
[7.468s] Level 1:colcon.colcon_core.shell:create_environment_hook('coding_challenge', 'cmake_prefix_path')
[7.468s] DEBUG:colcon.colcon_core.event_handler.log_command:Invoked command in '/home/usama/autoronto/coding_test/build/coding_challenge' returned '0': CMAKE_PREFIX_PATH=/opt/ros/foxy /usr/bin/cmake --install /home/usama/autoronto/coding_test/build/coding_challenge
[7.468s] INFO:colcon.colcon_core.shell:Creating environment hook '/home/usama/autoronto/coding_test/install/coding_challenge/share/coding_challenge/hook/cmake_prefix_path.ps1'
[7.469s] INFO:colcon.colcon_core.shell:Creating environment descriptor '/home/usama/autoronto/coding_test/install/coding_challenge/share/coding_challenge/hook/cmake_prefix_path.dsv'
[7.470s] INFO:colcon.colcon_core.shell:Creating environment hook '/home/usama/autoronto/coding_test/install/coding_challenge/share/coding_challenge/hook/cmake_prefix_path.sh'
[7.471s] Level 1:colcon.colcon_core.environment:checking '/home/usama/autoronto/coding_test/install/coding_challenge/lib'
[7.471s] Level 1:colcon.colcon_core.environment:checking '/home/usama/autoronto/coding_test/install/coding_challenge/bin'
[7.471s] Level 1:colcon.colcon_core.environment:checking '/home/usama/autoronto/coding_test/install/coding_challenge/lib/pkgconfig/coding_challenge.pc'
[7.471s] Level 1:colcon.colcon_core.environment:checking '/home/usama/autoronto/coding_test/install/coding_challenge/lib/python3.8/site-packages'
[7.471s] INFO:colcon.colcon_core.shell:Creating package script '/home/usama/autoronto/coding_test/install/coding_challenge/share/coding_challenge/package.ps1'
[7.472s] INFO:colcon.colcon_core.shell:Creating package descriptor '/home/usama/autoronto/coding_test/install/coding_challenge/share/coding_challenge/package.dsv'
[7.473s] INFO:colcon.colcon_core.shell:Creating package script '/home/usama/autoronto/coding_test/install/coding_challenge/share/coding_challenge/package.sh'
[7.473s] INFO:colcon.colcon_core.shell:Creating package script '/home/usama/autoronto/coding_test/install/coding_challenge/share/coding_challenge/package.bash'
[7.474s] INFO:colcon.colcon_core.shell:Creating package script '/home/usama/autoronto/coding_test/install/coding_challenge/share/coding_challenge/package.zsh'
[7.476s] Level 1:colcon.colcon_core.environment:create_file_with_runtime_dependencies(/home/usama/autoronto/coding_test/install/coding_challenge/share/colcon-core/packages/coding_challenge)
[7.506s] Level 1:colcon.colcon_core.environment:create_environment_scripts_only(coding_challenge)
[7.508s] Level 1:colcon.colcon_core.environment:checking '/home/usama/autoronto/coding_test/install/coding_challenge' for CMake module files
[7.509s] Level 1:colcon.colcon_core.environment:checking '/home/usama/autoronto/coding_test/install/coding_challenge' for CMake config files
[7.509s] Level 1:colcon.colcon_core.shell:create_environment_hook('coding_challenge', 'cmake_prefix_path')
[7.509s] INFO:colcon.colcon_core.shell:Creating environment hook '/home/usama/autoronto/coding_test/install/coding_challenge/share/coding_challenge/hook/cmake_prefix_path.ps1'
[7.509s] INFO:colcon.colcon_core.shell:Creating environment descriptor '/home/usama/autoronto/coding_test/install/coding_challenge/share/coding_challenge/hook/cmake_prefix_path.dsv'
[7.510s] INFO:colcon.colcon_core.shell:Creating environment hook '/home/usama/autoronto/coding_test/install/coding_challenge/share/coding_challenge/hook/cmake_prefix_path.sh'
[7.510s] Level 1:colcon.colcon_core.environment:checking '/home/usama/autoronto/coding_test/install/coding_challenge/lib'
[7.510s] Level 1:colcon.colcon_core.environment:checking '/home/usama/autoronto/coding_test/install/coding_challenge/bin'
[7.510s] Level 1:colcon.colcon_core.environment:checking '/home/usama/autoronto/coding_test/install/coding_challenge/lib/pkgconfig/coding_challenge.pc'
[7.510s] Level 1:colcon.colcon_core.environment:checking '/home/usama/autoronto/coding_test/install/coding_challenge/lib/python3.8/site-packages'
[7.511s] INFO:colcon.colcon_core.shell:Creating package script '/home/usama/autoronto/coding_test/install/coding_challenge/share/coding_challenge/package.ps1'
[7.511s] INFO:colcon.colcon_core.shell:Creating package descriptor '/home/usama/autoronto/coding_test/install/coding_challenge/share/coding_challenge/package.dsv'
[7.512s] INFO:colcon.colcon_core.shell:Creating package script '/home/usama/autoronto/coding_test/install/coding_challenge/share/coding_challenge/package.sh'
[7.513s] INFO:colcon.colcon_core.shell:Creating package script '/home/usama/autoronto/coding_test/install/coding_challenge/share/coding_challenge/package.bash'
[7.513s] INFO:colcon.colcon_core.shell:Creating package script '/home/usama/autoronto/coding_test/install/coding_challenge/share/coding_challenge/package.zsh'
[7.513s] Level 1:colcon.colcon_core.environment:create_file_with_runtime_dependencies(/home/usama/autoronto/coding_test/install/coding_challenge/share/colcon-core/packages/coding_challenge)
[7.514s] DEBUG:colcon.colcon_parallel_executor.executor.parallel:closing loop
[7.515s] DEBUG:colcon.colcon_parallel_executor.executor.parallel:loop closed
[7.525s] DEBUG:colcon.colcon_parallel_executor.executor.parallel:run_until_complete finished with '0'
[7.528s] DEBUG:colcon.colcon_core.event_reactor:joining thread
[7.542s] INFO:colcon.colcon_core.plugin_system:Skipping extension 'colcon_notification.desktop_notification.terminal_notifier': Not used on non-Darwin systems
[7.542s] INFO:colcon.colcon_core.plugin_system:Skipping extension 'colcon_notification.desktop_notification.win32': Not used on non-Windows systems
[7.542s] INFO:colcon.colcon_notification.desktop_notification:Sending desktop notification using 'notify2'
[7.574s] DEBUG:colcon.colcon_core.event_reactor:joined thread
[7.574s] INFO:colcon.colcon_core.shell:Creating prefix script '/home/usama/autoronto/coding_test/install/local_setup.ps1'
[7.581s] INFO:colcon.colcon_core.shell:Creating prefix util module '/home/usama/autoronto/coding_test/install/_local_setup_util_ps1.py'
[7.582s] INFO:colcon.colcon_core.shell:Creating prefix chain script '/home/usama/autoronto/coding_test/install/setup.ps1'
[7.585s] INFO:colcon.colcon_core.shell:Creating prefix script '/home/usama/autoronto/coding_test/install/local_setup.sh'
[7.585s] INFO:colcon.colcon_core.shell:Creating prefix util module '/home/usama/autoronto/coding_test/install/_local_setup_util_sh.py'
[7.589s] INFO:colcon.colcon_core.shell:Creating prefix chain script '/home/usama/autoronto/coding_test/install/setup.sh'
[7.590s] INFO:colcon.colcon_core.shell:Creating prefix script '/home/usama/autoronto/coding_test/install/local_setup.bash'
[7.595s] INFO:colcon.colcon_core.shell:Creating prefix chain script '/home/usama/autoronto/coding_test/install/setup.bash'
[7.597s] INFO:colcon.colcon_core.shell:Creating prefix script '/home/usama/autoronto/coding_test/install/local_setup.zsh'
[7.598s] INFO:colcon.colcon_core.shell:Creating prefix chain script '/home/usama/autoronto/coding_test/install/setup.zsh'
