[0.020s] Invoking command in '/home/usama/autoronto/coding_test/build/turtlesim': CMAKE_PREFIX_PATH=/opt/ros/foxy /usr/bin/cmake /home/usama/autoronto/coding_test/src/ros_tutorials/turtlesim -DCMAKE_INSTALL_PREFIX=/home/usama/autoronto/coding_test/install/turtlesim
[0.261s] -- The C compiler identification is GNU 9.3.0
[0.421s] -- The CXX compiler identification is GNU 9.3.0
[0.434s] -- Check for working C compiler: /usr/bin/cc
[0.495s] -- Check for working C compiler: /usr/bin/cc -- works
[0.497s] -- Detecting C compiler ABI info
[0.563s] -- Detecting C compiler ABI info - done
[0.572s] -- Detecting C compile features
[0.573s] -- Detecting C compile features - done
[0.578s] -- Check for working CXX compiler: /usr/bin/c++
[0.640s] -- Check for working CXX compiler: /usr/bin/c++ -- works
[0.640s] -- Detecting CXX compiler ABI info
[0.703s] -- Detecting CXX compiler ABI info - done
[0.712s] -- Detecting CXX compile features
[0.712s] -- Detecting CXX compile features - done
[0.721s] -- Found ament_cmake: 0.9.9 (/opt/ros/foxy/share/ament_cmake/cmake)
[0.751s] -- Found PythonInterp: /usr/bin/python3 (found suitable version "3.8.10", minimum required is "3") 
[0.751s] -- Using PYTHON_EXECUTABLE: /usr/bin/python3
[0.907s] -- Found ament_index_cpp: 1.1.0 (/opt/ros/foxy/share/ament_index_cpp/cmake)
[0.912s] -- Found geometry_msgs: 2.0.4 (/opt/ros/foxy/share/geometry_msgs/cmake)
[0.953s] -- Using all available rosidl_typesupport_c: rosidl_typesupport_fastrtps_c;rosidl_typesupport_introspection_c
[0.967s] -- Found rosidl_adapter: 1.2.1 (/opt/ros/foxy/share/rosidl_adapter/cmake)
[1.069s] -- Found OpenSSL: /usr/lib/x86_64-linux-gnu/libcrypto.so (found version "1.1.1f")  
[1.094s] -- Found FastRTPS: /opt/ros/foxy/include  
[1.193s] -- Using all available rosidl_typesupport_cpp: rosidl_typesupport_fastrtps_cpp;rosidl_typesupport_introspection_cpp
[1.329s] -- Found rclcpp: 2.4.0 (/opt/ros/foxy/share/rclcpp/cmake)
[1.388s] -- Found rmw_implementation_cmake: 1.0.3 (/opt/ros/foxy/share/rmw_implementation_cmake/cmake)
[1.392s] -- Using RMW implementation 'rmw_fastrtps_cpp' as default
[1.394s] -- Looking for pthread.h
[1.459s] -- Looking for pthread.h - found
[1.459s] -- Performing Test CMAKE_HAVE_LIBC_PTHREAD
[1.517s] -- Performing Test CMAKE_HAVE_LIBC_PTHREAD - Failed
[1.519s] -- Looking for pthread_create in pthreads
[1.570s] -- Looking for pthread_create in pthreads - not found
[1.570s] -- Looking for pthread_create in pthread
[1.621s] -- Looking for pthread_create in pthread - found
[1.621s] -- Found Threads: TRUE  
[1.747s] -- Found rclcpp_action: 2.4.0 (/opt/ros/foxy/share/rclcpp_action/cmake)
[1.820s] -- Found rosidl_default_generators: 1.0.1 (/opt/ros/foxy/share/rosidl_default_generators/cmake)
[1.833s] -- Found std_srvs: 2.0.4 (/opt/ros/foxy/share/std_srvs/cmake)
[1.859s] -- Found PythonInterp: /usr/bin/python3 (found version "3.8.10") 
[1.988s] -- Found ament_cmake_ros: 0.9.2 (/opt/ros/foxy/share/ament_cmake_ros/cmake)
[2.086s] -- Using all available rosidl_typesupport_c: rosidl_typesupport_fastrtps_c;rosidl_typesupport_introspection_c
[2.106s] -- Using all available rosidl_typesupport_cpp: rosidl_typesupport_fastrtps_cpp;rosidl_typesupport_introspection_cpp
[2.122s] -- Found PythonInterp: /usr/bin/python3 (found suitable version "3.8.10", minimum required is "3.5") 
[2.124s] -- Found python_cmake_module: 0.8.1 (/opt/ros/foxy/share/python_cmake_module/cmake)
[2.144s] -- Found PythonLibs: /usr/lib/x86_64-linux-gnu/libpython3.8.so (found suitable version "3.8.10", minimum required is "3.5") 
[2.144s] -- Using PYTHON_EXECUTABLE: /usr/bin/python3
[2.145s] -- Using PYTHON_INCLUDE_DIRS: /usr/include/python3.8
[2.145s] -- Using PYTHON_LIBRARIES: /usr/lib/x86_64-linux-gnu/libpython3.8.so
[2.164s] -- Found PythonExtra: .so  
[2.220s] -- Configuring done
[2.282s] -- Generating done
[2.284s] -- Build files have been written to: /home/usama/autoronto/coding_test/build/turtlesim
[2.292s] Invoked command in '/home/usama/autoronto/coding_test/build/turtlesim' returned '0': CMAKE_PREFIX_PATH=/opt/ros/foxy /usr/bin/cmake /home/usama/autoronto/coding_test/src/ros_tutorials/turtlesim -DCMAKE_INSTALL_PREFIX=/home/usama/autoronto/coding_test/install/turtlesim
[2.295s] Invoking command in '/home/usama/autoronto/coding_test/build/turtlesim': CMAKE_PREFIX_PATH=/opt/ros/foxy /usr/bin/cmake --build /home/usama/autoronto/coding_test/build/turtlesim -- -j8 -l8
[2.328s] [  1%] [34m[1mGenerating C code for ROS interfaces[0m
[2.328s] [35m[1mScanning dependencies of target turtlesim__cpp[0m
[2.336s] [  2%] [34m[1mGenerating C++ code for ROS interfaces[0m
[2.839s] [35m[1mScanning dependencies of target turtlesim__rosidl_generator_c[0m
[2.864s] [  3%] [32mBuilding C object CMakeFiles/turtlesim__rosidl_generator_c.dir/rosidl_generator_c/turtlesim/action/detail/rotate_absolute__functions.c.o[0m
[2.866s] [  4%] [32mBuilding C object CMakeFiles/turtlesim__rosidl_generator_c.dir/rosidl_generator_c/turtlesim/msg/detail/color__functions.c.o[0m
[2.866s] [  5%] [32mBuilding C object CMakeFiles/turtlesim__rosidl_generator_c.dir/rosidl_generator_c/turtlesim/msg/detail/pose__functions.c.o[0m
[2.868s] [  5%] Built target turtlesim__cpp
[2.869s] [  6%] [32mBuilding C object CMakeFiles/turtlesim__rosidl_generator_c.dir/rosidl_generator_c/turtlesim/srv/detail/teleport_absolute__functions.c.o[0m
[2.869s] [  7%] [32mBuilding C object CMakeFiles/turtlesim__rosidl_generator_c.dir/rosidl_generator_c/turtlesim/srv/detail/spawn__functions.c.o[0m
[2.870s] [  8%] [32mBuilding C object CMakeFiles/turtlesim__rosidl_generator_c.dir/rosidl_generator_c/turtlesim/srv/detail/kill__functions.c.o[0m
[2.870s] [  9%] [32mBuilding C object CMakeFiles/turtlesim__rosidl_generator_c.dir/rosidl_generator_c/turtlesim/srv/detail/set_pen__functions.c.o[0m
[2.883s] [ 10%] [34m[1mGenerating C++ type support dispatch for ROS interfaces[0m
[2.934s] [ 11%] [34m[1mGenerating C++ introspection for ROS interfaces[0m
[2.936s] [ 12%] [32mBuilding C object CMakeFiles/turtlesim__rosidl_generator_c.dir/rosidl_generator_c/turtlesim/srv/detail/teleport_relative__functions.c.o[0m
[2.940s] [ 13%] [34m[1mGenerating C++ type support for eProsima Fast-RTPS[0m
[2.970s] [ 14%] [32m[1mLinking C shared library libturtlesim__rosidl_generator_c.so[0m
[3.014s] [ 14%] Built target turtlesim__rosidl_generator_c
[3.023s] [ 15%] [34m[1mGenerating C type support dispatch for ROS interfaces[0m
[3.023s] [ 16%] [34m[1mGenerating C introspection for ROS interfaces[0m
[3.257s] [35m[1mScanning dependencies of target turtlesim__rosidl_typesupport_cpp[0m
[3.286s] [ 19%] [32mBuilding CXX object CMakeFiles/turtlesim__rosidl_typesupport_cpp.dir/rosidl_typesupport_cpp/turtlesim/action/rotate_absolute__type_support.cpp.o[0m
[3.286s] [ 19%] [32mBuilding CXX object CMakeFiles/turtlesim__rosidl_typesupport_cpp.dir/rosidl_typesupport_cpp/turtlesim/msg/pose__type_support.cpp.o[0m
[3.286s] [ 19%] [32mBuilding CXX object CMakeFiles/turtlesim__rosidl_typesupport_cpp.dir/rosidl_typesupport_cpp/turtlesim/msg/color__type_support.cpp.o[0m
[3.287s] [ 20%] [32mBuilding CXX object CMakeFiles/turtlesim__rosidl_typesupport_cpp.dir/rosidl_typesupport_cpp/turtlesim/srv/kill__type_support.cpp.o[0m
[3.417s] [35m[1mScanning dependencies of target turtlesim__rosidl_typesupport_c[0m
[3.433s] [ 21%] [32mBuilding CXX object CMakeFiles/turtlesim__rosidl_typesupport_c.dir/rosidl_typesupport_c/turtlesim/action/rotate_absolute__type_support.cpp.o[0m
[3.471s] [35m[1mScanning dependencies of target turtlesim__rosidl_typesupport_introspection_cpp[0m
[3.477s] [ 22%] [32mBuilding CXX object CMakeFiles/turtlesim__rosidl_typesupport_c.dir/rosidl_typesupport_c/turtlesim/msg/color__type_support.cpp.o[0m
[3.489s] [ 23%] [32mBuilding CXX object CMakeFiles/turtlesim__rosidl_typesupport_introspection_cpp.dir/rosidl_typesupport_introspection_cpp/turtlesim/action/detail/rotate_absolute__type_support.cpp.o[0m
[3.529s] [ 24%] [32mBuilding CXX object CMakeFiles/turtlesim__rosidl_typesupport_c.dir/rosidl_typesupport_c/turtlesim/msg/pose__type_support.cpp.o[0m
[3.567s] [ 25%] [32mBuilding CXX object CMakeFiles/turtlesim__rosidl_typesupport_c.dir/rosidl_typesupport_c/turtlesim/srv/kill__type_support.cpp.o[0m
[3.592s] [ 26%] [32mBuilding CXX object CMakeFiles/turtlesim__rosidl_typesupport_c.dir/rosidl_typesupport_c/turtlesim/srv/set_pen__type_support.cpp.o[0m
[3.594s] [ 27%] [32mBuilding CXX object CMakeFiles/turtlesim__rosidl_typesupport_cpp.dir/rosidl_typesupport_cpp/turtlesim/srv/set_pen__type_support.cpp.o[0m
[3.623s] [ 28%] [32mBuilding CXX object CMakeFiles/turtlesim__rosidl_typesupport_c.dir/rosidl_typesupport_c/turtlesim/srv/spawn__type_support.cpp.o[0m
[3.625s] [ 29%] [32mBuilding CXX object CMakeFiles/turtlesim__rosidl_typesupport_cpp.dir/rosidl_typesupport_cpp/turtlesim/srv/spawn__type_support.cpp.o[0m
[3.635s] [35m[1mScanning dependencies of target turtlesim__rosidl_typesupport_introspection_c[0m
[3.641s] [ 30%] [32mBuilding CXX object CMakeFiles/turtlesim__rosidl_typesupport_cpp.dir/rosidl_typesupport_cpp/turtlesim/srv/teleport_absolute__type_support.cpp.o[0m
[3.655s] [ 31%] [32mBuilding CXX object CMakeFiles/turtlesim__rosidl_typesupport_c.dir/rosidl_typesupport_c/turtlesim/srv/teleport_absolute__type_support.cpp.o[0m
[3.657s] [ 32%] [32mBuilding C object CMakeFiles/turtlesim__rosidl_typesupport_introspection_c.dir/rosidl_typesupport_introspection_c/turtlesim/action/detail/rotate_absolute__type_support.c.o[0m
[3.673s] [ 33%] [32mBuilding CXX object CMakeFiles/turtlesim__rosidl_typesupport_cpp.dir/rosidl_typesupport_cpp/turtlesim/srv/teleport_relative__type_support.cpp.o[0m
[3.690s] [ 34%] [32mBuilding CXX object CMakeFiles/turtlesim__rosidl_typesupport_c.dir/rosidl_typesupport_c/turtlesim/srv/teleport_relative__type_support.cpp.o[0m
[3.702s] [ 35%] [32mBuilding C object CMakeFiles/turtlesim__rosidl_typesupport_introspection_c.dir/rosidl_typesupport_introspection_c/turtlesim/msg/detail/color__type_support.c.o[0m
[3.715s] [ 36%] [32m[1mLinking CXX shared library libturtlesim__rosidl_typesupport_c.so[0m
[3.729s] [ 37%] [32mBuilding C object CMakeFiles/turtlesim__rosidl_typesupport_introspection_c.dir/rosidl_typesupport_introspection_c/turtlesim/msg/detail/pose__type_support.c.o[0m
[3.749s] [35m[1mScanning dependencies of target turtlesim__rosidl_typesupport_fastrtps_cpp[0m
[3.768s] [ 37%] Built target turtlesim__rosidl_typesupport_c
[3.776s] [ 38%] [32mBuilding CXX object CMakeFiles/turtlesim__rosidl_typesupport_introspection_cpp.dir/rosidl_typesupport_introspection_cpp/turtlesim/msg/detail/color__type_support.cpp.o[0m
[3.786s] [ 39%] [32mBuilding C object CMakeFiles/turtlesim__rosidl_typesupport_introspection_c.dir/rosidl_typesupport_introspection_c/turtlesim/srv/detail/kill__type_support.c.o[0m
[3.794s] [ 40%] [32mBuilding CXX object CMakeFiles/turtlesim__rosidl_typesupport_introspection_cpp.dir/rosidl_typesupport_introspection_cpp/turtlesim/msg/detail/pose__type_support.cpp.o[0m
[3.807s] [ 41%] [32mBuilding CXX object CMakeFiles/turtlesim__rosidl_typesupport_fastrtps_cpp.dir/rosidl_typesupport_fastrtps_cpp/turtlesim/action/detail/dds_fastrtps/rotate_absolute__type_support.cpp.o[0m
[3.818s] [ 42%] [32mBuilding C object CMakeFiles/turtlesim__rosidl_typesupport_introspection_c.dir/rosidl_typesupport_introspection_c/turtlesim/srv/detail/set_pen__type_support.c.o[0m
[3.865s] [ 43%] [32mBuilding CXX object CMakeFiles/turtlesim__rosidl_typesupport_fastrtps_cpp.dir/rosidl_typesupport_fastrtps_cpp/turtlesim/msg/detail/dds_fastrtps/color__type_support.cpp.o[0m
[3.900s] [ 44%] [32mBuilding CXX object CMakeFiles/turtlesim__rosidl_typesupport_introspection_cpp.dir/rosidl_typesupport_introspection_cpp/turtlesim/srv/detail/kill__type_support.cpp.o[0m
[3.914s] [ 45%] [32mBuilding C object CMakeFiles/turtlesim__rosidl_typesupport_introspection_c.dir/rosidl_typesupport_introspection_c/turtlesim/srv/detail/spawn__type_support.c.o[0m
[3.918s] [ 46%] [32mBuilding C object CMakeFiles/turtlesim__rosidl_typesupport_introspection_c.dir/rosidl_typesupport_introspection_c/turtlesim/srv/detail/teleport_absolute__type_support.c.o[0m
[3.948s] [ 47%] [32mBuilding C object CMakeFiles/turtlesim__rosidl_typesupport_introspection_c.dir/rosidl_typesupport_introspection_c/turtlesim/srv/detail/teleport_relative__type_support.c.o[0m
[3.951s] [ 48%] [32mBuilding CXX object CMakeFiles/turtlesim__rosidl_typesupport_introspection_cpp.dir/rosidl_typesupport_introspection_cpp/turtlesim/srv/detail/set_pen__type_support.cpp.o[0m
[3.959s] [ 49%] [32m[1mLinking CXX shared library libturtlesim__rosidl_typesupport_cpp.so[0m
[4.001s] [ 50%] [32mBuilding CXX object CMakeFiles/turtlesim__rosidl_typesupport_introspection_cpp.dir/rosidl_typesupport_introspection_cpp/turtlesim/srv/detail/spawn__type_support.cpp.o[0m
[4.001s] [ 51%] [32m[1mLinking C shared library libturtlesim__rosidl_typesupport_introspection_c.so[0m
[4.002s] [ 51%] Built target turtlesim__rosidl_typesupport_cpp
[4.008s] [ 52%] [32mBuilding CXX object CMakeFiles/turtlesim__rosidl_typesupport_fastrtps_cpp.dir/rosidl_typesupport_fastrtps_cpp/turtlesim/msg/detail/dds_fastrtps/pose__type_support.cpp.o[0m
[4.080s] [ 52%] Built target turtlesim__rosidl_typesupport_introspection_c
[4.080s] [ 53%] [32mBuilding CXX object CMakeFiles/turtlesim__rosidl_typesupport_introspection_cpp.dir/rosidl_typesupport_introspection_cpp/turtlesim/srv/detail/teleport_absolute__type_support.cpp.o[0m
[4.088s] [ 54%] [32mBuilding CXX object CMakeFiles/turtlesim__rosidl_typesupport_introspection_cpp.dir/rosidl_typesupport_introspection_cpp/turtlesim/srv/detail/teleport_relative__type_support.cpp.o[0m
[4.160s] [ 55%] [32mBuilding CXX object CMakeFiles/turtlesim__rosidl_typesupport_fastrtps_cpp.dir/rosidl_typesupport_fastrtps_cpp/turtlesim/srv/detail/dds_fastrtps/kill__type_support.cpp.o[0m
[4.217s] [ 56%] [32mBuilding CXX object CMakeFiles/turtlesim__rosidl_typesupport_fastrtps_cpp.dir/rosidl_typesupport_fastrtps_cpp/turtlesim/srv/detail/dds_fastrtps/set_pen__type_support.cpp.o[0m
[4.244s] [ 57%] [32mBuilding CXX object CMakeFiles/turtlesim__rosidl_typesupport_fastrtps_cpp.dir/rosidl_typesupport_fastrtps_cpp/turtlesim/srv/detail/dds_fastrtps/spawn__type_support.cpp.o[0m
[4.275s] [ 58%] [32mBuilding CXX object CMakeFiles/turtlesim__rosidl_typesupport_fastrtps_cpp.dir/rosidl_typesupport_fastrtps_cpp/turtlesim/srv/detail/dds_fastrtps/teleport_absolute__type_support.cpp.o[0m
[4.294s] [ 59%] [32mBuilding CXX object CMakeFiles/turtlesim__rosidl_typesupport_fastrtps_cpp.dir/rosidl_typesupport_fastrtps_cpp/turtlesim/srv/detail/dds_fastrtps/teleport_relative__type_support.cpp.o[0m
[4.369s] [ 60%] [32m[1mLinking CXX shared library libturtlesim__rosidl_typesupport_introspection_cpp.so[0m
[4.431s] [ 60%] Built target turtlesim__rosidl_typesupport_introspection_cpp
[4.664s] [ 61%] [32m[1mLinking CXX shared library libturtlesim__rosidl_typesupport_fastrtps_cpp.so[0m
[4.730s] [ 61%] Built target turtlesim__rosidl_typesupport_fastrtps_cpp
[4.743s] [ 62%] [34m[1mGenerating C type support for eProsima Fast-RTPS[0m
[5.196s] [35m[1mScanning dependencies of target turtlesim__rosidl_typesupport_fastrtps_c[0m
[5.227s] [ 66%] [32mBuilding CXX object CMakeFiles/turtlesim__rosidl_typesupport_fastrtps_c.dir/rosidl_typesupport_fastrtps_c/turtlesim/srv/detail/set_pen__type_support_c.cpp.o[0m
[5.227s] [ 66%] [32mBuilding CXX object CMakeFiles/turtlesim__rosidl_typesupport_fastrtps_c.dir/rosidl_typesupport_fastrtps_c/turtlesim/msg/detail/pose__type_support_c.cpp.o[0m
[5.227s] [ 66%] [32mBuilding CXX object CMakeFiles/turtlesim__rosidl_typesupport_fastrtps_c.dir/rosidl_typesupport_fastrtps_c/turtlesim/msg/detail/color__type_support_c.cpp.o[0m
[5.227s] [ 66%] [32mBuilding CXX object CMakeFiles/turtlesim__rosidl_typesupport_fastrtps_c.dir/rosidl_typesupport_fastrtps_c/turtlesim/action/detail/rotate_absolute__type_support_c.cpp.o[0m
[5.227s] [ 67%] [32mBuilding CXX object CMakeFiles/turtlesim__rosidl_typesupport_fastrtps_c.dir/rosidl_typesupport_fastrtps_c/turtlesim/srv/detail/kill__type_support_c.cpp.o[0m
[5.227s] [ 68%] [32mBuilding CXX object CMakeFiles/turtlesim__rosidl_typesupport_fastrtps_c.dir/rosidl_typesupport_fastrtps_c/turtlesim/srv/detail/teleport_absolute__type_support_c.cpp.o[0m
[5.229s] [ 69%] [32mBuilding CXX object CMakeFiles/turtlesim__rosidl_typesupport_fastrtps_c.dir/rosidl_typesupport_fastrtps_c/turtlesim/srv/detail/spawn__type_support_c.cpp.o[0m
[5.234s] [ 70%] [32mBuilding CXX object CMakeFiles/turtlesim__rosidl_typesupport_fastrtps_c.dir/rosidl_typesupport_fastrtps_c/turtlesim/srv/detail/teleport_relative__type_support_c.cpp.o[0m
[5.595s] [ 71%] [32m[1mLinking CXX shared library libturtlesim__rosidl_typesupport_fastrtps_c.so[0m
[5.657s] [ 71%] Built target turtlesim__rosidl_typesupport_fastrtps_c
[5.664s] [35m[1mScanning dependencies of target turtlesim[0m
[5.671s] [ 71%] Built target turtlesim
[5.681s] [ 72%] [34m[1mGenerating include/turtlesim/moc_turtle_frame.cpp[0m
[5.684s] [35m[1mScanning dependencies of target draw_square[0m
[5.684s] [35m[1mScanning dependencies of target mimic[0m
[5.684s] [35m[1mScanning dependencies of target turtlesim__py[0m
[5.684s] [35m[1mScanning dependencies of target turtle_teleop_key[0m
[5.697s] [ 73%] [34m[1mGenerating Python code for ROS interfaces[0m
[5.813s] [35m[1mScanning dependencies of target turtlesim_node[0m
[5.899s] [ 74%] [32mBuilding CXX object CMakeFiles/mimic.dir/tutorials/mimic.cpp.o[0m
[5.899s] [ 75%] [32mBuilding CXX object CMakeFiles/turtle_teleop_key.dir/tutorials/teleop_turtle_key.cpp.o[0m
[5.900s] [ 76%] [32mBuilding CXX object CMakeFiles/draw_square.dir/tutorials/draw_square.cpp.o[0m
[5.919s] [ 77%] [32mBuilding CXX object CMakeFiles/turtlesim_node.dir/src/turtlesim.cpp.o[0m
[5.920s] [ 78%] [32mBuilding CXX object CMakeFiles/turtlesim_node.dir/src/turtle.cpp.o[0m
[5.945s] [ 80%] [32mBuilding CXX object CMakeFiles/turtlesim_node.dir/include/turtlesim/moc_turtle_frame.cpp.o[0m
[5.945s] [ 80%] [32mBuilding CXX object CMakeFiles/turtlesim_node.dir/src/turtle_frame.cpp.o[0m
[7.621s] [ 80%] Built target turtlesim__py
[7.631s] [35m[1mScanning dependencies of target turtlesim__python[0m
[7.939s] [ 81%] [32mBuilding C object CMakeFiles/turtlesim__python.dir/rosidl_generator_py/turtlesim/action/_rotate_absolute_s.c.o[0m
[8.386s] [ 82%] [32mBuilding C object CMakeFiles/turtlesim__python.dir/rosidl_generator_py/turtlesim/msg/_color_s.c.o[0m
[8.618s] [ 83%] [32mBuilding C object CMakeFiles/turtlesim__python.dir/rosidl_generator_py/turtlesim/msg/_pose_s.c.o[0m
[8.767s] [ 84%] [32mBuilding C object CMakeFiles/turtlesim__python.dir/rosidl_generator_py/turtlesim/srv/_kill_s.c.o[0m
[8.908s] [ 85%] [32mBuilding C object CMakeFiles/turtlesim__python.dir/rosidl_generator_py/turtlesim/srv/_set_pen_s.c.o[0m
[9.064s] [ 86%] [32mBuilding C object CMakeFiles/turtlesim__python.dir/rosidl_generator_py/turtlesim/srv/_spawn_s.c.o[0m
[9.074s] [ 87%] [32mBuilding C object CMakeFiles/turtlesim__python.dir/rosidl_generator_py/turtlesim/srv/_teleport_absolute_s.c.o[0m
[9.122s] [ 88%] [32mBuilding C object CMakeFiles/turtlesim__python.dir/rosidl_generator_py/turtlesim/srv/_teleport_relative_s.c.o[0m
[9.427s] [ 89%] [32m[1mLinking C shared library rosidl_generator_py/turtlesim/libturtlesim__python.so[0m
[9.528s] [ 89%] Built target turtlesim__python
[9.548s] [35m[1mScanning dependencies of target turtlesim__rosidl_typesupport_c__pyext[0m
[9.548s] [35m[1mScanning dependencies of target turtlesim__rosidl_typesupport_fastrtps_c__pyext[0m
[9.548s] [35m[1mScanning dependencies of target turtlesim__rosidl_typesupport_introspection_c__pyext[0m
[9.599s] [ 90%] [32mBuilding C object CMakeFiles/turtlesim__rosidl_typesupport_introspection_c__pyext.dir/rosidl_generator_py/turtlesim/_turtlesim_s.ep.rosidl_typesupport_introspection_c.c.o[0m
[9.601s] [ 91%] [32mBuilding C object CMakeFiles/turtlesim__rosidl_typesupport_fastrtps_c__pyext.dir/rosidl_generator_py/turtlesim/_turtlesim_s.ep.rosidl_typesupport_fastrtps_c.c.o[0m
[9.612s] [ 92%] [32mBuilding C object CMakeFiles/turtlesim__rosidl_typesupport_c__pyext.dir/rosidl_generator_py/turtlesim/_turtlesim_s.ep.rosidl_typesupport_c.c.o[0m
[9.723s] [ 93%] [32m[1mLinking C shared library rosidl_generator_py/turtlesim/turtlesim_s__rosidl_typesupport_introspection_c.cpython-38-x86_64-linux-gnu.so[0m
[9.763s] [ 94%] [32m[1mLinking C shared library rosidl_generator_py/turtlesim/turtlesim_s__rosidl_typesupport_c.cpython-38-x86_64-linux-gnu.so[0m
[9.787s] [ 94%] Built target turtlesim__rosidl_typesupport_introspection_c__pyext
[9.808s] [ 94%] Built target turtlesim__rosidl_typesupport_c__pyext
[9.827s] [ 95%] [32m[1mLinking CXX shared library rosidl_generator_py/turtlesim/turtlesim_s__rosidl_typesupport_fastrtps_c.cpython-38-x86_64-linux-gnu.so[0m
[9.912s] [ 95%] Built target turtlesim__rosidl_typesupport_fastrtps_c__pyext
[10.360s] [ 96%] [32m[1mLinking CXX executable turtle_teleop_key[0m
[10.596s] [ 96%] Built target turtle_teleop_key
[11.643s] [ 97%] [32m[1mLinking CXX executable draw_square[0m
[11.722s] [ 98%] [32m[1mLinking CXX executable mimic[0m
[11.853s] [ 98%] Built target draw_square
[11.909s] [ 98%] Built target mimic
[13.363s] [100%] [32m[1mLinking CXX executable turtlesim_node[0m
[14.342s] [100%] Built target turtlesim_node
[14.360s] Invoked command in '/home/usama/autoronto/coding_test/build/turtlesim' returned '0': CMAKE_PREFIX_PATH=/opt/ros/foxy /usr/bin/cmake --build /home/usama/autoronto/coding_test/build/turtlesim -- -j8 -l8
[14.535s] Invoking command in '/home/usama/autoronto/coding_test/build/turtlesim': CMAKE_PREFIX_PATH=/opt/ros/foxy /usr/bin/cmake --install /home/usama/autoronto/coding_test/build/turtlesim
[14.544s] -- Install configuration: ""
[14.547s] -- Installing: /home/usama/autoronto/coding_test/install/turtlesim/share/ament_index/resource_index/rosidl_interfaces/turtlesim
[14.547s] -- Installing: /home/usama/autoronto/coding_test/install/turtlesim/include/turtlesim
[14.547s] -- Installing: /home/usama/autoronto/coding_test/install/turtlesim/include/turtlesim/srv
[14.547s] -- Installing: /home/usama/autoronto/coding_test/install/turtlesim/include/turtlesim/srv/set_pen.h
[14.548s] -- Installing: /home/usama/autoronto/coding_test/install/turtlesim/include/turtlesim/srv/teleport_absolute.h
[14.548s] -- Installing: /home/usama/autoronto/coding_test/install/turtlesim/include/turtlesim/srv/detail
[14.548s] -- Installing: /home/usama/autoronto/coding_test/install/turtlesim/include/turtlesim/srv/detail/teleport_relative__functions.h
[14.548s] -- Installing: /home/usama/autoronto/coding_test/install/turtlesim/include/turtlesim/srv/detail/teleport_absolute__functions.c
[14.549s] -- Installing: /home/usama/autoronto/coding_test/install/turtlesim/include/turtlesim/srv/detail/teleport_relative__functions.c
[14.549s] -- Installing: /home/usama/autoronto/coding_test/install/turtlesim/include/turtlesim/srv/detail/set_pen__struct.h
[14.549s] -- Installing: /home/usama/autoronto/coding_test/install/turtlesim/include/turtlesim/srv/detail/teleport_absolute__struct.h
[14.550s] -- Installing: /home/usama/autoronto/coding_test/install/turtlesim/include/turtlesim/srv/detail/kill__struct.h
[14.550s] -- Installing: /home/usama/autoronto/coding_test/install/turtlesim/include/turtlesim/srv/detail/kill__type_support.h
[14.550s] -- Installing: /home/usama/autoronto/coding_test/install/turtlesim/include/turtlesim/srv/detail/teleport_absolute__functions.h
[14.551s] -- Installing: /home/usama/autoronto/coding_test/install/turtlesim/include/turtlesim/srv/detail/spawn__struct.h
[14.551s] -- Installing: /home/usama/autoronto/coding_test/install/turtlesim/include/turtlesim/srv/detail/set_pen__functions.h
[14.551s] -- Installing: /home/usama/autoronto/coding_test/install/turtlesim/include/turtlesim/srv/detail/teleport_relative__struct.h
[14.551s] -- Installing: /home/usama/autoronto/coding_test/install/turtlesim/include/turtlesim/srv/detail/set_pen__type_support.h
[14.551s] -- Installing: /home/usama/autoronto/coding_test/install/turtlesim/include/turtlesim/srv/detail/set_pen__functions.c
[14.551s] -- Installing: /home/usama/autoronto/coding_test/install/turtlesim/include/turtlesim/srv/detail/teleport_absolute__type_support.h
[14.551s] -- Installing: /home/usama/autoronto/coding_test/install/turtlesim/include/turtlesim/srv/detail/spawn__functions.c
[14.551s] -- Installing: /home/usama/autoronto/coding_test/install/turtlesim/include/turtlesim/srv/detail/kill__functions.c
[14.552s] -- Installing: /home/usama/autoronto/coding_test/install/turtlesim/include/turtlesim/srv/detail/teleport_relative__type_support.h
[14.552s] -- Installing: /home/usama/autoronto/coding_test/install/turtlesim/include/turtlesim/srv/detail/spawn__functions.h
[14.552s] -- Installing: /home/usama/autoronto/coding_test/install/turtlesim/include/turtlesim/srv/detail/kill__functions.h
[14.552s] -- Installing: /home/usama/autoronto/coding_test/install/turtlesim/include/turtlesim/srv/detail/spawn__type_support.h
[14.553s] -- Installing: /home/usama/autoronto/coding_test/install/turtlesim/include/turtlesim/srv/kill.h
[14.553s] -- Installing: /home/usama/autoronto/coding_test/install/turtlesim/include/turtlesim/srv/spawn.h
[14.553s] -- Installing: /home/usama/autoronto/coding_test/install/turtlesim/include/turtlesim/srv/teleport_relative.h
[14.554s] -- Installing: /home/usama/autoronto/coding_test/install/turtlesim/include/turtlesim/action
[14.555s] -- Installing: /home/usama/autoronto/coding_test/install/turtlesim/include/turtlesim/action/detail
[14.556s] -- Installing: /home/usama/autoronto/coding_test/install/turtlesim/include/turtlesim/action/detail/rotate_absolute__functions.h
[14.556s] -- Installing: /home/usama/autoronto/coding_test/install/turtlesim/include/turtlesim/action/detail/rotate_absolute__struct.h
[14.556s] -- Installing: /home/usama/autoronto/coding_test/install/turtlesim/include/turtlesim/action/detail/rotate_absolute__type_support.h
[14.556s] -- Installing: /home/usama/autoronto/coding_test/install/turtlesim/include/turtlesim/action/detail/rotate_absolute__functions.c
[14.556s] -- Installing: /home/usama/autoronto/coding_test/install/turtlesim/include/turtlesim/action/rotate_absolute.h
[14.556s] -- Installing: /home/usama/autoronto/coding_test/install/turtlesim/include/turtlesim/msg
[14.556s] -- Installing: /home/usama/autoronto/coding_test/install/turtlesim/include/turtlesim/msg/detail
[14.557s] -- Installing: /home/usama/autoronto/coding_test/install/turtlesim/include/turtlesim/msg/detail/pose__functions.h
[14.557s] -- Installing: /home/usama/autoronto/coding_test/install/turtlesim/include/turtlesim/msg/detail/pose__type_support.h
[14.557s] -- Installing: /home/usama/autoronto/coding_test/install/turtlesim/include/turtlesim/msg/detail/color__functions.h
[14.557s] -- Installing: /home/usama/autoronto/coding_test/install/turtlesim/include/turtlesim/msg/detail/color__functions.c
[14.557s] -- Installing: /home/usama/autoronto/coding_test/install/turtlesim/include/turtlesim/msg/detail/color__struct.h
[14.558s] -- Installing: /home/usama/autoronto/coding_test/install/turtlesim/include/turtlesim/msg/detail/pose__struct.h
[14.558s] -- Installing: /home/usama/autoronto/coding_test/install/turtlesim/include/turtlesim/msg/detail/color__type_support.h
[14.558s] -- Installing: /home/usama/autoronto/coding_test/install/turtlesim/include/turtlesim/msg/detail/pose__functions.c
[14.558s] -- Installing: /home/usama/autoronto/coding_test/install/turtlesim/include/turtlesim/msg/rosidl_generator_c__visibility_control.h
[14.558s] -- Installing: /home/usama/autoronto/coding_test/install/turtlesim/include/turtlesim/msg/color.h
[14.559s] -- Installing: /home/usama/autoronto/coding_test/install/turtlesim/include/turtlesim/msg/pose.h
[14.560s] -- Installing: /home/usama/autoronto/coding_test/install/turtlesim/share/turtlesim/environment/library_path.sh
[14.561s] -- Installing: /home/usama/autoronto/coding_test/install/turtlesim/share/turtlesim/environment/library_path.dsv
[14.561s] -- Installing: /home/usama/autoronto/coding_test/install/turtlesim/lib/libturtlesim__rosidl_generator_c.so
[14.562s] -- Set runtime path of "/home/usama/autoronto/coding_test/install/turtlesim/lib/libturtlesim__rosidl_generator_c.so" to ""
[14.562s] -- Up-to-date: /home/usama/autoronto/coding_test/install/turtlesim/include/turtlesim
[14.563s] -- Up-to-date: /home/usama/autoronto/coding_test/install/turtlesim/include/turtlesim/srv
[14.563s] -- Up-to-date: /home/usama/autoronto/coding_test/install/turtlesim/include/turtlesim/srv/detail
[14.563s] -- Installing: /home/usama/autoronto/coding_test/install/turtlesim/include/turtlesim/srv/detail/teleport_absolute__rosidl_typesupport_fastrtps_c.h
[14.563s] -- Installing: /home/usama/autoronto/coding_test/install/turtlesim/include/turtlesim/srv/detail/teleport_relative__rosidl_typesupport_fastrtps_c.h
[14.563s] -- Installing: /home/usama/autoronto/coding_test/install/turtlesim/include/turtlesim/srv/detail/kill__rosidl_typesupport_fastrtps_c.h
[14.564s] -- Installing: /home/usama/autoronto/coding_test/install/turtlesim/include/turtlesim/srv/detail/spawn__rosidl_typesupport_fastrtps_c.h
[14.564s] -- Installing: /home/usama/autoronto/coding_test/install/turtlesim/include/turtlesim/srv/detail/set_pen__rosidl_typesupport_fastrtps_c.h
[14.564s] -- Up-to-date: /home/usama/autoronto/coding_test/install/turtlesim/include/turtlesim/action
[14.564s] -- Up-to-date: /home/usama/autoronto/coding_test/install/turtlesim/include/turtlesim/action/detail
[14.564s] -- Installing: /home/usama/autoronto/coding_test/install/turtlesim/include/turtlesim/action/detail/rotate_absolute__rosidl_typesupport_fastrtps_c.h
[14.565s] -- Up-to-date: /home/usama/autoronto/coding_test/install/turtlesim/include/turtlesim/msg
[14.565s] -- Up-to-date: /home/usama/autoronto/coding_test/install/turtlesim/include/turtlesim/msg/detail
[14.565s] -- Installing: /home/usama/autoronto/coding_test/install/turtlesim/include/turtlesim/msg/detail/color__rosidl_typesupport_fastrtps_c.h
[14.565s] -- Installing: /home/usama/autoronto/coding_test/install/turtlesim/include/turtlesim/msg/detail/pose__rosidl_typesupport_fastrtps_c.h
[14.566s] -- Installing: /home/usama/autoronto/coding_test/install/turtlesim/include/turtlesim/msg/rosidl_typesupport_fastrtps_c__visibility_control.h
[14.567s] -- Installing: /home/usama/autoronto/coding_test/install/turtlesim/lib/libturtlesim__rosidl_typesupport_fastrtps_c.so
[14.568s] -- Set runtime path of "/home/usama/autoronto/coding_test/install/turtlesim/lib/libturtlesim__rosidl_typesupport_fastrtps_c.so" to ""
[14.568s] -- Up-to-date: /home/usama/autoronto/coding_test/install/turtlesim/include/turtlesim
[14.568s] -- Up-to-date: /home/usama/autoronto/coding_test/install/turtlesim/include/turtlesim/srv
[14.568s] -- Up-to-date: /home/usama/autoronto/coding_test/install/turtlesim/include/turtlesim/srv/detail
[14.569s] -- Installing: /home/usama/autoronto/coding_test/install/turtlesim/include/turtlesim/srv/detail/teleport_absolute__rosidl_typesupport_fastrtps_cpp.hpp
[14.569s] -- Installing: /home/usama/autoronto/coding_test/install/turtlesim/include/turtlesim/srv/detail/kill__rosidl_typesupport_fastrtps_cpp.hpp
[14.570s] -- Installing: /home/usama/autoronto/coding_test/install/turtlesim/include/turtlesim/srv/detail/teleport_relative__rosidl_typesupport_fastrtps_cpp.hpp
[14.570s] -- Installing: /home/usama/autoronto/coding_test/install/turtlesim/include/turtlesim/srv/detail/dds_fastrtps
[14.570s] -- Installing: /home/usama/autoronto/coding_test/install/turtlesim/include/turtlesim/srv/detail/set_pen__rosidl_typesupport_fastrtps_cpp.hpp
[14.571s] -- Installing: /home/usama/autoronto/coding_test/install/turtlesim/include/turtlesim/srv/detail/spawn__rosidl_typesupport_fastrtps_cpp.hpp
[14.571s] -- Up-to-date: /home/usama/autoronto/coding_test/install/turtlesim/include/turtlesim/action
[14.572s] -- Up-to-date: /home/usama/autoronto/coding_test/install/turtlesim/include/turtlesim/action/detail
[14.572s] -- Installing: /home/usama/autoronto/coding_test/install/turtlesim/include/turtlesim/action/detail/rotate_absolute__rosidl_typesupport_fastrtps_cpp.hpp
[14.573s] -- Installing: /home/usama/autoronto/coding_test/install/turtlesim/include/turtlesim/action/detail/dds_fastrtps
[14.573s] -- Up-to-date: /home/usama/autoronto/coding_test/install/turtlesim/include/turtlesim/msg
[14.575s] -- Up-to-date: /home/usama/autoronto/coding_test/install/turtlesim/include/turtlesim/msg/detail
[14.575s] -- Installing: /home/usama/autoronto/coding_test/install/turtlesim/include/turtlesim/msg/detail/pose__rosidl_typesupport_fastrtps_cpp.hpp
[14.576s] -- Installing: /home/usama/autoronto/coding_test/install/turtlesim/include/turtlesim/msg/detail/color__rosidl_typesupport_fastrtps_cpp.hpp
[14.576s] -- Installing: /home/usama/autoronto/coding_test/install/turtlesim/include/turtlesim/msg/detail/dds_fastrtps
[14.576s] -- Installing: /home/usama/autoronto/coding_test/install/turtlesim/include/turtlesim/msg/rosidl_typesupport_fastrtps_cpp__visibility_control.h
[14.577s] -- Installing: /home/usama/autoronto/coding_test/install/turtlesim/lib/libturtlesim__rosidl_typesupport_fastrtps_cpp.so
[14.577s] -- Set runtime path of "/home/usama/autoronto/coding_test/install/turtlesim/lib/libturtlesim__rosidl_typesupport_fastrtps_cpp.so" to ""
[14.577s] -- Up-to-date: /home/usama/autoronto/coding_test/install/turtlesim/include/turtlesim
[14.578s] -- Up-to-date: /home/usama/autoronto/coding_test/install/turtlesim/include/turtlesim/srv
[14.578s] -- Up-to-date: /home/usama/autoronto/coding_test/install/turtlesim/include/turtlesim/srv/detail
[14.578s] -- Installing: /home/usama/autoronto/coding_test/install/turtlesim/include/turtlesim/srv/detail/spawn__type_support.c
[14.579s] -- Installing: /home/usama/autoronto/coding_test/install/turtlesim/include/turtlesim/srv/detail/kill__rosidl_typesupport_introspection_c.h
[14.579s] -- Installing: /home/usama/autoronto/coding_test/install/turtlesim/include/turtlesim/srv/detail/set_pen__rosidl_typesupport_introspection_c.h
[14.579s] -- Installing: /home/usama/autoronto/coding_test/install/turtlesim/include/turtlesim/srv/detail/teleport_relative__rosidl_typesupport_introspection_c.h
[14.580s] -- Installing: /home/usama/autoronto/coding_test/install/turtlesim/include/turtlesim/srv/detail/spawn__rosidl_typesupport_introspection_c.h
[14.580s] -- Installing: /home/usama/autoronto/coding_test/install/turtlesim/include/turtlesim/srv/detail/set_pen__type_support.c
[14.581s] -- Installing: /home/usama/autoronto/coding_test/install/turtlesim/include/turtlesim/srv/detail/teleport_absolute__type_support.c
[14.581s] -- Installing: /home/usama/autoronto/coding_test/install/turtlesim/include/turtlesim/srv/detail/kill__type_support.c
[14.582s] -- Installing: /home/usama/autoronto/coding_test/install/turtlesim/include/turtlesim/srv/detail/teleport_relative__type_support.c
[14.582s] -- Installing: /home/usama/autoronto/coding_test/install/turtlesim/include/turtlesim/srv/detail/teleport_absolute__rosidl_typesupport_introspection_c.h
[14.582s] -- Up-to-date: /home/usama/autoronto/coding_test/install/turtlesim/include/turtlesim/action
[14.583s] -- Up-to-date: /home/usama/autoronto/coding_test/install/turtlesim/include/turtlesim/action/detail
[14.583s] -- Installing: /home/usama/autoronto/coding_test/install/turtlesim/include/turtlesim/action/detail/rotate_absolute__rosidl_typesupport_introspection_c.h
[14.584s] -- Installing: /home/usama/autoronto/coding_test/install/turtlesim/include/turtlesim/action/detail/rotate_absolute__type_support.c
[14.584s] -- Up-to-date: /home/usama/autoronto/coding_test/install/turtlesim/include/turtlesim/msg
[14.585s] -- Up-to-date: /home/usama/autoronto/coding_test/install/turtlesim/include/turtlesim/msg/detail
[14.585s] -- Installing: /home/usama/autoronto/coding_test/install/turtlesim/include/turtlesim/msg/detail/pose__rosidl_typesupport_introspection_c.h
[14.586s] -- Installing: /home/usama/autoronto/coding_test/install/turtlesim/include/turtlesim/msg/detail/color__type_support.c
[14.587s] -- Installing: /home/usama/autoronto/coding_test/install/turtlesim/include/turtlesim/msg/detail/pose__type_support.c
[14.587s] -- Installing: /home/usama/autoronto/coding_test/install/turtlesim/include/turtlesim/msg/detail/color__rosidl_typesupport_introspection_c.h
[14.587s] -- Installing: /home/usama/autoronto/coding_test/install/turtlesim/include/turtlesim/msg/rosidl_typesupport_introspection_c__visibility_control.h
[14.588s] -- Installing: /home/usama/autoronto/coding_test/install/turtlesim/lib/libturtlesim__rosidl_typesupport_introspection_c.so
[14.588s] -- Set runtime path of "/home/usama/autoronto/coding_test/install/turtlesim/lib/libturtlesim__rosidl_typesupport_introspection_c.so" to ""
[14.588s] -- Installing: /home/usama/autoronto/coding_test/install/turtlesim/lib/libturtlesim__rosidl_typesupport_c.so
[14.589s] -- Set runtime path of "/home/usama/autoronto/coding_test/install/turtlesim/lib/libturtlesim__rosidl_typesupport_c.so" to ""
[14.589s] -- Up-to-date: /home/usama/autoronto/coding_test/install/turtlesim/include/turtlesim
[14.590s] -- Up-to-date: /home/usama/autoronto/coding_test/install/turtlesim/include/turtlesim/srv
[14.591s] -- Installing: /home/usama/autoronto/coding_test/install/turtlesim/include/turtlesim/srv/teleport_relative.hpp
[14.591s] -- Up-to-date: /home/usama/autoronto/coding_test/install/turtlesim/include/turtlesim/srv/detail
[14.592s] -- Installing: /home/usama/autoronto/coding_test/install/turtlesim/include/turtlesim/srv/detail/teleport_absolute__builder.hpp
[14.592s] -- Installing: /home/usama/autoronto/coding_test/install/turtlesim/include/turtlesim/srv/detail/spawn__struct.hpp
[14.593s] -- Installing: /home/usama/autoronto/coding_test/install/turtlesim/include/turtlesim/srv/detail/spawn__builder.hpp
[14.593s] -- Installing: /home/usama/autoronto/coding_test/install/turtlesim/include/turtlesim/srv/detail/set_pen__builder.hpp
[14.594s] -- Installing: /home/usama/autoronto/coding_test/install/turtlesim/include/turtlesim/srv/detail/kill__traits.hpp
[14.594s] -- Installing: /home/usama/autoronto/coding_test/install/turtlesim/include/turtlesim/srv/detail/teleport_absolute__struct.hpp
[14.594s] -- Installing: /home/usama/autoronto/coding_test/install/turtlesim/include/turtlesim/srv/detail/set_pen__struct.hpp
[14.595s] -- Installing: /home/usama/autoronto/coding_test/install/turtlesim/include/turtlesim/srv/detail/teleport_absolute__traits.hpp
[14.595s] -- Installing: /home/usama/autoronto/coding_test/install/turtlesim/include/turtlesim/srv/detail/set_pen__traits.hpp
[14.596s] -- Installing: /home/usama/autoronto/coding_test/install/turtlesim/include/turtlesim/srv/detail/teleport_relative__traits.hpp
[14.596s] -- Installing: /home/usama/autoronto/coding_test/install/turtlesim/include/turtlesim/srv/detail/teleport_relative__builder.hpp
[14.596s] -- Installing: /home/usama/autoronto/coding_test/install/turtlesim/include/turtlesim/srv/detail/kill__struct.hpp
[14.597s] -- Installing: /home/usama/autoronto/coding_test/install/turtlesim/include/turtlesim/srv/detail/spawn__traits.hpp
[14.597s] -- Installing: /home/usama/autoronto/coding_test/install/turtlesim/include/turtlesim/srv/detail/kill__builder.hpp
[14.598s] -- Installing: /home/usama/autoronto/coding_test/install/turtlesim/include/turtlesim/srv/detail/teleport_relative__struct.hpp
[14.598s] -- Installing: /home/usama/autoronto/coding_test/install/turtlesim/include/turtlesim/srv/spawn.hpp
[14.599s] -- Installing: /home/usama/autoronto/coding_test/install/turtlesim/include/turtlesim/srv/set_pen.hpp
[14.599s] -- Installing: /home/usama/autoronto/coding_test/install/turtlesim/include/turtlesim/srv/teleport_absolute.hpp
[14.599s] -- Installing: /home/usama/autoronto/coding_test/install/turtlesim/include/turtlesim/srv/kill.hpp
[14.600s] -- Up-to-date: /home/usama/autoronto/coding_test/install/turtlesim/include/turtlesim/action
[14.600s] -- Installing: /home/usama/autoronto/coding_test/install/turtlesim/include/turtlesim/action/rotate_absolute.hpp
[14.601s] -- Up-to-date: /home/usama/autoronto/coding_test/install/turtlesim/include/turtlesim/action/detail
[14.601s] -- Installing: /home/usama/autoronto/coding_test/install/turtlesim/include/turtlesim/action/detail/rotate_absolute__builder.hpp
[14.601s] -- Installing: /home/usama/autoronto/coding_test/install/turtlesim/include/turtlesim/action/detail/rotate_absolute__struct.hpp
[14.602s] -- Installing: /home/usama/autoronto/coding_test/install/turtlesim/include/turtlesim/action/detail/rotate_absolute__traits.hpp
[14.602s] -- Up-to-date: /home/usama/autoronto/coding_test/install/turtlesim/include/turtlesim/msg
[14.603s] -- Installing: /home/usama/autoronto/coding_test/install/turtlesim/include/turtlesim/msg/color.hpp
[14.603s] -- Up-to-date: /home/usama/autoronto/coding_test/install/turtlesim/include/turtlesim/msg/detail
[14.603s] -- Installing: /home/usama/autoronto/coding_test/install/turtlesim/include/turtlesim/msg/detail/pose__struct.hpp
[14.604s] -- Installing: /home/usama/autoronto/coding_test/install/turtlesim/include/turtlesim/msg/detail/color__traits.hpp
[14.604s] -- Installing: /home/usama/autoronto/coding_test/install/turtlesim/include/turtlesim/msg/detail/color__builder.hpp
[14.604s] -- Installing: /home/usama/autoronto/coding_test/install/turtlesim/include/turtlesim/msg/detail/color__struct.hpp
[14.605s] -- Installing: /home/usama/autoronto/coding_test/install/turtlesim/include/turtlesim/msg/detail/pose__builder.hpp
[14.606s] -- Installing: /home/usama/autoronto/coding_test/install/turtlesim/include/turtlesim/msg/detail/pose__traits.hpp
[14.606s] -- Installing: /home/usama/autoronto/coding_test/install/turtlesim/include/turtlesim/msg/pose.hpp
[14.607s] -- Up-to-date: /home/usama/autoronto/coding_test/install/turtlesim/include/turtlesim
[14.607s] -- Up-to-date: /home/usama/autoronto/coding_test/install/turtlesim/include/turtlesim/srv
[14.607s] -- Up-to-date: /home/usama/autoronto/coding_test/install/turtlesim/include/turtlesim/srv/detail
[14.608s] -- Installing: /home/usama/autoronto/coding_test/install/turtlesim/include/turtlesim/srv/detail/teleport_relative__rosidl_typesupport_introspection_cpp.hpp
[14.608s] -- Installing: /home/usama/autoronto/coding_test/install/turtlesim/include/turtlesim/srv/detail/set_pen__rosidl_typesupport_introspection_cpp.hpp
[14.608s] -- Installing: /home/usama/autoronto/coding_test/install/turtlesim/include/turtlesim/srv/detail/kill__rosidl_typesupport_introspection_cpp.hpp
[14.609s] -- Installing: /home/usama/autoronto/coding_test/install/turtlesim/include/turtlesim/srv/detail/kill__type_support.cpp
[14.609s] -- Installing: /home/usama/autoronto/coding_test/install/turtlesim/include/turtlesim/srv/detail/teleport_absolute__type_support.cpp
[14.610s] -- Installing: /home/usama/autoronto/coding_test/install/turtlesim/include/turtlesim/srv/detail/teleport_absolute__rosidl_typesupport_introspection_cpp.hpp
[14.610s] -- Installing: /home/usama/autoronto/coding_test/install/turtlesim/include/turtlesim/srv/detail/spawn__rosidl_typesupport_introspection_cpp.hpp
[14.610s] -- Installing: /home/usama/autoronto/coding_test/install/turtlesim/include/turtlesim/srv/detail/teleport_relative__type_support.cpp
[14.611s] -- Installing: /home/usama/autoronto/coding_test/install/turtlesim/include/turtlesim/srv/detail/spawn__type_support.cpp
[14.611s] -- Installing: /home/usama/autoronto/coding_test/install/turtlesim/include/turtlesim/srv/detail/set_pen__type_support.cpp
[14.612s] -- Up-to-date: /home/usama/autoronto/coding_test/install/turtlesim/include/turtlesim/action
[14.612s] -- Up-to-date: /home/usama/autoronto/coding_test/install/turtlesim/include/turtlesim/action/detail
[14.612s] -- Installing: /home/usama/autoronto/coding_test/install/turtlesim/include/turtlesim/action/detail/rotate_absolute__type_support.cpp
[14.613s] -- Installing: /home/usama/autoronto/coding_test/install/turtlesim/include/turtlesim/action/detail/rotate_absolute__rosidl_typesupport_introspection_cpp.hpp
[14.614s] -- Up-to-date: /home/usama/autoronto/coding_test/install/turtlesim/include/turtlesim/msg
[14.614s] -- Up-to-date: /home/usama/autoronto/coding_test/install/turtlesim/include/turtlesim/msg/detail
[14.614s] -- Installing: /home/usama/autoronto/coding_test/install/turtlesim/include/turtlesim/msg/detail/pose__type_support.cpp
[14.615s] -- Installing: /home/usama/autoronto/coding_test/install/turtlesim/include/turtlesim/msg/detail/pose__rosidl_typesupport_introspection_cpp.hpp
[14.615s] -- Installing: /home/usama/autoronto/coding_test/install/turtlesim/include/turtlesim/msg/detail/color__type_support.cpp
[14.616s] -- Installing: /home/usama/autoronto/coding_test/install/turtlesim/include/turtlesim/msg/detail/color__rosidl_typesupport_introspection_cpp.hpp
[14.616s] -- Installing: /home/usama/autoronto/coding_test/install/turtlesim/lib/libturtlesim__rosidl_typesupport_introspection_cpp.so
[14.618s] -- Set runtime path of "/home/usama/autoronto/coding_test/install/turtlesim/lib/libturtlesim__rosidl_typesupport_introspection_cpp.so" to ""
[14.618s] -- Installing: /home/usama/autoronto/coding_test/install/turtlesim/lib/libturtlesim__rosidl_typesupport_cpp.so
[14.618s] -- Set runtime path of "/home/usama/autoronto/coding_test/install/turtlesim/lib/libturtlesim__rosidl_typesupport_cpp.so" to ""
[14.618s] -- Installing: /home/usama/autoronto/coding_test/install/turtlesim/share/turtlesim/environment/pythonpath.sh
[14.619s] -- Installing: /home/usama/autoronto/coding_test/install/turtlesim/share/turtlesim/environment/pythonpath.dsv
[14.619s] -- Installing: /home/usama/autoronto/coding_test/install/turtlesim/lib/python3.8/site-packages/turtlesim/__init__.py
[14.684s] Compiling '/home/usama/autoronto/coding_test/install/turtlesim/lib/python3.8/site-packages/turtlesim/__init__.py'...
[14.687s] -- Installing: /home/usama/autoronto/coding_test/install/turtlesim/lib/python3.8/site-packages/turtlesim/action
[14.687s] -- Installing: /home/usama/autoronto/coding_test/install/turtlesim/lib/python3.8/site-packages/turtlesim/action/_rotate_absolute.py
[14.688s] -- Installing: /home/usama/autoronto/coding_test/install/turtlesim/lib/python3.8/site-packages/turtlesim/action/__init__.py
[14.688s] -- Installing: /home/usama/autoronto/coding_test/install/turtlesim/lib/python3.8/site-packages/turtlesim/action/_rotate_absolute_s.c
[14.689s] -- Installing: /home/usama/autoronto/coding_test/install/turtlesim/lib/python3.8/site-packages/turtlesim/msg
[14.689s] -- Installing: /home/usama/autoronto/coding_test/install/turtlesim/lib/python3.8/site-packages/turtlesim/msg/_pose.py
[14.690s] -- Installing: /home/usama/autoronto/coding_test/install/turtlesim/lib/python3.8/site-packages/turtlesim/msg/_pose_s.c
[14.691s] -- Installing: /home/usama/autoronto/coding_test/install/turtlesim/lib/python3.8/site-packages/turtlesim/msg/_color.py
[14.691s] -- Installing: /home/usama/autoronto/coding_test/install/turtlesim/lib/python3.8/site-packages/turtlesim/msg/__init__.py
[14.691s] -- Installing: /home/usama/autoronto/coding_test/install/turtlesim/lib/python3.8/site-packages/turtlesim/msg/_color_s.c
[14.692s] -- Installing: /home/usama/autoronto/coding_test/install/turtlesim/lib/python3.8/site-packages/turtlesim/srv
[14.692s] -- Installing: /home/usama/autoronto/coding_test/install/turtlesim/lib/python3.8/site-packages/turtlesim/srv/_set_pen.py
[14.692s] -- Installing: /home/usama/autoronto/coding_test/install/turtlesim/lib/python3.8/site-packages/turtlesim/srv/_kill_s.c
[14.693s] -- Installing: /home/usama/autoronto/coding_test/install/turtlesim/lib/python3.8/site-packages/turtlesim/srv/_spawn_s.c
[14.693s] -- Installing: /home/usama/autoronto/coding_test/install/turtlesim/lib/python3.8/site-packages/turtlesim/srv/_teleport_absolute_s.c
[14.693s] -- Installing: /home/usama/autoronto/coding_test/install/turtlesim/lib/python3.8/site-packages/turtlesim/srv/__init__.py
[14.693s] -- Installing: /home/usama/autoronto/coding_test/install/turtlesim/lib/python3.8/site-packages/turtlesim/srv/_spawn.py
[14.694s] -- Installing: /home/usama/autoronto/coding_test/install/turtlesim/lib/python3.8/site-packages/turtlesim/srv/_set_pen_s.c
[14.694s] -- Installing: /home/usama/autoronto/coding_test/install/turtlesim/lib/python3.8/site-packages/turtlesim/srv/_teleport_relative.py
[14.694s] -- Installing: /home/usama/autoronto/coding_test/install/turtlesim/lib/python3.8/site-packages/turtlesim/srv/_kill.py
[14.695s] -- Installing: /home/usama/autoronto/coding_test/install/turtlesim/lib/python3.8/site-packages/turtlesim/srv/_teleport_absolute.py
[14.695s] -- Installing: /home/usama/autoronto/coding_test/install/turtlesim/lib/python3.8/site-packages/turtlesim/srv/_teleport_relative_s.c
[14.695s] -- Installing: /home/usama/autoronto/coding_test/install/turtlesim/lib/python3.8/site-packages/turtlesim/turtlesim_s__rosidl_typesupport_fastrtps_c.cpython-38-x86_64-linux-gnu.so
[14.696s] -- Set runtime path of "/home/usama/autoronto/coding_test/install/turtlesim/lib/python3.8/site-packages/turtlesim/turtlesim_s__rosidl_typesupport_fastrtps_c.cpython-38-x86_64-linux-gnu.so" to ""
[14.696s] -- Installing: /home/usama/autoronto/coding_test/install/turtlesim/lib/python3.8/site-packages/turtlesim/turtlesim_s__rosidl_typesupport_introspection_c.cpython-38-x86_64-linux-gnu.so
[14.696s] -- Set runtime path of "/home/usama/autoronto/coding_test/install/turtlesim/lib/python3.8/site-packages/turtlesim/turtlesim_s__rosidl_typesupport_introspection_c.cpython-38-x86_64-linux-gnu.so" to ""
[14.696s] -- Installing: /home/usama/autoronto/coding_test/install/turtlesim/lib/python3.8/site-packages/turtlesim/turtlesim_s__rosidl_typesupport_c.cpython-38-x86_64-linux-gnu.so
[14.697s] -- Set runtime path of "/home/usama/autoronto/coding_test/install/turtlesim/lib/python3.8/site-packages/turtlesim/turtlesim_s__rosidl_typesupport_c.cpython-38-x86_64-linux-gnu.so" to ""
[14.697s] -- Installing: /home/usama/autoronto/coding_test/install/turtlesim/lib/libturtlesim__python.so
[14.697s] -- Set runtime path of "/home/usama/autoronto/coding_test/install/turtlesim/lib/libturtlesim__python.so" to ""
[14.698s] -- Installing: /home/usama/autoronto/coding_test/install/turtlesim/share/turtlesim/action/RotateAbsolute.idl
[14.699s] -- Installing: /home/usama/autoronto/coding_test/install/turtlesim/share/turtlesim/msg/Color.idl
[14.699s] -- Installing: /home/usama/autoronto/coding_test/install/turtlesim/share/turtlesim/msg/Pose.idl
[14.700s] -- Installing: /home/usama/autoronto/coding_test/install/turtlesim/share/turtlesim/srv/Kill.idl
[14.701s] -- Installing: /home/usama/autoronto/coding_test/install/turtlesim/share/turtlesim/srv/SetPen.idl
[14.701s] -- Installing: /home/usama/autoronto/coding_test/install/turtlesim/share/turtlesim/srv/Spawn.idl
[14.702s] -- Installing: /home/usama/autoronto/coding_test/install/turtlesim/share/turtlesim/srv/TeleportAbsolute.idl
[14.703s] -- Installing: /home/usama/autoronto/coding_test/install/turtlesim/share/turtlesim/srv/TeleportRelative.idl
[14.704s] -- Installing: /home/usama/autoronto/coding_test/install/turtlesim/share/turtlesim/action/RotateAbsolute.action
[14.705s] -- Installing: /home/usama/autoronto/coding_test/install/turtlesim/share/turtlesim/msg/Color.msg
[14.705s] -- Installing: /home/usama/autoronto/coding_test/install/turtlesim/share/turtlesim/msg/Pose.msg
[14.706s] -- Installing: /home/usama/autoronto/coding_test/install/turtlesim/share/turtlesim/srv/Kill.srv
[14.708s] -- Installing: /home/usama/autoronto/coding_test/install/turtlesim/share/turtlesim/srv/Kill_Request.msg
[14.708s] -- Installing: /home/usama/autoronto/coding_test/install/turtlesim/share/turtlesim/srv/Kill_Response.msg
[14.708s] -- Installing: /home/usama/autoronto/coding_test/install/turtlesim/share/turtlesim/srv/SetPen.srv
[14.709s] -- Installing: /home/usama/autoronto/coding_test/install/turtlesim/share/turtlesim/srv/SetPen_Request.msg
[14.709s] -- Installing: /home/usama/autoronto/coding_test/install/turtlesim/share/turtlesim/srv/SetPen_Response.msg
[14.709s] -- Installing: /home/usama/autoronto/coding_test/install/turtlesim/share/turtlesim/srv/Spawn.srv
[14.710s] -- Installing: /home/usama/autoronto/coding_test/install/turtlesim/share/turtlesim/srv/Spawn_Request.msg
[14.710s] -- Installing: /home/usama/autoronto/coding_test/install/turtlesim/share/turtlesim/srv/Spawn_Response.msg
[14.711s] -- Installing: /home/usama/autoronto/coding_test/install/turtlesim/share/turtlesim/srv/TeleportAbsolute.srv
[14.711s] -- Installing: /home/usama/autoronto/coding_test/install/turtlesim/share/turtlesim/srv/TeleportAbsolute_Request.msg
[14.712s] -- Installing: /home/usama/autoronto/coding_test/install/turtlesim/share/turtlesim/srv/TeleportAbsolute_Response.msg
[14.712s] -- Installing: /home/usama/autoronto/coding_test/install/turtlesim/share/turtlesim/srv/TeleportRelative.srv
[14.713s] -- Installing: /home/usama/autoronto/coding_test/install/turtlesim/share/turtlesim/srv/TeleportRelative_Request.msg
[14.713s] -- Installing: /home/usama/autoronto/coding_test/install/turtlesim/share/turtlesim/srv/TeleportRelative_Response.msg
[14.714s] -- Installing: /home/usama/autoronto/coding_test/install/turtlesim/lib/turtlesim/turtlesim_node
[14.716s] -- Set runtime path of "/home/usama/autoronto/coding_test/install/turtlesim/lib/turtlesim/turtlesim_node" to ""
[14.716s] -- Installing: /home/usama/autoronto/coding_test/install/turtlesim/lib/turtlesim/turtle_teleop_key
[14.717s] -- Set runtime path of "/home/usama/autoronto/coding_test/install/turtlesim/lib/turtlesim/turtle_teleop_key" to ""
[14.717s] -- Installing: /home/usama/autoronto/coding_test/install/turtlesim/lib/turtlesim/draw_square
[14.719s] -- Set runtime path of "/home/usama/autoronto/coding_test/install/turtlesim/lib/turtlesim/draw_square" to ""
[14.719s] -- Installing: /home/usama/autoronto/coding_test/install/turtlesim/lib/turtlesim/mimic
[14.721s] -- Set runtime path of "/home/usama/autoronto/coding_test/install/turtlesim/lib/turtlesim/mimic" to ""
[14.721s] -- Installing: /home/usama/autoronto/coding_test/install/turtlesim/share/turtlesim/images
[14.721s] -- Installing: /home/usama/autoronto/coding_test/install/turtlesim/share/turtlesim/images/crystal.png
[14.722s] -- Installing: /home/usama/autoronto/coding_test/install/turtlesim/share/turtlesim/images/foxy.png
[14.723s] -- Installing: /home/usama/autoronto/coding_test/install/turtlesim/share/turtlesim/images/eloquent.png
[14.723s] -- Installing: /home/usama/autoronto/coding_test/install/turtlesim/share/turtlesim/images/ardent.png
[14.723s] -- Installing: /home/usama/autoronto/coding_test/install/turtlesim/share/turtlesim/images/bouncy.png
[14.724s] -- Installing: /home/usama/autoronto/coding_test/install/turtlesim/share/turtlesim/images/dashing.png
[14.724s] -- Installing: /home/usama/autoronto/coding_test/install/turtlesim/share/turtlesim/launch
[14.724s] -- Installing: /home/usama/autoronto/coding_test/install/turtlesim/share/turtlesim/launch/multisim.launch.py
[14.725s] -- Installing: /home/usama/autoronto/coding_test/install/turtlesim/share/ament_index/resource_index/package_run_dependencies/turtlesim
[14.726s] -- Installing: /home/usama/autoronto/coding_test/install/turtlesim/share/ament_index/resource_index/parent_prefix_path/turtlesim
[14.728s] -- Installing: /home/usama/autoronto/coding_test/install/turtlesim/share/turtlesim/environment/ament_prefix_path.sh
[14.728s] -- Installing: /home/usama/autoronto/coding_test/install/turtlesim/share/turtlesim/environment/ament_prefix_path.dsv
[14.728s] -- Installing: /home/usama/autoronto/coding_test/install/turtlesim/share/turtlesim/environment/path.sh
[14.729s] -- Installing: /home/usama/autoronto/coding_test/install/turtlesim/share/turtlesim/environment/path.dsv
[14.731s] -- Installing: /home/usama/autoronto/coding_test/install/turtlesim/share/turtlesim/local_setup.bash
[14.731s] -- Installing: /home/usama/autoronto/coding_test/install/turtlesim/share/turtlesim/local_setup.sh
[14.732s] -- Installing: /home/usama/autoronto/coding_test/install/turtlesim/share/turtlesim/local_setup.zsh
[14.732s] -- Installing: /home/usama/autoronto/coding_test/install/turtlesim/share/turtlesim/local_setup.dsv
[14.733s] -- Installing: /home/usama/autoronto/coding_test/install/turtlesim/share/turtlesim/package.dsv
[14.734s] -- Installing: /home/usama/autoronto/coding_test/install/turtlesim/share/ament_index/resource_index/packages/turtlesim
[14.735s] -- Installing: /home/usama/autoronto/coding_test/install/turtlesim/share/turtlesim/cmake/turtlesim__rosidl_generator_cExport.cmake
[14.735s] -- Installing: /home/usama/autoronto/coding_test/install/turtlesim/share/turtlesim/cmake/turtlesim__rosidl_generator_cExport-noconfig.cmake
[14.736s] -- Installing: /home/usama/autoronto/coding_test/install/turtlesim/share/turtlesim/cmake/turtlesim__rosidl_typesupport_introspection_cExport.cmake
[14.736s] -- Installing: /home/usama/autoronto/coding_test/install/turtlesim/share/turtlesim/cmake/turtlesim__rosidl_typesupport_introspection_cExport-noconfig.cmake
[14.737s] -- Installing: /home/usama/autoronto/coding_test/install/turtlesim/share/turtlesim/cmake/turtlesim__rosidl_typesupport_cExport.cmake
[14.737s] -- Installing: /home/usama/autoronto/coding_test/install/turtlesim/share/turtlesim/cmake/turtlesim__rosidl_typesupport_cExport-noconfig.cmake
[14.738s] -- Installing: /home/usama/autoronto/coding_test/install/turtlesim/share/turtlesim/cmake/turtlesim__rosidl_generator_cppExport.cmake
[14.739s] -- Installing: /home/usama/autoronto/coding_test/install/turtlesim/share/turtlesim/cmake/turtlesim__rosidl_typesupport_introspection_cppExport.cmake
[14.739s] -- Installing: /home/usama/autoronto/coding_test/install/turtlesim/share/turtlesim/cmake/turtlesim__rosidl_typesupport_introspection_cppExport-noconfig.cmake
[14.740s] -- Installing: /home/usama/autoronto/coding_test/install/turtlesim/share/turtlesim/cmake/turtlesim__rosidl_typesupport_cppExport.cmake
[14.740s] -- Installing: /home/usama/autoronto/coding_test/install/turtlesim/share/turtlesim/cmake/turtlesim__rosidl_typesupport_cppExport-noconfig.cmake
[14.741s] -- Installing: /home/usama/autoronto/coding_test/install/turtlesim/share/turtlesim/cmake/rosidl_cmake-extras.cmake
[14.741s] -- Installing: /home/usama/autoronto/coding_test/install/turtlesim/share/turtlesim/cmake/ament_cmake_export_dependencies-extras.cmake
[14.742s] -- Installing: /home/usama/autoronto/coding_test/install/turtlesim/share/turtlesim/cmake/ament_cmake_export_libraries-extras.cmake
[14.743s] -- Installing: /home/usama/autoronto/coding_test/install/turtlesim/share/turtlesim/cmake/ament_cmake_export_targets-extras.cmake
[14.743s] -- Installing: /home/usama/autoronto/coding_test/install/turtlesim/share/turtlesim/cmake/ament_cmake_export_include_directories-extras.cmake
[14.744s] -- Installing: /home/usama/autoronto/coding_test/install/turtlesim/share/turtlesim/cmake/rosidl_cmake_export_typesupport_libraries-extras.cmake
[14.744s] -- Installing: /home/usama/autoronto/coding_test/install/turtlesim/share/turtlesim/cmake/rosidl_cmake_export_typesupport_targets-extras.cmake
[14.745s] -- Installing: /home/usama/autoronto/coding_test/install/turtlesim/share/turtlesim/cmake/turtlesimConfig.cmake
[14.745s] -- Installing: /home/usama/autoronto/coding_test/install/turtlesim/share/turtlesim/cmake/turtlesimConfig-version.cmake
[14.746s] -- Installing: /home/usama/autoronto/coding_test/install/turtlesim/share/turtlesim/package.xml
[14.751s] Invoked command in '/home/usama/autoronto/coding_test/build/turtlesim' returned '0': CMAKE_PREFIX_PATH=/opt/ros/foxy /usr/bin/cmake --install /home/usama/autoronto/coding_test/build/turtlesim
