[0.074s] Invoking command in '/home/usama/autoronto/coding_test/build/coding_challenge': CMAKE_PREFIX_PATH=/opt/ros/foxy /usr/bin/cmake --build /home/usama/autoronto/coding_test/build/coding_challenge -- -j8 -l8
[0.104s] -- Found ament_cmake: 0.9.9 (/opt/ros/foxy/share/ament_cmake/cmake)
[0.124s] -- Using PYTHON_EXECUTABLE: /usr/bin/python3
[0.286s] -- Found rclcpp: 2.4.0 (/opt/ros/foxy/share/rclcpp/cmake)
[0.319s] -- Using all available rosidl_typesupport_c: rosidl_typesupport_fastrtps_c;rosidl_typesupport_introspection_c
[0.321s] -- Found rosidl_adapter: 1.2.1 (/opt/ros/foxy/share/rosidl_adapter/cmake)
[0.410s] -- Using all available rosidl_typesupport_cpp: rosidl_typesupport_fastrtps_cpp;rosidl_typesupport_introspection_cpp
[0.442s] -- Found rmw_implementation_cmake: 1.0.3 (/opt/ros/foxy/share/rmw_implementation_cmake/cmake)
[0.443s] -- Using RMW implementation 'rmw_fastrtps_cpp' as default
[0.535s] -- Found message_filters: 3.2.5 (/opt/ros/foxy/share/message_filters/cmake)
[0.583s] -- Configuring done
[0.594s] -- Generating done
[0.597s] -- Build files have been written to: /home/usama/autoronto/coding_test/build/coding_challenge
[0.630s] [ 25%] [32mBuilding CXX object CMakeFiles/talker.dir/src/publisher_member_function.cpp.o[0m
[0.638s] [ 75%] Built target listener
[1.562s] [01m[K/home/usama/autoronto/coding_test/src/coding_challenge/src/publisher_member_function.cpp:[m[K In constructor ‘[01m[KMinimalPublisher::MinimalPublisher()[m[K’:
[1.562s] [01m[K/home/usama/autoronto/coding_test/src/coding_challenge/src/publisher_member_function.cpp:35:85:[m[K [01;31m[Kerror: [m[Kno match for ‘[01m[Koperator=[m[K’ (operand types are ‘[01m[Krclcpp::Publisher<std_msgs::msg::Int8_<std::allocator<void> > >::SharedPtr[m[K’ {aka ‘[01m[Kstd::shared_ptr<rclcpp::Publisher<std_msgs::msg::Int8_<std::allocator<void> > > >[m[K’} and ‘[01m[Kstd::shared_ptr<rclcpp::Publisher<std_msgs::msg::Int8MultiArray_<std::allocator<void> >, std::allocator<void> > >[m[K’)
[1.562s]    35 |     publisher2_ = this->create_publisher<std_msgs::msg::Int8MultiArray>("/input", 10[01;31m[K)[m[K;
[1.562s]       |                                                                                     [01;31m[K^[m[K
[1.562s] In file included from [01m[K/usr/include/c++/9/memory:81[m[K,
[1.562s]                  from [01m[K/home/usama/autoronto/coding_test/src/coding_challenge/src/publisher_member_function.cpp:16[m[K:
[1.563s] [01m[K/usr/include/c++/9/bits/shared_ptr.h:309:19:[m[K [01;36m[Knote: [m[Kcandidate: ‘[01m[Kstd::shared_ptr<_Tp>& std::shared_ptr<_Tp>::operator=(const std::shared_ptr<_Tp>&) [with _Tp = rclcpp::Publisher<std_msgs::msg::Int8_<std::allocator<void> > >][m[K’
[1.563s]   309 |       shared_ptr& [01;36m[Koperator[m[K=(const shared_ptr&) noexcept = default;
[1.563s]       |                   [01;36m[K^~~~~~~~[m[K
[1.563s] [01m[K/usr/include/c++/9/bits/shared_ptr.h:309:29:[m[K [01;36m[Knote: [m[K  no known conversion for argument 1 from ‘[01m[Kstd::shared_ptr<rclcpp::Publisher<std_msgs::msg::Int8MultiArray_<std::allocator<void> >, std::allocator<void> > >[m[K’ to ‘[01m[Kconst std::shared_ptr<rclcpp::Publisher<std_msgs::msg::Int8_<std::allocator<void> > > >&[m[K’
[1.563s]   309 |       shared_ptr& operator=([01;36m[Kconst shared_ptr&[m[K) noexcept = default;
[1.563s]       |                             [01;36m[K^~~~~~~~~~~~~~~~~[m[K
[1.563s] [01m[K/usr/include/c++/9/bits/shared_ptr.h:313:2:[m[K [01;36m[Knote: [m[Kcandidate: ‘[01m[Ktemplate<class _Yp> std::shared_ptr<_Tp>::_Assignable<const std::shared_ptr<_Yp>&> std::shared_ptr<_Tp>::operator=(const std::shared_ptr<_Yp>&) [with _Yp = _Yp; _Tp = rclcpp::Publisher<std_msgs::msg::Int8_<std::allocator<void> > >][m[K’
[1.563s]   313 |  [01;36m[Koperator[m[K=(const shared_ptr<_Yp>& __r) noexcept
[1.563s]       |  [01;36m[K^~~~~~~~[m[K
[1.563s] [01m[K/usr/include/c++/9/bits/shared_ptr.h:313:2:[m[K [01;36m[Knote: [m[K  template argument deduction/substitution failed:
[1.563s] /usr/include/c++/9/bits/shared_ptr.h: In substitution of ‘[01m[Ktemplate<class _Tp> template<class _Arg> using _Assignable = typename std::enable_if<std::is_assignable<std::__shared_ptr<_Tp>&, _Arg>::value, std::shared_ptr<_Tp>&>::type [with _Arg = const std::shared_ptr<rclcpp::Publisher<std_msgs::msg::Int8MultiArray_<std::allocator<void> >, std::allocator<void> > >&; _Tp = rclcpp::Publisher<std_msgs::msg::Int8_<std::allocator<void> > >][m[K’:
[1.563s] [01m[K/usr/include/c++/9/bits/shared_ptr.h:313:2:[m[K   required by substitution of ‘[01m[Ktemplate<class _Yp> std::shared_ptr<rclcpp::Publisher<std_msgs::msg::Int8_<std::allocator<void> > > >::_Assignable<const std::shared_ptr<_Tp>&> std::shared_ptr<rclcpp::Publisher<std_msgs::msg::Int8_<std::allocator<void> > > >::operator=<_Yp>(const std::shared_ptr<_Tp>&) [with _Yp = rclcpp::Publisher<std_msgs::msg::Int8MultiArray_<std::allocator<void> >, std::allocator<void> >][m[K’
[1.563s] [01m[K/home/usama/autoronto/coding_test/src/coding_challenge/src/publisher_member_function.cpp:35:85:[m[K   required from here
[1.563s] [01m[K/usr/include/c++/9/bits/shared_ptr.h:111:8:[m[K [01;31m[Kerror: [m[Kno type named ‘[01m[Ktype[m[K’ in ‘[01m[Kstruct std::enable_if<false, std::shared_ptr<rclcpp::Publisher<std_msgs::msg::Int8_<std::allocator<void> > > >&>[m[K’
[1.563s]   111 |  using [01;31m[K_Assignable[m[K = typename enable_if<
[1.563s]       |        [01;31m[K^~~~~~~~~~~[m[K
[1.563s] [01m[K/usr/include/c++/9/bits/shared_ptr.h:324:2:[m[K [01;36m[Knote: [m[Kcandidate: ‘[01m[Ktemplate<class _Yp> std::shared_ptr<_Tp>::_Assignable<std::auto_ptr<_Up> > std::shared_ptr<_Tp>::operator=(std::auto_ptr<_Up>&&) [with _Yp = _Yp; _Tp = rclcpp::Publisher<std_msgs::msg::Int8_<std::allocator<void> > >][m[K’
[1.563s]   324 |  [01;36m[Koperator[m[K=(auto_ptr<_Yp>&& __r)
[1.563s]       |  [01;36m[K^~~~~~~~[m[K
[1.563s] [01m[K/usr/include/c++/9/bits/shared_ptr.h:324:2:[m[K [01;36m[Knote: [m[K  template argument deduction/substitution failed:
[1.563s] [01m[K/home/usama/autoronto/coding_test/src/coding_challenge/src/publisher_member_function.cpp:35:85:[m[K [01;36m[Knote: [m[K  ‘[01m[Kstd::shared_ptr<rclcpp::Publisher<std_msgs::msg::Int8MultiArray_<std::allocator<void> >, std::allocator<void> > >[m[K’ is not derived from ‘[01m[Kstd::auto_ptr<_Up>[m[K’
[1.564s]    35 |     publisher2_ = this->create_publisher<std_msgs::msg::Int8MultiArray>("/input", 10[01;36m[K)[m[K;
[1.564s]       |                                                                                     [01;36m[K^[m[K
[1.564s] In file included from [01m[K/usr/include/c++/9/memory:81[m[K,
[1.564s]                  from [01m[K/home/usama/autoronto/coding_test/src/coding_challenge/src/publisher_member_function.cpp:16[m[K:
[1.564s] [01m[K/usr/include/c++/9/bits/shared_ptr.h:333:7:[m[K [01;36m[Knote: [m[Kcandidate: ‘[01m[Kstd::shared_ptr<_Tp>& std::shared_ptr<_Tp>::operator=(std::shared_ptr<_Tp>&&) [with _Tp = rclcpp::Publisher<std_msgs::msg::Int8_<std::allocator<void> > >][m[K’
[1.564s]   333 |       [01;36m[Koperator[m[K=(shared_ptr&& __r) noexcept
[1.564s]       |       [01;36m[K^~~~~~~~[m[K
[1.564s] [01m[K/usr/include/c++/9/bits/shared_ptr.h:333:30:[m[K [01;36m[Knote: [m[K  no known conversion for argument 1 from ‘[01m[Kstd::shared_ptr<rclcpp::Publisher<std_msgs::msg::Int8MultiArray_<std::allocator<void> >, std::allocator<void> > >[m[K’ to ‘[01m[Kstd::shared_ptr<rclcpp::Publisher<std_msgs::msg::Int8_<std::allocator<void> > > >&&[m[K’
[1.564s]   333 |       operator=([01;36m[Kshared_ptr&& __r[m[K) noexcept
[1.564s]       |                 [01;36m[K~~~~~~~~~~~~~^~~[m[K
[1.565s] [01m[K/usr/include/c++/9/bits/shared_ptr.h:341:2:[m[K [01;36m[Knote: [m[Kcandidate: ‘[01m[Ktemplate<class _Yp> std::shared_ptr<_Tp>::_Assignable<std::shared_ptr<_Yp> > std::shared_ptr<_Tp>::operator=(std::shared_ptr<_Yp>&&) [with _Yp = _Yp; _Tp = rclcpp::Publisher<std_msgs::msg::Int8_<std::allocator<void> > >][m[K’
[1.565s]   341 |  [01;36m[Koperator[m[K=(shared_ptr<_Yp>&& __r) noexcept
[1.565s]       |  [01;36m[K^~~~~~~~[m[K
[1.565s] [01m[K/usr/include/c++/9/bits/shared_ptr.h:341:2:[m[K [01;36m[Knote: [m[K  template argument deduction/substitution failed:
[1.565s] /usr/include/c++/9/bits/shared_ptr.h: In substitution of ‘[01m[Ktemplate<class _Tp> template<class _Arg> using _Assignable = typename std::enable_if<std::is_assignable<std::__shared_ptr<_Tp>&, _Arg>::value, std::shared_ptr<_Tp>&>::type [with _Arg = std::shared_ptr<rclcpp::Publisher<std_msgs::msg::Int8MultiArray_<std::allocator<void> >, std::allocator<void> > >; _Tp = rclcpp::Publisher<std_msgs::msg::Int8_<std::allocator<void> > >][m[K’:
[1.565s] [01m[K/usr/include/c++/9/bits/shared_ptr.h:341:2:[m[K   required by substitution of ‘[01m[Ktemplate<class _Yp> std::shared_ptr<rclcpp::Publisher<std_msgs::msg::Int8_<std::allocator<void> > > >::_Assignable<std::shared_ptr<_Tp> > std::shared_ptr<rclcpp::Publisher<std_msgs::msg::Int8_<std::allocator<void> > > >::operator=<_Yp>(std::shared_ptr<_Tp>&&) [with _Yp = rclcpp::Publisher<std_msgs::msg::Int8MultiArray_<std::allocator<void> >, std::allocator<void> >][m[K’
[1.565s] [01m[K/home/usama/autoronto/coding_test/src/coding_challenge/src/publisher_member_function.cpp:35:85:[m[K   required from here
[1.565s] [01m[K/usr/include/c++/9/bits/shared_ptr.h:111:8:[m[K [01;31m[Kerror: [m[Kno type named ‘[01m[Ktype[m[K’ in ‘[01m[Kstruct std::enable_if<false, std::shared_ptr<rclcpp::Publisher<std_msgs::msg::Int8_<std::allocator<void> > > >&>[m[K’
[1.565s]   111 |  using [01;31m[K_Assignable[m[K = typename enable_if<
[1.565s]       |        [01;31m[K^~~~~~~~~~~[m[K
[1.565s] [01m[K/usr/include/c++/9/bits/shared_ptr.h:349:2:[m[K [01;36m[Knote: [m[Kcandidate: ‘[01m[Ktemplate<class _Yp, class _Del> std::shared_ptr<_Tp>::_Assignable<std::unique_ptr<_Up, _Ep> > std::shared_ptr<_Tp>::operator=(std::unique_ptr<_Up, _Ep>&&) [with _Yp = _Yp; _Del = _Del; _Tp = rclcpp::Publisher<std_msgs::msg::Int8_<std::allocator<void> > >][m[K’
[1.565s]   349 |  [01;36m[Koperator[m[K=(unique_ptr<_Yp, _Del>&& __r)
[1.565s]       |  [01;36m[K^~~~~~~~[m[K
[1.565s] [01m[K/usr/include/c++/9/bits/shared_ptr.h:349:2:[m[K [01;36m[Knote: [m[K  template argument deduction/substitution failed:
[1.565s] [01m[K/home/usama/autoronto/coding_test/src/coding_challenge/src/publisher_member_function.cpp:35:85:[m[K [01;36m[Knote: [m[K  ‘[01m[Kstd::shared_ptr<rclcpp::Publisher<std_msgs::msg::Int8MultiArray_<std::allocator<void> >, std::allocator<void> > >[m[K’ is not derived from ‘[01m[Kstd::unique_ptr<_Tp, _Dp>[m[K’
[1.565s]    35 |     publisher2_ = this->create_publisher<std_msgs::msg::Int8MultiArray>("/input", 10[01;36m[K)[m[K;
[1.565s]       |                                                                                     [01;36m[K^[m[K
[1.573s] [01m[K/home/usama/autoronto/coding_test/src/coding_challenge/src/publisher_member_function.cpp:[m[K In member function ‘[01m[Kvoid MinimalPublisher::timer_callback()[m[K’:
[1.573s] [01m[K/home/usama/autoronto/coding_test/src/coding_challenge/src/publisher_member_function.cpp:46:5:[m[K [01;31m[Kerror: [m[K‘[01m[Kpublisher1_[m[K’ was not declared in this scope; did you mean ‘[01m[Kpublisher_[m[K’?
[1.573s]    46 |     [01;31m[Kpublisher1_[m[K->publish(message);
[1.573s]       |     [01;31m[K^~~~~~~~~~~[m[K
[1.573s]       |     [32m[Kpublisher_[m[K
[1.573s] [01m[K/home/usama/autoronto/coding_test/src/coding_challenge/src/publisher_member_function.cpp:52:18:[m[K [01;31m[Kerror: [m[Kno matching function for call to ‘[01m[Kbegin(std_msgs::msg::Int8MultiArray_<std::allocator<void> >&)[m[K’
[1.573s]    52 |     for (char i: [01;31m[Kmessage2[m[K)
[1.573s]       |                  [01;31m[K^~~~~~~~[m[K
[1.575s] In file included from [01m[K/usr/include/c++/9/utility:76[m[K,
[1.575s]                  from [01m[K/usr/include/c++/9/bits/unique_ptr.h:36[m[K,
[1.576s]                  from [01m[K/usr/include/c++/9/memory:80[m[K,
[1.576s]                  from [01m[K/home/usama/autoronto/coding_test/src/coding_challenge/src/publisher_member_function.cpp:16[m[K:
[1.576s] [01m[K/usr/include/c++/9/initializer_list:89:5:[m[K [01;36m[Knote: [m[Kcandidate: ‘[01m[Ktemplate<class _Tp> constexpr const _Tp* std::begin(std::initializer_list<_Tp>)[m[K’
[1.576s]    89 |     [01;36m[Kbegin[m[K(initializer_list<_Tp> __ils) noexcept
[1.576s]       |     [01;36m[K^~~~~[m[K
[1.576s] [01m[K/usr/include/c++/9/initializer_list:89:5:[m[K [01;36m[Knote: [m[K  template argument deduction/substitution failed:
[1.576s] [01m[K/home/usama/autoronto/coding_test/src/coding_challenge/src/publisher_member_function.cpp:52:18:[m[K [01;36m[Knote: [m[K  ‘[01m[Kstd_msgs::msg::Int8MultiArray_<std::allocator<void> >[m[K’ is not derived from ‘[01m[Kstd::initializer_list<_Tp>[m[K’
[1.576s]    52 |     for (char i: [01;36m[Kmessage2[m[K)
[1.576s]       |                  [01;36m[K^~~~~~~~[m[K
[1.576s] In file included from [01m[K/usr/include/c++/9/string:54[m[K,
[1.576s]                  from [01m[K/usr/include/c++/9/stdexcept:39[m[K,
[1.576s]                  from [01m[K/usr/include/c++/9/array:39[m[K,
[1.576s]                  from [01m[K/usr/include/c++/9/tuple:39[m[K,
[1.576s]                  from [01m[K/usr/include/c++/9/bits/unique_ptr.h:37[m[K,
[1.576s]                  from [01m[K/usr/include/c++/9/memory:80[m[K,
[1.576s]                  from [01m[K/home/usama/autoronto/coding_test/src/coding_challenge/src/publisher_member_function.cpp:16[m[K:
[1.577s] [01m[K/usr/include/c++/9/bits/range_access.h:48:5:[m[K [01;36m[Knote: [m[Kcandidate: ‘[01m[Ktemplate<class _Container> decltype (__cont.begin()) std::begin(_Container&)[m[K’
[1.577s]    48 |     [01;36m[Kbegin[m[K(_Container& __cont) -> decltype(__cont.begin())
[1.577s]       |     [01;36m[K^~~~~[m[K
[1.577s] [01m[K/usr/include/c++/9/bits/range_access.h:48:5:[m[K [01;36m[Knote: [m[K  template argument deduction/substitution failed:
[1.577s] /usr/include/c++/9/bits/range_access.h: In substitution of ‘[01m[Ktemplate<class _Container> decltype (__cont.begin()) std::begin(_Container&) [with _Container = std_msgs::msg::Int8MultiArray_<std::allocator<void> >][m[K’:
[1.577s] [01m[K/home/usama/autoronto/coding_test/src/coding_challenge/src/publisher_member_function.cpp:52:18:[m[K   required from here
[1.577s] [01m[K/usr/include/c++/9/bits/range_access.h:48:50:[m[K [01;31m[Kerror: [m[K‘[01m[Kstruct std_msgs::msg::Int8MultiArray_<std::allocator<void> >[m[K’ has no member named ‘[01m[Kbegin[m[K’
[1.577s]    48 |     begin(_Container& __cont) -> decltype([01;31m[K__cont.begin[m[K())
[1.577s]       |                                           [01;31m[K~~~~~~~^~~~~[m[K
[1.577s] [01m[K/usr/include/c++/9/bits/range_access.h:58:5:[m[K [01;36m[Knote: [m[Kcandidate: ‘[01m[Ktemplate<class _Container> decltype (__cont.begin()) std::begin(const _Container&)[m[K’
[1.577s]    58 |     [01;36m[Kbegin[m[K(const _Container& __cont) -> decltype(__cont.begin())
[1.577s]       |     [01;36m[K^~~~~[m[K
[1.577s] [01m[K/usr/include/c++/9/bits/range_access.h:58:5:[m[K [01;36m[Knote: [m[K  template argument deduction/substitution failed:
[1.577s] /usr/include/c++/9/bits/range_access.h: In substitution of ‘[01m[Ktemplate<class _Container> decltype (__cont.begin()) std::begin(const _Container&) [with _Container = std_msgs::msg::Int8MultiArray_<std::allocator<void> >][m[K’:
[1.577s] [01m[K/home/usama/autoronto/coding_test/src/coding_challenge/src/publisher_member_function.cpp:52:18:[m[K   required from here
[1.577s] [01m[K/usr/include/c++/9/bits/range_access.h:58:56:[m[K [01;31m[Kerror: [m[K‘[01m[Kconst struct std_msgs::msg::Int8MultiArray_<std::allocator<void> >[m[K’ has no member named ‘[01m[Kbegin[m[K’
[1.577s]    58 |     begin(const _Container& __cont) -> decltype([01;31m[K__cont.begin[m[K())
[1.577s]       |                                                 [01;31m[K~~~~~~~^~~~~[m[K
[1.577s] [01m[K/usr/include/c++/9/bits/range_access.h:87:5:[m[K [01;36m[Knote: [m[Kcandidate: ‘[01m[Ktemplate<class _Tp, long unsigned int _Nm> constexpr _Tp* std::begin(_Tp (&)[_Nm])[m[K’
[1.577s]    87 |     [01;36m[Kbegin[m[K(_Tp (&__arr)[_Nm])
[1.577s]       |     [01;36m[K^~~~~[m[K
[1.577s] [01m[K/usr/include/c++/9/bits/range_access.h:87:5:[m[K [01;36m[Knote: [m[K  template argument deduction/substitution failed:
[1.577s] [01m[K/home/usama/autoronto/coding_test/src/coding_challenge/src/publisher_member_function.cpp:52:18:[m[K [01;36m[Knote: [m[K  mismatched types ‘[01m[K_Tp [_Nm][m[K’ and ‘[01m[Kstd_msgs::msg::Int8MultiArray_<std::allocator<void> >[m[K’
[1.578s]    52 |     for (char i: [01;36m[Kmessage2[m[K)
[1.578s]       |                  [01;36m[K^~~~~~~~[m[K
[1.578s] In file included from [01m[K/usr/include/c++/9/string:54[m[K,
[1.578s]                  from [01m[K/usr/include/c++/9/stdexcept:39[m[K,
[1.578s]                  from [01m[K/usr/include/c++/9/array:39[m[K,
[1.578s]                  from [01m[K/usr/include/c++/9/tuple:39[m[K,
[1.578s]                  from [01m[K/usr/include/c++/9/bits/unique_ptr.h:37[m[K,
[1.578s]                  from [01m[K/usr/include/c++/9/memory:80[m[K,
[1.578s]                  from [01m[K/home/usama/autoronto/coding_test/src/coding_challenge/src/publisher_member_function.cpp:16[m[K:
[1.578s] [01m[K/usr/include/c++/9/bits/range_access.h:104:31:[m[K [01;36m[Knote: [m[Kcandidate: ‘[01m[Ktemplate<class _Tp> _Tp* std::begin(std::valarray<_Tp>&)[m[K’
[1.578s]   104 |   template<typename _Tp> _Tp* [01;36m[Kbegin[m[K(valarray<_Tp>&);
[1.578s]       |                               [01;36m[K^~~~~[m[K
[1.578s] [01m[K/usr/include/c++/9/bits/range_access.h:104:31:[m[K [01;36m[Knote: [m[K  template argument deduction/substitution failed:
[1.578s] [01m[K/home/usama/autoronto/coding_test/src/coding_challenge/src/publisher_member_function.cpp:52:18:[m[K [01;36m[Knote: [m[K  ‘[01m[Kstd_msgs::msg::Int8MultiArray_<std::allocator<void> >[m[K’ is not derived from ‘[01m[Kstd::valarray<_Tp>[m[K’
[1.578s]    52 |     for (char i: [01;36m[Kmessage2[m[K)
[1.578s]       |                  [01;36m[K^~~~~~~~[m[K
[1.578s] In file included from [01m[K/usr/include/c++/9/string:54[m[K,
[1.578s]                  from [01m[K/usr/include/c++/9/stdexcept:39[m[K,
[1.578s]                  from [01m[K/usr/include/c++/9/array:39[m[K,
[1.578s]                  from [01m[K/usr/include/c++/9/tuple:39[m[K,
[1.578s]                  from [01m[K/usr/include/c++/9/bits/unique_ptr.h:37[m[K,
[1.579s]                  from [01m[K/usr/include/c++/9/memory:80[m[K,
[1.579s]                  from [01m[K/home/usama/autoronto/coding_test/src/coding_challenge/src/publisher_member_function.cpp:16[m[K:
[1.579s] [01m[K/usr/include/c++/9/bits/range_access.h:105:37:[m[K [01;36m[Knote: [m[Kcandidate: ‘[01m[Ktemplate<class _Tp> const _Tp* std::begin(const std::valarray<_Tp>&)[m[K’
[1.579s]   105 |   template<typename _Tp> const _Tp* [01;36m[Kbegin[m[K(const valarray<_Tp>&);
[1.579s]       |                                     [01;36m[K^~~~~[m[K
[1.579s] [01m[K/usr/include/c++/9/bits/range_access.h:105:37:[m[K [01;36m[Knote: [m[K  template argument deduction/substitution failed:
[1.579s] [01m[K/home/usama/autoronto/coding_test/src/coding_challenge/src/publisher_member_function.cpp:52:18:[m[K [01;36m[Knote: [m[K  ‘[01m[Kstd_msgs::msg::Int8MultiArray_<std::allocator<void> >[m[K’ is not derived from ‘[01m[Kconst std::valarray<_Tp>[m[K’
[1.579s]    52 |     for (char i: [01;36m[Kmessage2[m[K)
[1.579s]       |                  [01;36m[K^~~~~~~~[m[K
[1.579s] [01m[K/home/usama/autoronto/coding_test/src/coding_challenge/src/publisher_member_function.cpp:52:18:[m[K [01;31m[Kerror: [m[Kno matching function for call to ‘[01m[Kend(std_msgs::msg::Int8MultiArray_<std::allocator<void> >&)[m[K’
[1.579s] In file included from [01m[K/usr/include/c++/9/utility:76[m[K,
[1.579s]                  from [01m[K/usr/include/c++/9/bits/unique_ptr.h:36[m[K,
[1.579s]                  from [01m[K/usr/include/c++/9/memory:80[m[K,
[1.579s]                  from [01m[K/home/usama/autoronto/coding_test/src/coding_challenge/src/publisher_member_function.cpp:16[m[K:
[1.579s] [01m[K/usr/include/c++/9/initializer_list:99:5:[m[K [01;36m[Knote: [m[Kcandidate: ‘[01m[Ktemplate<class _Tp> constexpr const _Tp* std::end(std::initializer_list<_Tp>)[m[K’
[1.579s]    99 |     [01;36m[Kend[m[K(initializer_list<_Tp> __ils) noexcept
[1.579s]       |     [01;36m[K^~~[m[K
[1.579s] [01m[K/usr/include/c++/9/initializer_list:99:5:[m[K [01;36m[Knote: [m[K  template argument deduction/substitution failed:
[1.579s] [01m[K/home/usama/autoronto/coding_test/src/coding_challenge/src/publisher_member_function.cpp:52:18:[m[K [01;36m[Knote: [m[K  ‘[01m[Kstd_msgs::msg::Int8MultiArray_<std::allocator<void> >[m[K’ is not derived from ‘[01m[Kstd::initializer_list<_Tp>[m[K’
[1.579s]    52 |     for (char i: [01;36m[Kmessage2[m[K)
[1.579s]       |                  [01;36m[K^~~~~~~~[m[K
[1.579s] In file included from [01m[K/usr/include/c++/9/string:54[m[K,
[1.579s]                  from [01m[K/usr/include/c++/9/stdexcept:39[m[K,
[1.579s]                  from [01m[K/usr/include/c++/9/array:39[m[K,
[1.580s]                  from [01m[K/usr/include/c++/9/tuple:39[m[K,
[1.580s]                  from [01m[K/usr/include/c++/9/bits/unique_ptr.h:37[m[K,
[1.580s]                  from [01m[K/usr/include/c++/9/memory:80[m[K,
[1.580s]                  from [01m[K/home/usama/autoronto/coding_test/src/coding_challenge/src/publisher_member_function.cpp:16[m[K:
[1.580s] [01m[K/usr/include/c++/9/bits/range_access.h:68:5:[m[K [01;36m[Knote: [m[Kcandidate: ‘[01m[Ktemplate<class _Container> decltype (__cont.end()) std::end(_Container&)[m[K’
[1.580s]    68 |     [01;36m[Kend[m[K(_Container& __cont) -> decltype(__cont.end())
[1.580s]       |     [01;36m[K^~~[m[K
[1.580s] [01m[K/usr/include/c++/9/bits/range_access.h:68:5:[m[K [01;36m[Knote: [m[K  template argument deduction/substitution failed:
[1.580s] /usr/include/c++/9/bits/range_access.h: In substitution of ‘[01m[Ktemplate<class _Container> decltype (__cont.end()) std::end(_Container&) [with _Container = std_msgs::msg::Int8MultiArray_<std::allocator<void> >][m[K’:
[1.580s] [01m[K/home/usama/autoronto/coding_test/src/coding_challenge/src/publisher_member_function.cpp:52:18:[m[K   required from here
[1.580s] [01m[K/usr/include/c++/9/bits/range_access.h:68:48:[m[K [01;31m[Kerror: [m[K‘[01m[Kstruct std_msgs::msg::Int8MultiArray_<std::allocator<void> >[m[K’ has no member named ‘[01m[Kend[m[K’
[1.580s]    68 |     end(_Container& __cont) -> decltype([01;31m[K__cont.end[m[K())
[1.580s]       |                                         [01;31m[K~~~~~~~^~~[m[K
[1.580s] [01m[K/usr/include/c++/9/bits/range_access.h:78:5:[m[K [01;36m[Knote: [m[Kcandidate: ‘[01m[Ktemplate<class _Container> decltype (__cont.end()) std::end(const _Container&)[m[K’
[1.582s]    78 |     [01;36m[Kend[m[K(const _Container& __cont) -> decltype(__cont.end())
[1.582s]       |     [01;36m[K^~~[m[K
[1.582s] [01m[K/usr/include/c++/9/bits/range_access.h:78:5:[m[K [01;36m[Knote: [m[K  template argument deduction/substitution failed:
[1.582s] /usr/include/c++/9/bits/range_access.h: In substitution of ‘[01m[Ktemplate<class _Container> decltype (__cont.end()) std::end(const _Container&) [with _Container = std_msgs::msg::Int8MultiArray_<std::allocator<void> >][m[K’:
[1.582s] [01m[K/home/usama/autoronto/coding_test/src/coding_challenge/src/publisher_member_function.cpp:52:18:[m[K   required from here
[1.582s] [01m[K/usr/include/c++/9/bits/range_access.h:78:54:[m[K [01;31m[Kerror: [m[K‘[01m[Kconst struct std_msgs::msg::Int8MultiArray_<std::allocator<void> >[m[K’ has no member named ‘[01m[Kend[m[K’
[1.582s]    78 |     end(const _Container& __cont) -> decltype([01;31m[K__cont.end[m[K())
[1.582s]       |                                               [01;31m[K~~~~~~~^~~[m[K
[1.582s] [01m[K/usr/include/c++/9/bits/range_access.h:97:5:[m[K [01;36m[Knote: [m[Kcandidate: ‘[01m[Ktemplate<class _Tp, long unsigned int _Nm> constexpr _Tp* std::end(_Tp (&)[_Nm])[m[K’
[1.582s]    97 |     [01;36m[Kend[m[K(_Tp (&__arr)[_Nm])
[1.582s]       |     [01;36m[K^~~[m[K
[1.582s] [01m[K/usr/include/c++/9/bits/range_access.h:97:5:[m[K [01;36m[Knote: [m[K  template argument deduction/substitution failed:
[1.582s] [01m[K/home/usama/autoronto/coding_test/src/coding_challenge/src/publisher_member_function.cpp:52:18:[m[K [01;36m[Knote: [m[K  mismatched types ‘[01m[K_Tp [_Nm][m[K’ and ‘[01m[Kstd_msgs::msg::Int8MultiArray_<std::allocator<void> >[m[K’
[1.582s]    52 |     for (char i: [01;36m[Kmessage2[m[K)
[1.583s]       |                  [01;36m[K^~~~~~~~[m[K
[1.583s] In file included from [01m[K/usr/include/c++/9/string:54[m[K,
[1.583s]                  from [01m[K/usr/include/c++/9/stdexcept:39[m[K,
[1.583s]                  from [01m[K/usr/include/c++/9/array:39[m[K,
[1.583s]                  from [01m[K/usr/include/c++/9/tuple:39[m[K,
[1.583s]                  from [01m[K/usr/include/c++/9/bits/unique_ptr.h:37[m[K,
[1.584s]                  from [01m[K/usr/include/c++/9/memory:80[m[K,
[1.584s]                  from [01m[K/home/usama/autoronto/coding_test/src/coding_challenge/src/publisher_member_function.cpp:16[m[K:
[1.584s] [01m[K/usr/include/c++/9/bits/range_access.h:106:31:[m[K [01;36m[Knote: [m[Kcandidate: ‘[01m[Ktemplate<class _Tp> _Tp* std::end(std::valarray<_Tp>&)[m[K’
[1.584s]   106 |   template<typename _Tp> _Tp* [01;36m[Kend[m[K(valarray<_Tp>&);
[1.584s]       |                               [01;36m[K^~~[m[K
[1.584s] [01m[K/usr/include/c++/9/bits/range_access.h:106:31:[m[K [01;36m[Knote: [m[K  template argument deduction/substitution failed:
[1.584s] [01m[K/home/usama/autoronto/coding_test/src/coding_challenge/src/publisher_member_function.cpp:52:18:[m[K [01;36m[Knote: [m[K  ‘[01m[Kstd_msgs::msg::Int8MultiArray_<std::allocator<void> >[m[K’ is not derived from ‘[01m[Kstd::valarray<_Tp>[m[K’
[1.584s]    52 |     for (char i: [01;36m[Kmessage2[m[K)
[1.585s]       |                  [01;36m[K^~~~~~~~[m[K
[1.585s] In file included from [01m[K/usr/include/c++/9/string:54[m[K,
[1.585s]                  from [01m[K/usr/include/c++/9/stdexcept:39[m[K,
[1.585s]                  from [01m[K/usr/include/c++/9/array:39[m[K,
[1.585s]                  from [01m[K/usr/include/c++/9/tuple:39[m[K,
[1.585s]                  from [01m[K/usr/include/c++/9/bits/unique_ptr.h:37[m[K,
[1.585s]                  from [01m[K/usr/include/c++/9/memory:80[m[K,
[1.585s]                  from [01m[K/home/usama/autoronto/coding_test/src/coding_challenge/src/publisher_member_function.cpp:16[m[K:
[1.585s] [01m[K/usr/include/c++/9/bits/range_access.h:107:37:[m[K [01;36m[Knote: [m[Kcandidate: ‘[01m[Ktemplate<class _Tp> const _Tp* std::end(const std::valarray<_Tp>&)[m[K’
[1.585s]   107 |   template<typename _Tp> const _Tp* [01;36m[Kend[m[K(const valarray<_Tp>&);
[1.586s]       |                                     [01;36m[K^~~[m[K
[1.586s] [01m[K/usr/include/c++/9/bits/range_access.h:107:37:[m[K [01;36m[Knote: [m[K  template argument deduction/substitution failed:
[1.586s] [01m[K/home/usama/autoronto/coding_test/src/coding_challenge/src/publisher_member_function.cpp:52:18:[m[K [01;36m[Knote: [m[K  ‘[01m[Kstd_msgs::msg::Int8MultiArray_<std::allocator<void> >[m[K’ is not derived from ‘[01m[Kconst std::valarray<_Tp>[m[K’
[1.586s]    52 |     for (char i: [01;36m[Kmessage2[m[K)
[1.586s]       |                  [01;36m[K^~~~~~~~[m[K
[1.586s] [01m[K/home/usama/autoronto/coding_test/src/coding_challenge/src/publisher_member_function.cpp:54:34:[m[K [01;31m[Kerror: [m[Kno matching function for call to ‘[01m[Krclcpp::Publisher<std_msgs::msg::Int8_<std::allocator<void> > >::publish(std_msgs::msg::Int8MultiArray_<std::allocator<void> >&)[m[K’
[1.586s]    54 |     publisher2_->publish(message2[01;31m[K)[m[K;
[1.586s]       |                                  [01;31m[K^[m[K
[1.586s] In file included from [01m[K/opt/ros/foxy/include/rclcpp/topic_statistics/subscription_topic_statistics.hpp:31[m[K,
[1.586s]                  from [01m[K/opt/ros/foxy/include/rclcpp/subscription.hpp:50[m[K,
[1.586s]                  from [01m[K/opt/ros/foxy/include/rclcpp/any_executable.hpp:25[m[K,
[1.586s]                  from [01m[K/opt/ros/foxy/include/rclcpp/memory_strategy.hpp:24[m[K,
[1.586s]                  from [01m[K/opt/ros/foxy/include/rclcpp/memory_strategies.hpp:18[m[K,
[1.586s]                  from [01m[K/opt/ros/foxy/include/rclcpp/executor_options.hpp:20[m[K,
[1.586s]                  from [01m[K/opt/ros/foxy/include/rclcpp/executor.hpp:33[m[K,
[1.586s]                  from [01m[K/opt/ros/foxy/include/rclcpp/executors/multi_threaded_executor.hpp:26[m[K,
[1.586s]                  from [01m[K/opt/ros/foxy/include/rclcpp/executors.hpp:21[m[K,
[1.586s]                  from [01m[K/opt/ros/foxy/include/rclcpp/rclcpp.hpp:146[m[K,
[1.586s]                  from [01m[K/home/usama/autoronto/coding_test/src/coding_challenge/src/publisher_member_function.cpp:18[m[K:
[1.586s] [01m[K/opt/ros/foxy/include/rclcpp/publisher.hpp:185:3:[m[K [01;36m[Knote: [m[Kcandidate: ‘[01m[Kvoid rclcpp::Publisher<MessageT, AllocatorT>::publish(std::unique_ptr<MessageT, typename std::conditional<std::is_same<typename std::allocator_traits<typename std::allocator_traits<_Alloc>::rebind_traits<MessageT>::allocator_type>::rebind_alloc<MessageT>, typename std::allocator<void>::rebind<_Tp1>::other>::value, std::default_delete<_Tp>, rclcpp::allocator::AllocatorDeleter<typename std::allocator_traits<_Alloc>::rebind_traits<MessageT>::allocator_type> >::type>) [with MessageT = std_msgs::msg::Int8_<std::allocator<void> >; AllocatorT = std::allocator<void>; typename std::conditional<std::is_same<typename std::allocator_traits<typename std::allocator_traits<_Alloc>::rebind_traits<MessageT>::allocator_type>::rebind_alloc<MessageT>, typename std::allocator<void>::rebind<_Tp1>::other>::value, std::default_delete<_Tp>, rclcpp::allocator::AllocatorDeleter<typename std::allocator_traits<_Alloc>::rebind_traits<MessageT>::allocator_type> >::type = std::default_delete<std_msgs::msg::Int8_<std::allocator<void> > >][m[K’
[1.586s]   185 |   [01;36m[Kpublish[m[K(std::unique_ptr<MessageT, MessageDeleter> msg)
[1.586s]       |   [01;36m[K^~~~~~~[m[K
[1.586s] [01m[K/opt/ros/foxy/include/rclcpp/publisher.hpp:185:53:[m[K [01;36m[Knote: [m[K  no known conversion for argument 1 from ‘[01m[Kstd_msgs::msg::Int8MultiArray_<std::allocator<void> >[m[K’ to ‘[01m[Kstd::unique_ptr<std_msgs::msg::Int8_<std::allocator<void> >, std::default_delete<std_msgs::msg::Int8_<std::allocator<void> > > >[m[K’
[1.586s]   185 |   publish([01;36m[Kstd::unique_ptr<MessageT, MessageDeleter> msg[m[K)
[1.586s]       |           [01;36m[K~~~~~~~~~~~~~~~~~~~~~~~~~~~~~~~~~~~~~~~~~~^~~[m[K
[1.586s] [01m[K/opt/ros/foxy/include/rclcpp/publisher.hpp:209:3:[m[K [01;36m[Knote: [m[Kcandidate: ‘[01m[Kvoid rclcpp::Publisher<MessageT, AllocatorT>::publish(const MessageT&) [with MessageT = std_msgs::msg::Int8_<std::allocator<void> >; AllocatorT = std::allocator<void>][m[K’
[1.586s]   209 |   [01;36m[Kpublish[m[K(const MessageT & msg)
[1.587s]       |   [01;36m[K^~~~~~~[m[K
[1.587s] [01m[K/opt/ros/foxy/include/rclcpp/publisher.hpp:209:28:[m[K [01;36m[Knote: [m[K  no known conversion for argument 1 from ‘[01m[Kstd_msgs::msg::Int8MultiArray_<std::allocator<void> >[m[K’ to ‘[01m[Kconst std_msgs::msg::Int8_<std::allocator<void> >&[m[K’
[1.587s]   209 |   publish([01;36m[Kconst MessageT & msg[m[K)
[1.587s]       |           [01;36m[K~~~~~~~~~~~~~~~~~^~~[m[K
[1.587s] [01m[K/opt/ros/foxy/include/rclcpp/publisher.hpp:226:3:[m[K [01;36m[Knote: [m[Kcandidate: ‘[01m[Kvoid rclcpp::Publisher<MessageT, AllocatorT>::publish(const rcl_serialized_message_t&) [with MessageT = std_msgs::msg::Int8_<std::allocator<void> >; AllocatorT = std::allocator<void>; rcl_serialized_message_t = rcutils_uint8_array_t][m[K’
[1.587s]   226 |   [01;36m[Kpublish[m[K(const rcl_serialized_message_t & serialized_msg)
[1.587s]       |   [01;36m[K^~~~~~~[m[K
[1.587s] [01m[K/opt/ros/foxy/include/rclcpp/publisher.hpp:226:44:[m[K [01;36m[Knote: [m[K  no known conversion for argument 1 from ‘[01m[Kstd_msgs::msg::Int8MultiArray_<std::allocator<void> >[m[K’ to ‘[01m[Kconst rcl_serialized_message_t&[m[K’ {aka ‘[01m[Kconst rcutils_uint8_array_t&[m[K’}
[1.587s]   226 |   publish([01;36m[Kconst rcl_serialized_message_t & serialized_msg[m[K)
[1.587s]       |           [01;36m[K~~~~~~~~~~~~~~~~~~~~~~~~~~~~~~~~~^~~~~~~~~~~~~~[m[K
[1.587s] [01m[K/opt/ros/foxy/include/rclcpp/publisher.hpp:232:3:[m[K [01;36m[Knote: [m[Kcandidate: ‘[01m[Kvoid rclcpp::Publisher<MessageT, AllocatorT>::publish(const rclcpp::SerializedMessage&) [with MessageT = std_msgs::msg::Int8_<std::allocator<void> >; AllocatorT = std::allocator<void>][m[K’
[1.587s]   232 |   [01;36m[Kpublish[m[K(const SerializedMessage & serialized_msg)
[1.587s]       |   [01;36m[K^~~~~~~[m[K
[1.587s] [01m[K/opt/ros/foxy/include/rclcpp/publisher.hpp:232:37:[m[K [01;36m[Knote: [m[K  no known conversion for argument 1 from ‘[01m[Kstd_msgs::msg::Int8MultiArray_<std::allocator<void> >[m[K’ to ‘[01m[Kconst rclcpp::SerializedMessage&[m[K’
[1.587s]   232 |   publish([01;36m[Kconst SerializedMessage & serialized_msg[m[K)
[1.587s]       |           [01;36m[K~~~~~~~~~~~~~~~~~~~~~~~~~~^~~~~~~~~~~~~~[m[K
[1.587s] [01m[K/opt/ros/foxy/include/rclcpp/publisher.hpp:246:3:[m[K [01;36m[Knote: [m[Kcandidate: ‘[01m[Kvoid rclcpp::Publisher<MessageT, AllocatorT>::publish(rclcpp::LoanedMessage<MessageT, AllocatorT>&&) [with MessageT = std_msgs::msg::Int8_<std::allocator<void> >; AllocatorT = std::allocator<void>][m[K’
[1.587s]   246 |   [01;36m[Kpublish[m[K(rclcpp::LoanedMessage<MessageT, AllocatorT> && loaned_msg)
[1.587s]       |   [01;36m[K^~~~~~~[m[K
[1.587s] [01m[K/opt/ros/foxy/include/rclcpp/publisher.hpp:246:58:[m[K [01;36m[Knote: [m[K  no known conversion for argument 1 from ‘[01m[Kstd_msgs::msg::Int8MultiArray_<std::allocator<void> >[m[K’ to ‘[01m[Krclcpp::LoanedMessage<std_msgs::msg::Int8_<std::allocator<void> >, std::allocator<void> >&&[m[K’
[1.588s]   246 |   publish([01;36m[Krclcpp::LoanedMessage<MessageT, AllocatorT> && loaned_msg[m[K)
[1.588s]       |           [01;36m[K~~~~~~~~~~~~~~~~~~~~~~~~~~~~~~~~~~~~~~~~~~~~~~~^~~~~~~~~~[m[K
[2.289s] make[2]: *** [CMakeFiles/talker.dir/build.make:63: CMakeFiles/talker.dir/src/publisher_member_function.cpp.o] Error 1
[2.295s] make[1]: *** [CMakeFiles/Makefile2:107: CMakeFiles/talker.dir/all] Error 2
[2.296s] make: *** [Makefile:141: all] Error 2
[2.301s] Invoked command in '/home/usama/autoronto/coding_test/build/coding_challenge' returned '2': CMAKE_PREFIX_PATH=/opt/ros/foxy /usr/bin/cmake --build /home/usama/autoronto/coding_test/build/coding_challenge -- -j8 -l8
