[0.020s] Invoking command in '/home/usama/autoronto/coding_test/build/coding_challenge': CMAKE_PREFIX_PATH=/opt/ros/foxy /usr/bin/cmake --build /home/usama/autoronto/coding_test/build/coding_challenge -- -j8 -l8
[0.062s] [35m[1mScanning dependencies of target listener[0m
[0.076s] [ 50%] Built target talker
[0.086s] [ 75%] [32mBuilding CXX object CMakeFiles/listener.dir/src/subscriber_member_function.cpp.o[0m
[7.420s] [100%] [32m[1mLinking CXX executable listener[0m
[7.661s] [100%] Built target listener
[7.700s] Invoked command in '/home/usama/autoronto/coding_test/build/coding_challenge' returned '0': CMAKE_PREFIX_PATH=/opt/ros/foxy /usr/bin/cmake --build /home/usama/autoronto/coding_test/build/coding_challenge -- -j8 -l8
[7.755s] Invoking command in '/home/usama/autoronto/coding_test/build/coding_challenge': CMAKE_PREFIX_PATH=/opt/ros/foxy /usr/bin/cmake --install /home/usama/autoronto/coding_test/build/coding_challenge
[7.763s] -- Install configuration: ""
[7.769s] -- Up-to-date: /home/usama/autoronto/coding_test/install/coding_challenge/lib/coding_challenge/talker
[7.769s] -- Installing: /home/usama/autoronto/coding_test/install/coding_challenge/lib/coding_challenge/listener
[7.775s] -- Set runtime path of "/home/usama/autoronto/coding_test/install/coding_challenge/lib/coding_challenge/listener" to ""
[7.776s] -- Up-to-date: /home/usama/autoronto/coding_test/install/coding_challenge/share/ament_index/resource_index/package_run_dependencies/coding_challenge
[7.778s] -- Up-to-date: /home/usama/autoronto/coding_test/install/coding_challenge/share/ament_index/resource_index/parent_prefix_path/coding_challenge
[7.780s] -- Up-to-date: /home/usama/autoronto/coding_test/install/coding_challenge/share/coding_challenge/environment/ament_prefix_path.sh
[7.782s] -- Up-to-date: /home/usama/autoronto/coding_test/install/coding_challenge/share/coding_challenge/environment/ament_prefix_path.dsv
[7.783s] -- Up-to-date: /home/usama/autoronto/coding_test/install/coding_challenge/share/coding_challenge/environment/path.sh
[7.784s] -- Up-to-date: /home/usama/autoronto/coding_test/install/coding_challenge/share/coding_challenge/environment/path.dsv
[7.784s] -- Up-to-date: /home/usama/autoronto/coding_test/install/coding_challenge/share/coding_challenge/local_setup.bash
[7.784s] -- Up-to-date: /home/usama/autoronto/coding_test/install/coding_challenge/share/coding_challenge/local_setup.sh
[7.784s] -- Up-to-date: /home/usama/autoronto/coding_test/install/coding_challenge/share/coding_challenge/local_setup.zsh
[7.784s] -- Up-to-date: /home/usama/autoronto/coding_test/install/coding_challenge/share/coding_challenge/local_setup.dsv
[7.785s] -- Installing: /home/usama/autoronto/coding_test/install/coding_challenge/share/coding_challenge/package.dsv
[7.790s] -- Up-to-date: /home/usama/autoronto/coding_test/install/coding_challenge/share/ament_index/resource_index/packages/coding_challenge
[7.791s] -- Up-to-date: /home/usama/autoronto/coding_test/install/coding_challenge/share/coding_challenge/cmake/coding_challengeConfig.cmake
[7.792s] -- Up-to-date: /home/usama/autoronto/coding_test/install/coding_challenge/share/coding_challenge/cmake/coding_challengeConfig-version.cmake
[7.792s] -- Up-to-date: /home/usama/autoronto/coding_test/install/coding_challenge/share/coding_challenge/package.xml
[7.794s] Invoked command in '/home/usama/autoronto/coding_test/build/coding_challenge' returned '0': CMAKE_PREFIX_PATH=/opt/ros/foxy /usr/bin/cmake --install /home/usama/autoronto/coding_test/build/coding_challenge
