[0.019s] Invoking command in '/home/usama/autoronto/coding_test/build/coding_challenge': CMAKE_PREFIX_PATH=/opt/ros/foxy /usr/bin/cmake --build /home/usama/autoronto/coding_test/build/coding_challenge -- -j8 -l8
[0.057s] [35m[1mScanning dependencies of target listener[0m
[0.072s] [ 50%] Built target talker
[0.082s] [ 75%] [32mBuilding CXX object CMakeFiles/listener.dir/src/subscriber_member_function.cpp.o[0m
[1.076s] In file included from [01m[K/opt/ros/foxy/include/rclcpp/client.hpp:40[m[K,
[1.076s]                  from [01m[K/opt/ros/foxy/include/rclcpp/callback_group.hpp:23[m[K,
[1.076s]                  from [01m[K/opt/ros/foxy/include/rclcpp/any_executable.hpp:20[m[K,
[1.076s]                  from [01m[K/opt/ros/foxy/include/rclcpp/memory_strategy.hpp:24[m[K,
[1.077s]                  from [01m[K/opt/ros/foxy/include/rclcpp/memory_strategies.hpp:18[m[K,
[1.077s]                  from [01m[K/opt/ros/foxy/include/rclcpp/executor_options.hpp:20[m[K,
[1.077s]                  from [01m[K/opt/ros/foxy/include/rclcpp/executor.hpp:33[m[K,
[1.077s]                  from [01m[K/opt/ros/foxy/include/rclcpp/executors/multi_threaded_executor.hpp:26[m[K,
[1.077s]                  from [01m[K/opt/ros/foxy/include/rclcpp/executors.hpp:21[m[K,
[1.077s]                  from [01m[K/opt/ros/foxy/include/rclcpp/rclcpp.hpp:146[m[K,
[1.077s]                  from [01m[K/opt/ros/foxy/include/message_filters/subscriber.h:38[m[K,
[1.077s]                  from [01m[K/home/usama/autoronto/coding_test/src/coding_challenge/src/subscriber_member_function.cpp:21[m[K:
[1.077s] [01m[K/home/usama/autoronto/coding_test/src/coding_challenge/src/subscriber_member_function.cpp:[m[K In member function ‘[01m[Kvoid MinimalSubscriber::timer_callback()[m[K’:
[1.077s] [01m[K/home/usama/autoronto/coding_test/src/coding_challenge/src/subscriber_member_function.cpp:68:70:[m[K [01;31m[Kerror: [m[K‘[01m[Kusing _data_type = class std::vector<signed char, std::allocator<signed char> >[m[K’ {aka ‘[01m[Kclass std::vector<signed char, std::allocator<signed char> >[m[K’} has no member named ‘[01m[Kc_str[m[K’
[1.077s]    68 |     RCLCPP_INFO(this->get_logger(), "Publishing: '%s'", message.data.[01;31m[Kc_str[m[K());
[1.077s]       |                                                                      [01;31m[K^~~~~[m[K
[1.089s] [01m[K/home/usama/autoronto/coding_test/src/coding_challenge/src/subscriber_member_function.cpp:[m[K In member function ‘[01m[Kvoid MinimalSubscriber::callback(std_msgs::msg::Int8MultiArray, std_msgs::msg::Int8)[m[K’:
[1.089s] [01m[K/home/usama/autoronto/coding_test/src/coding_challenge/src/subscriber_member_function.cpp:74:5:[m[K [01;31m[Kerror: [m[K‘[01m[Kunordered_map[m[K’ was not declared in this scope; did you mean ‘[01m[Kstd::unordered_map[m[K’?
[1.089s]    74 |     [01;31m[Kunordered_map[m[K<int,int> map;
[1.089s]       |     [01;31m[K^~~~~~~~~~~~~[m[K
[1.089s]       |     [32m[Kstd::unordered_map[m[K
[1.089s] In file included from [01m[K/usr/include/c++/9/unordered_map:47[m[K,
[1.090s]                  from [01m[K/home/usama/autoronto/coding_test/src/coding_challenge/src/subscriber_member_function.cpp:18[m[K:
[1.090s] [01m[K/usr/include/c++/9/bits/unordered_map.h:102:11:[m[K [01;36m[Knote: [m[K‘[01m[Kstd::unordered_map[m[K’ declared here
[1.090s]   102 |     class [01;36m[Kunordered_map[m[K
[1.090s]       |           [01;36m[K^~~~~~~~~~~~~[m[K
[1.092s] [01m[K/home/usama/autoronto/coding_test/src/coding_challenge/src/subscriber_member_function.cpp:74:19:[m[K [01;31m[Kerror: [m[Kexpected primary-expression before ‘[01m[Kint[m[K’
[1.092s]    74 |     unordered_map<[01;31m[Kint[m[K,int> map;
[1.092s]       |                   [01;31m[K^~~[m[K
[1.092s] [01m[K/home/usama/autoronto/coding_test/src/coding_challenge/src/subscriber_member_function.cpp:76:41:[m[K [01;31m[Kerror: [m[Kbase operand of ‘[01m[K->[m[K’ has non-pointer type ‘[01m[Kconst Int8MultiArray[m[K’ {aka ‘[01m[Kconst std_msgs::msg::Int8MultiArray_<std::allocator<void> >[m[K’}
[1.092s]    76 |     int8_t array_size = sizeof(array_msg[01;31m[K->[m[Kdata) / sizeof(array_msg->data[0]);
[1.092s]       |                                         [01;31m[K^~[m[K
[1.092s] [01m[K/home/usama/autoronto/coding_test/src/coding_challenge/src/subscriber_member_function.cpp:76:67:[m[K [01;31m[Kerror: [m[Kbase operand of ‘[01m[K->[m[K’ has non-pointer type ‘[01m[Kconst Int8MultiArray[m[K’ {aka ‘[01m[Kconst std_msgs::msg::Int8MultiArray_<std::allocator<void> >[m[K’}
[1.092s]    76 |     int8_t array_size = sizeof(array_msg->data) / sizeof(array_msg[01;31m[K->[m[Kdata[0]);
[1.092s]       |                                                                   [01;31m[K^~[m[K
[1.092s] [01m[K/home/usama/autoronto/coding_test/src/coding_challenge/src/subscriber_member_function.cpp:79:31:[m[K [01;31m[Kerror: [m[Kbase operand of ‘[01m[K->[m[K’ has non-pointer type ‘[01m[Kconst Int8[m[K’ {aka ‘[01m[Kconst std_msgs::msg::Int8_<std::allocator<void> >[m[K’}
[1.092s]    79 |       int8_t temp = target_msg[01;31m[K->[m[Kdata - array_msg->data[i];
[1.092s]       |                               [01;31m[K^~[m[K
[1.092s] [01m[K/home/usama/autoronto/coding_test/src/coding_challenge/src/subscriber_member_function.cpp:79:49:[m[K [01;31m[Kerror: [m[Kbase operand of ‘[01m[K->[m[K’ has non-pointer type ‘[01m[Kconst Int8MultiArray[m[K’ {aka ‘[01m[Kconst std_msgs::msg::Int8MultiArray_<std::allocator<void> >[m[K’}
[1.092s]    79 |       int8_t temp = target_msg->data - array_msg[01;31m[K->[m[Kdata[i];
[1.092s]       |                                                 [01;31m[K^~[m[K
[1.092s] [01m[K/home/usama/autoronto/coding_test/src/coding_challenge/src/subscriber_member_function.cpp:81:10:[m[K [01;31m[Kerror: [m[K‘[01m[Kmap[m[K’ was not declared in this scope; did you mean ‘[01m[Kstd::map[m[K’?
[1.092s]    81 |       if([01;31m[Kmap[m[K.find(temp) != map.end()){
[1.092s]       |          [01;31m[K^~~[m[K
[1.093s]       |          [32m[Kstd::map[m[K
[1.093s] In file included from [01m[K/usr/include/c++/9/map:61[m[K,
[1.093s]                  from [01m[K/opt/ros/foxy/include/rclcpp/client.hpp:20[m[K,
[1.093s]                  from [01m[K/opt/ros/foxy/include/rclcpp/callback_group.hpp:23[m[K,
[1.093s]                  from [01m[K/opt/ros/foxy/include/rclcpp/any_executable.hpp:20[m[K,
[1.093s]                  from [01m[K/opt/ros/foxy/include/rclcpp/memory_strategy.hpp:24[m[K,
[1.093s]                  from [01m[K/opt/ros/foxy/include/rclcpp/memory_strategies.hpp:18[m[K,
[1.093s]                  from [01m[K/opt/ros/foxy/include/rclcpp/executor_options.hpp:20[m[K,
[1.093s]                  from [01m[K/opt/ros/foxy/include/rclcpp/executor.hpp:33[m[K,
[1.093s]                  from [01m[K/opt/ros/foxy/include/rclcpp/executors/multi_threaded_executor.hpp:26[m[K,
[1.093s]                  from [01m[K/opt/ros/foxy/include/rclcpp/executors.hpp:21[m[K,
[1.093s]                  from [01m[K/opt/ros/foxy/include/rclcpp/rclcpp.hpp:146[m[K,
[1.093s]                  from [01m[K/opt/ros/foxy/include/message_filters/subscriber.h:38[m[K,
[1.093s]                  from [01m[K/home/usama/autoronto/coding_test/src/coding_challenge/src/subscriber_member_function.cpp:21[m[K:
[1.093s] [01m[K/usr/include/c++/9/bits/stl_map.h:100:11:[m[K [01;36m[Knote: [m[K‘[01m[Kstd::map[m[K’ declared here
[1.093s]   100 |     class [01;36m[Kmap[m[K
[1.093s]       |           [01;36m[K^~~[m[K
[1.093s] [01m[K/home/usama/autoronto/coding_test/src/coding_challenge/src/subscriber_member_function.cpp:86:7:[m[K [01;31m[Kerror: [m[K‘[01m[Kmap[m[K’ was not declared in this scope; did you mean ‘[01m[Kstd::map[m[K’?
[1.093s]    86 |       [01;31m[Kmap[m[K[temp] = i;
[1.093s]       |       [01;31m[K^~~[m[K
[1.093s]       |       [32m[Kstd::map[m[K
[1.093s] In file included from [01m[K/usr/include/c++/9/map:61[m[K,
[1.093s]                  from [01m[K/opt/ros/foxy/include/rclcpp/client.hpp:20[m[K,
[1.093s]                  from [01m[K/opt/ros/foxy/include/rclcpp/callback_group.hpp:23[m[K,
[1.093s]                  from [01m[K/opt/ros/foxy/include/rclcpp/any_executable.hpp:20[m[K,
[1.093s]                  from [01m[K/opt/ros/foxy/include/rclcpp/memory_strategy.hpp:24[m[K,
[1.093s]                  from [01m[K/opt/ros/foxy/include/rclcpp/memory_strategies.hpp:18[m[K,
[1.094s]                  from [01m[K/opt/ros/foxy/include/rclcpp/executor_options.hpp:20[m[K,
[1.094s]                  from [01m[K/opt/ros/foxy/include/rclcpp/executor.hpp:33[m[K,
[1.094s]                  from [01m[K/opt/ros/foxy/include/rclcpp/executors/multi_threaded_executor.hpp:26[m[K,
[1.094s]                  from [01m[K/opt/ros/foxy/include/rclcpp/executors.hpp:21[m[K,
[1.094s]                  from [01m[K/opt/ros/foxy/include/rclcpp/rclcpp.hpp:146[m[K,
[1.094s]                  from [01m[K/opt/ros/foxy/include/message_filters/subscriber.h:38[m[K,
[1.094s]                  from [01m[K/home/usama/autoronto/coding_test/src/coding_challenge/src/subscriber_member_function.cpp:21[m[K:
[1.094s] [01m[K/usr/include/c++/9/bits/stl_map.h:100:11:[m[K [01;36m[Knote: [m[K‘[01m[Kstd::map[m[K’ declared here
[1.094s]   100 |     class [01;36m[Kmap[m[K
[1.094s]       |           [01;36m[K^~~[m[K
[3.056s] make[2]: *** [CMakeFiles/listener.dir/build.make:63: CMakeFiles/listener.dir/src/subscriber_member_function.cpp.o] Error 1
[3.056s] make[1]: *** [CMakeFiles/Makefile2:80: CMakeFiles/listener.dir/all] Error 2
[3.075s] make: *** [Makefile:141: all] Error 2
[3.086s] Invoked command in '/home/usama/autoronto/coding_test/build/coding_challenge' returned '2': CMAKE_PREFIX_PATH=/opt/ros/foxy /usr/bin/cmake --build /home/usama/autoronto/coding_test/build/coding_challenge -- -j8 -l8
