[35m[1mScanning dependencies of target listener[0m
[ 50%] Built target talker
[ 75%] [32mBuilding CXX object CMakeFiles/listener.dir/src/subscriber_member_function.cpp.o[0m
[01m[K/home/usama/autoronto/coding_test/src/coding_challenge/src/subscriber_member_function.cpp:[m[K In constructor ‘[01m[KMinimalSubscriber::MinimalSubscriber()[m[K’:
[01m[K/home/usama/autoronto/coding_test/src/coding_challenge/src/subscriber_member_function.cpp:45:73:[m[K [01;31m[Kerror: [m[K‘[01m[K_1[m[K’ was not declared in this scope; did you mean ‘[01m[Kstd::placeholders::_1[m[K’?
   45 |       "/input", 10, std::bind(&MinimalSubscriber::input_callback, this, [01;31m[K_1[m[K));
      |                                                                         [01;31m[K^~[m[K
      |                                                                         [32m[Kstd::placeholders::_1[m[K
In file included from [01m[K/opt/ros/foxy/include/rclcpp/context.hpp:19[m[K,
                 from [01m[K/opt/ros/foxy/include/rclcpp/contexts/default_context.hpp:18[m[K,
                 from [01m[K/opt/ros/foxy/include/rclcpp/executor.hpp:32[m[K,
                 from [01m[K/opt/ros/foxy/include/rclcpp/executors/multi_threaded_executor.hpp:26[m[K,
                 from [01m[K/opt/ros/foxy/include/rclcpp/executors.hpp:21[m[K,
                 from [01m[K/opt/ros/foxy/include/rclcpp/rclcpp.hpp:146[m[K,
                 from [01m[K/home/usama/autoronto/coding_test/src/coding_challenge/src/subscriber_member_function.cpp:25[m[K:
[01m[K/usr/include/c++/9/functional:211:34:[m[K [01;36m[Knote: [m[K‘[01m[Kstd::placeholders::_1[m[K’ declared here
  211 |     extern const _Placeholder<1> [01;36m[K_1[m[K;
      |                                  [01;36m[K^~[m[K
[01m[K/home/usama/autoronto/coding_test/src/coding_challenge/src/subscriber_member_function.cpp:[m[K In function ‘[01m[Kvoid separate_allback(const ConstSharedPtr&, const ConstSharedPtr&, std::vector<signed char, std::allocator<signed char> >&)[m[K’:
[01m[K/home/usama/autoronto/coding_test/src/coding_challenge/src/subscriber_member_function.cpp:134:12:[m[K [01;35m[Kwarning: [m[Kunused variable ‘[01m[Knum[m[K’ [[01;35m[K-Wunused-variable[m[K]
  134 |     int8_t [01;35m[Knum[m[K = 8;
      |            [01;35m[K^~~[m[K
make[2]: *** [CMakeFiles/listener.dir/build.make:63: CMakeFiles/listener.dir/src/subscriber_member_function.cpp.o] Error 1
make[1]: *** [CMakeFiles/Makefile2:80: CMakeFiles/listener.dir/all] Error 2
make: *** [Makefile:141: all] Error 2
