[01m[K/home/usama/autoronto/coding_test/src/coding_challenge/src/subscriber_member_function.cpp:[m[K In constructor ‘[01m[KMinimalSubscriber::MinimalSubscriber()[m[K’:
[01m[K/home/usama/autoronto/coding_test/src/coding_challenge/src/subscriber_member_function.cpp:37:42:[m[K [01;31m[Kerror: [m[Kno matching function for call to ‘[01m[Kmessage_filters::Subscriber<std_msgs::msg::Int8MultiArray_<std::allocator<void> > >::subscribe(MinimalSubscriber*, const char [7], int)[m[K’
   37 |     array_sub_.subscribe(this,"/input",10[01;31m[K)[m[K;
      |                                          [01;31m[K^[m[K
In file included from [01m[K/home/usama/autoronto/coding_test/src/coding_challenge/src/subscriber_member_function.cpp:20[m[K:
[01m[K/opt/ros/foxy/include/message_filters/subscriber.h:145:8:[m[K [01;36m[Knote: [m[Kcandidate: ‘[01m[Kvoid message_filters::Subscriber<M>::subscribe(rclcpp::Node::SharedPtr, const string&, rmw_qos_profile_t) [with M = std_msgs::msg::Int8MultiArray_<std::allocator<void> >; rclcpp::Node::SharedPtr = std::shared_ptr<rclcpp::Node>; std::string = std::__cxx11::basic_string<char>; rmw_qos_profile_t = rmw_qos_profile_t][m[K’
  145 |   void [01;36m[Ksubscribe[m[K(rclcpp::Node::SharedPtr node, const std::string& topic, const rmw_qos_profile_t qos = rmw_qos_profile_default)
      |        [01;36m[K^~~~~~~~~[m[K
[01m[K/opt/ros/foxy/include/message_filters/subscriber.h:145:42:[m[K [01;36m[Knote: [m[K  no known conversion for argument 1 from ‘[01m[KMinimalSubscriber*[m[K’ to ‘[01m[Krclcpp::Node::SharedPtr[m[K’ {aka ‘[01m[Kstd::shared_ptr<rclcpp::Node>[m[K’}
  145 |   void subscribe([01;36m[Krclcpp::Node::SharedPtr node[m[K, const std::string& topic, const rmw_qos_profile_t qos = rmw_qos_profile_default)
      |                  [01;36m[K~~~~~~~~~~~~~~~~~~~~~~~~^~~~[m[K
[01m[K/opt/ros/foxy/include/message_filters/subscriber.h:162:8:[m[K [01;36m[Knote: [m[Kcandidate: ‘[01m[Kvoid message_filters::Subscriber<M>::subscribe(rclcpp::Node*, const string&, rmw_qos_profile_t) [with M = std_msgs::msg::Int8MultiArray_<std::allocator<void> >; std::string = std::__cxx11::basic_string<char>; rmw_qos_profile_t = rmw_qos_profile_t][m[K’
  162 |   void [01;36m[Ksubscribe[m[K(rclcpp::Node * node, const std::string& topic, const rmw_qos_profile_t qos = rmw_qos_profile_default)
      |        [01;36m[K^~~~~~~~~[m[K
[01m[K/opt/ros/foxy/include/message_filters/subscriber.h:162:89:[m[K [01;36m[Knote: [m[K  no known conversion for argument 3 from ‘[01m[Kint[m[K’ to ‘[01m[Krmw_qos_profile_t[m[K’
  162 |   void subscribe(rclcpp::Node * node, const std::string& topic, [01;36m[Kconst rmw_qos_profile_t qos = rmw_qos_profile_default[m[K)
      |                                                                 [01;36m[K~~~~~~~~~~~~~~~~~~~~~~~~^~~~~~~~~~~~~~~~~~~~~~~~~~~~~[m[K
[01m[K/opt/ros/foxy/include/message_filters/subscriber.h:184:8:[m[K [01;36m[Knote: [m[Kcandidate: ‘[01m[Kvoid message_filters::Subscriber<M>::subscribe() [with M = std_msgs::msg::Int8MultiArray_<std::allocator<void> >][m[K’
  184 |   void [01;36m[Ksubscribe[m[K()
      |        [01;36m[K^~~~~~~~~[m[K
[01m[K/opt/ros/foxy/include/message_filters/subscriber.h:184:8:[m[K [01;36m[Knote: [m[K  candidate expects 0 arguments, 3 provided
[01m[K/home/usama/autoronto/coding_test/src/coding_challenge/src/subscriber_member_function.cpp:38:44:[m[K [01;31m[Kerror: [m[Kno matching function for call to ‘[01m[Kmessage_filters::Subscriber<std_msgs::msg::Int8_<std::allocator<void> > >::subscribe(MinimalSubscriber*, const char [8], int)[m[K’
   38 |     target_sub_.subscribe(this,"/target",10[01;31m[K)[m[K;
      |                                            [01;31m[K^[m[K
In file included from [01m[K/home/usama/autoronto/coding_test/src/coding_challenge/src/subscriber_member_function.cpp:20[m[K:
[01m[K/opt/ros/foxy/include/message_filters/subscriber.h:145:8:[m[K [01;36m[Knote: [m[Kcandidate: ‘[01m[Kvoid message_filters::Subscriber<M>::subscribe(rclcpp::Node::SharedPtr, const string&, rmw_qos_profile_t) [with M = std_msgs::msg::Int8_<std::allocator<void> >; rclcpp::Node::SharedPtr = std::shared_ptr<rclcpp::Node>; std::string = std::__cxx11::basic_string<char>; rmw_qos_profile_t = rmw_qos_profile_t][m[K’
  145 |   void [01;36m[Ksubscribe[m[K(rclcpp::Node::SharedPtr node, const std::string& topic, const rmw_qos_profile_t qos = rmw_qos_profile_default)
      |        [01;36m[K^~~~~~~~~[m[K
[01m[K/opt/ros/foxy/include/message_filters/subscriber.h:145:42:[m[K [01;36m[Knote: [m[K  no known conversion for argument 1 from ‘[01m[KMinimalSubscriber*[m[K’ to ‘[01m[Krclcpp::Node::SharedPtr[m[K’ {aka ‘[01m[Kstd::shared_ptr<rclcpp::Node>[m[K’}
  145 |   void subscribe([01;36m[Krclcpp::Node::SharedPtr node[m[K, const std::string& topic, const rmw_qos_profile_t qos = rmw_qos_profile_default)
      |                  [01;36m[K~~~~~~~~~~~~~~~~~~~~~~~~^~~~[m[K
[01m[K/opt/ros/foxy/include/message_filters/subscriber.h:162:8:[m[K [01;36m[Knote: [m[Kcandidate: ‘[01m[Kvoid message_filters::Subscriber<M>::subscribe(rclcpp::Node*, const string&, rmw_qos_profile_t) [with M = std_msgs::msg::Int8_<std::allocator<void> >; std::string = std::__cxx11::basic_string<char>; rmw_qos_profile_t = rmw_qos_profile_t][m[K’
  162 |   void [01;36m[Ksubscribe[m[K(rclcpp::Node * node, const std::string& topic, const rmw_qos_profile_t qos = rmw_qos_profile_default)
      |        [01;36m[K^~~~~~~~~[m[K
[01m[K/opt/ros/foxy/include/message_filters/subscriber.h:162:89:[m[K [01;36m[Knote: [m[K  no known conversion for argument 3 from ‘[01m[Kint[m[K’ to ‘[01m[Krmw_qos_profile_t[m[K’
  162 |   void subscribe(rclcpp::Node * node, const std::string& topic, [01;36m[Kconst rmw_qos_profile_t qos = rmw_qos_profile_default[m[K)
      |                                                                 [01;36m[K~~~~~~~~~~~~~~~~~~~~~~~~^~~~~~~~~~~~~~~~~~~~~~~~~~~~~[m[K
[01m[K/opt/ros/foxy/include/message_filters/subscriber.h:184:8:[m[K [01;36m[Knote: [m[Kcandidate: ‘[01m[Kvoid message_filters::Subscriber<M>::subscribe() [with M = std_msgs::msg::Int8_<std::allocator<void> >][m[K’
  184 |   void [01;36m[Ksubscribe[m[K()
      |        [01;36m[K^~~~~~~~~[m[K
[01m[K/opt/ros/foxy/include/message_filters/subscriber.h:184:8:[m[K [01;36m[Knote: [m[K  candidate expects 0 arguments, 3 provided
[01m[K/home/usama/autoronto/coding_test/src/coding_challenge/src/subscriber_member_function.cpp:40:45:[m[K [01;31m[Kerror: [m[K‘[01m[KApproximateTime[m[K’ in namespace ‘[01m[Kmessage_filters::sync_policies[m[K’ does not name a template type
   40 |     typedef message_filters::sync_policies::[01;31m[KApproximateTime[m[K<std_msgs::msg::Int8MultiArray, std_msgs::msg::Int8> approximate_policy;
      |                                             [01;31m[K^~~~~~~~~~~~~~~[m[K
[01m[K/home/usama/autoronto/coding_test/src/coding_challenge/src/subscriber_member_function.cpp:41:35:[m[K [01;31m[Kerror: [m[K‘[01m[Kapproximate_policy[m[K’ was not declared in this scope
   41 |     message_filters::Synchronizer<[01;31m[Kapproximate_policy[m[K>syncApproximate(approximate_policy(10), array_sub_, target_sub_);
      |                                   [01;31m[K^~~~~~~~~~~~~~~~~~[m[K
[01m[K/home/usama/autoronto/coding_test/src/coding_challenge/src/subscriber_member_function.cpp:41:53:[m[K [01;31m[Kerror: [m[Ktemplate argument 1 is invalid
   41 |     message_filters::Synchronizer<approximate_policy[01;31m[K>[m[KsyncApproximate(approximate_policy(10), array_sub_, target_sub_);
      |                                                     [01;31m[K^[m[K
[01m[K/home/usama/autoronto/coding_test/src/coding_challenge/src/subscriber_member_function.cpp:41:117:[m[K [01;31m[Kerror: [m[Kexpression list treated as compound expression in initializer [[01;31m[K-fpermissive[m[K]
   41 | s::Synchronizer<approximate_policy>syncApproximate(approximate_policy(10), array_sub_, target_sub_[01;31m[K)[m[K;
      |                                                                                                   [01;31m[K^[m[K

[01m[K/home/usama/autoronto/coding_test/src/coding_challenge/src/subscriber_member_function.cpp:43:21:[m[K [01;31m[Kerror: [m[Krequest for member ‘[01m[KregisterCallback[m[K’ in ‘[01m[KsyncApproximate[m[K’, which is of non-class type ‘[01m[Kint[m[K’
   43 |     syncApproximate.[01;31m[KregisterCallback[m[K(&MinimalSubscriber::callback,this);
      |                     [01;31m[K^~~~~~~~~~~~~~~~[m[K
[01m[K/home/usama/autoronto/coding_test/src/coding_challenge/src/subscriber_member_function.cpp:47:7:[m[K [01;31m[Kerror: [m[Kunable to find numeric literal operator ‘[01m[Koperator""ms[m[K’
   47 |       [01;31m[K500ms[m[K, std::bind(&MinimalSubscriber::timer_callback, this));
      |       [01;31m[K^~~~~[m[K
In file included from [01m[K/opt/ros/foxy/include/rclcpp/client.hpp:40[m[K,
                 from [01m[K/opt/ros/foxy/include/rclcpp/callback_group.hpp:23[m[K,
                 from [01m[K/opt/ros/foxy/include/rclcpp/any_executable.hpp:20[m[K,
                 from [01m[K/opt/ros/foxy/include/rclcpp/memory_strategy.hpp:24[m[K,
                 from [01m[K/opt/ros/foxy/include/rclcpp/memory_strategies.hpp:18[m[K,
                 from [01m[K/opt/ros/foxy/include/rclcpp/executor_options.hpp:20[m[K,
                 from [01m[K/opt/ros/foxy/include/rclcpp/executor.hpp:33[m[K,
                 from [01m[K/opt/ros/foxy/include/rclcpp/executors/multi_threaded_executor.hpp:26[m[K,
                 from [01m[K/opt/ros/foxy/include/rclcpp/executors.hpp:21[m[K,
                 from [01m[K/opt/ros/foxy/include/rclcpp/rclcpp.hpp:146[m[K,
                 from [01m[K/opt/ros/foxy/include/message_filters/subscriber.h:38[m[K,
                 from [01m[K/home/usama/autoronto/coding_test/src/coding_challenge/src/subscriber_member_function.cpp:20[m[K:
[01m[K/home/usama/autoronto/coding_test/src/coding_challenge/src/subscriber_member_function.cpp:[m[K In member function ‘[01m[Kvoid MinimalSubscriber::timer_callback()[m[K’:
[01m[K/home/usama/autoronto/coding_test/src/coding_challenge/src/subscriber_member_function.cpp:65:70:[m[K [01;31m[Kerror: [m[K‘[01m[Kusing _data_type = class std::vector<signed char, std::allocator<signed char> >[m[K’ {aka ‘[01m[Kclass std::vector<signed char, std::allocator<signed char> >[m[K’} has no member named ‘[01m[Kc_str[m[K’
   65 |     RCLCPP_INFO(this->get_logger(), "Publishing: '%s'", message.data.[01;31m[Kc_str[m[K());
      |                                                                      [01;31m[K^~~~~[m[K
[01m[K/home/usama/autoronto/coding_test/src/coding_challenge/src/subscriber_member_function.cpp:[m[K In member function ‘[01m[Kvoid MinimalSubscriber::callback(std_msgs::msg::Int8MultiArray, std_msgs::msg::Int8)[m[K’:
[01m[K/home/usama/autoronto/coding_test/src/coding_challenge/src/subscriber_member_function.cpp:71:5:[m[K [01;31m[Kerror: [m[K‘[01m[Kunordered_map[m[K’ was not declared in this scope; did you mean ‘[01m[Kstd::unordered_map[m[K’?
   71 |     [01;31m[Kunordered_map[m[K<int,int> map;
      |     [01;31m[K^~~~~~~~~~~~~[m[K
      |     [32m[Kstd::unordered_map[m[K
In file included from [01m[K/usr/include/c++/9/unordered_map:47[m[K,
                 from [01m[K/home/usama/autoronto/coding_test/src/coding_challenge/src/subscriber_member_function.cpp:17[m[K:
[01m[K/usr/include/c++/9/bits/unordered_map.h:102:11:[m[K [01;36m[Knote: [m[K‘[01m[Kstd::unordered_map[m[K’ declared here
  102 |     class [01;36m[Kunordered_map[m[K
      |           [01;36m[K^~~~~~~~~~~~~[m[K
[01m[K/home/usama/autoronto/coding_test/src/coding_challenge/src/subscriber_member_function.cpp:71:19:[m[K [01;31m[Kerror: [m[Kexpected primary-expression before ‘[01m[Kint[m[K’
   71 |     unordered_map<[01;31m[Kint[m[K,int> map;
      |                   [01;31m[K^~~[m[K
[01m[K/home/usama/autoronto/coding_test/src/coding_challenge/src/subscriber_member_function.cpp:73:41:[m[K [01;31m[Kerror: [m[Kbase operand of ‘[01m[K->[m[K’ has non-pointer type ‘[01m[Kconst Int8MultiArray[m[K’ {aka ‘[01m[Kconst std_msgs::msg::Int8MultiArray_<std::allocator<void> >[m[K’}
   73 |     int8_t array_size = sizeof(array_msg[01;31m[K->[m[Kdata) / sizeof(array_msg->data[0]);
      |                                         [01;31m[K^~[m[K
[01m[K/home/usama/autoronto/coding_test/src/coding_challenge/src/subscriber_member_function.cpp:73:67:[m[K [01;31m[Kerror: [m[Kbase operand of ‘[01m[K->[m[K’ has non-pointer type ‘[01m[Kconst Int8MultiArray[m[K’ {aka ‘[01m[Kconst std_msgs::msg::Int8MultiArray_<std::allocator<void> >[m[K’}
   73 |     int8_t array_size = sizeof(array_msg->data) / sizeof(array_msg[01;31m[K->[m[Kdata[0]);
      |                                                                   [01;31m[K^~[m[K
[01m[K/home/usama/autoronto/coding_test/src/coding_challenge/src/subscriber_member_function.cpp:76:31:[m[K [01;31m[Kerror: [m[Kbase operand of ‘[01m[K->[m[K’ has non-pointer type ‘[01m[Kconst Int8[m[K’ {aka ‘[01m[Kconst std_msgs::msg::Int8_<std::allocator<void> >[m[K’}
   76 |       int8_t temp = target_msg[01;31m[K->[m[Kdata - array_msg->data[i];
      |                               [01;31m[K^~[m[K
[01m[K/home/usama/autoronto/coding_test/src/coding_challenge/src/subscriber_member_function.cpp:76:49:[m[K [01;31m[Kerror: [m[Kbase operand of ‘[01m[K->[m[K’ has non-pointer type ‘[01m[Kconst Int8MultiArray[m[K’ {aka ‘[01m[Kconst std_msgs::msg::Int8MultiArray_<std::allocator<void> >[m[K’}
   76 |       int8_t temp = target_msg->data - array_msg[01;31m[K->[m[Kdata[i];
      |                                                 [01;31m[K^~[m[K
[01m[K/home/usama/autoronto/coding_test/src/coding_challenge/src/subscriber_member_function.cpp:78:10:[m[K [01;31m[Kerror: [m[K‘[01m[Kmap[m[K’ was not declared in this scope; did you mean ‘[01m[Kstd::map[m[K’?
   78 |       if([01;31m[Kmap[m[K.find(temp) != map.end()){
      |          [01;31m[K^~~[m[K
      |          [32m[Kstd::map[m[K
In file included from [01m[K/usr/include/c++/9/map:61[m[K,
                 from [01m[K/opt/ros/foxy/include/rclcpp/client.hpp:20[m[K,
                 from [01m[K/opt/ros/foxy/include/rclcpp/callback_group.hpp:23[m[K,
                 from [01m[K/opt/ros/foxy/include/rclcpp/any_executable.hpp:20[m[K,
                 from [01m[K/opt/ros/foxy/include/rclcpp/memory_strategy.hpp:24[m[K,
                 from [01m[K/opt/ros/foxy/include/rclcpp/memory_strategies.hpp:18[m[K,
                 from [01m[K/opt/ros/foxy/include/rclcpp/executor_options.hpp:20[m[K,
                 from [01m[K/opt/ros/foxy/include/rclcpp/executor.hpp:33[m[K,
                 from [01m[K/opt/ros/foxy/include/rclcpp/executors/multi_threaded_executor.hpp:26[m[K,
                 from [01m[K/opt/ros/foxy/include/rclcpp/executors.hpp:21[m[K,
                 from [01m[K/opt/ros/foxy/include/rclcpp/rclcpp.hpp:146[m[K,
                 from [01m[K/opt/ros/foxy/include/message_filters/subscriber.h:38[m[K,
                 from [01m[K/home/usama/autoronto/coding_test/src/coding_challenge/src/subscriber_member_function.cpp:20[m[K:
[01m[K/usr/include/c++/9/bits/stl_map.h:100:11:[m[K [01;36m[Knote: [m[K‘[01m[Kstd::map[m[K’ declared here
  100 |     class [01;36m[Kmap[m[K
      |           [01;36m[K^~~[m[K
[01m[K/home/usama/autoronto/coding_test/src/coding_challenge/src/subscriber_member_function.cpp:83:7:[m[K [01;31m[Kerror: [m[K‘[01m[Kmap[m[K’ was not declared in this scope; did you mean ‘[01m[Kstd::map[m[K’?
   83 |       [01;31m[Kmap[m[K[temp] = i;
      |       [01;31m[K^~~[m[K
      |       [32m[Kstd::map[m[K
In file included from [01m[K/usr/include/c++/9/map:61[m[K,
                 from [01m[K/opt/ros/foxy/include/rclcpp/client.hpp:20[m[K,
                 from [01m[K/opt/ros/foxy/include/rclcpp/callback_group.hpp:23[m[K,
                 from [01m[K/opt/ros/foxy/include/rclcpp/any_executable.hpp:20[m[K,
                 from [01m[K/opt/ros/foxy/include/rclcpp/memory_strategy.hpp:24[m[K,
                 from [01m[K/opt/ros/foxy/include/rclcpp/memory_strategies.hpp:18[m[K,
                 from [01m[K/opt/ros/foxy/include/rclcpp/executor_options.hpp:20[m[K,
                 from [01m[K/opt/ros/foxy/include/rclcpp/executor.hpp:33[m[K,
                 from [01m[K/opt/ros/foxy/include/rclcpp/executors/multi_threaded_executor.hpp:26[m[K,
                 from [01m[K/opt/ros/foxy/include/rclcpp/executors.hpp:21[m[K,
                 from [01m[K/opt/ros/foxy/include/rclcpp/rclcpp.hpp:146[m[K,
                 from [01m[K/opt/ros/foxy/include/message_filters/subscriber.h:38[m[K,
                 from [01m[K/home/usama/autoronto/coding_test/src/coding_challenge/src/subscriber_member_function.cpp:20[m[K:
[01m[K/usr/include/c++/9/bits/stl_map.h:100:11:[m[K [01;36m[Knote: [m[K‘[01m[Kstd::map[m[K’ declared here
  100 |     class [01;36m[Kmap[m[K
      |           [01;36m[K^~~[m[K
make[2]: *** [CMakeFiles/listener.dir/build.make:63: CMakeFiles/listener.dir/src/subscriber_member_function.cpp.o] Error 1
make[1]: *** [CMakeFiles/Makefile2:80: CMakeFiles/listener.dir/all] Error 2
make: *** [Makefile:141: all] Error 2
