[0.034s] Invoking command in '/home/usama/autoronto/coding_test/build/turtlesim': CMAKE_PREFIX_PATH=/opt/ros/foxy /usr/bin/cmake --build /home/usama/autoronto/coding_test/build/turtlesim -- -j8 -l8
[0.274s] [  1%] Built target turtlesim__cpp
[0.295s] [ 11%] Built target turtlesim__rosidl_generator_c
[0.401s] [ 21%] Built target turtlesim__rosidl_typesupport_cpp
[0.408s] [ 31%] Built target turtlesim__rosidl_typesupport_c
[0.410s] [ 41%] Built target turtlesim__rosidl_typesupport_introspection_cpp
[0.418s] [ 51%] Built target turtlesim__rosidl_typesupport_introspection_c
[0.418s] [ 61%] Built target turtlesim__rosidl_typesupport_fastrtps_cpp
[0.461s] [ 71%] Built target turtlesim__rosidl_typesupport_fastrtps_c
[0.495s] [ 71%] Built target turtlesim
[0.635s] [ 72%] Built target turtlesim__py
[0.672s] [ 74%] Built target mimic
[0.672s] [ 76%] Built target draw_square
[0.674s] [ 78%] Built target turtle_teleop_key
[0.709s] [ 87%] Built target turtlesim__python
[0.718s] [ 93%] Built target turtlesim_node
[0.786s] [ 95%] Built target turtlesim__rosidl_typesupport_fastrtps_c__pyext
[0.786s] [ 97%] Built target turtlesim__rosidl_typesupport_c__pyext
[0.786s] [100%] Built target turtlesim__rosidl_typesupport_introspection_c__pyext
[0.798s] Invoked command in '/home/usama/autoronto/coding_test/build/turtlesim' returned '0': CMAKE_PREFIX_PATH=/opt/ros/foxy /usr/bin/cmake --build /home/usama/autoronto/coding_test/build/turtlesim -- -j8 -l8
[1.493s] Invoking command in '/home/usama/autoronto/coding_test/build/turtlesim': CMAKE_PREFIX_PATH=/opt/ros/foxy /usr/bin/cmake --install /home/usama/autoronto/coding_test/build/turtlesim
[1.508s] -- Install configuration: ""
[1.510s] -- Up-to-date: /home/usama/autoronto/coding_test/install/turtlesim/share/ament_index/resource_index/rosidl_interfaces/turtlesim
[1.511s] -- Up-to-date: /home/usama/autoronto/coding_test/install/turtlesim/include/turtlesim
[1.513s] -- Up-to-date: /home/usama/autoronto/coding_test/install/turtlesim/include/turtlesim/srv
[1.516s] -- Up-to-date: /home/usama/autoronto/coding_test/install/turtlesim/include/turtlesim/srv/set_pen.h
[1.516s] -- Up-to-date: /home/usama/autoronto/coding_test/install/turtlesim/include/turtlesim/srv/teleport_absolute.h
[1.516s] -- Up-to-date: /home/usama/autoronto/coding_test/install/turtlesim/include/turtlesim/srv/detail
[1.517s] -- Up-to-date: /home/usama/autoronto/coding_test/install/turtlesim/include/turtlesim/srv/detail/teleport_relative__functions.h
[1.517s] -- Up-to-date: /home/usama/autoronto/coding_test/install/turtlesim/include/turtlesim/srv/detail/teleport_absolute__functions.c
[1.517s] -- Up-to-date: /home/usama/autoronto/coding_test/install/turtlesim/include/turtlesim/srv/detail/teleport_relative__functions.c
[1.518s] -- Up-to-date: /home/usama/autoronto/coding_test/install/turtlesim/include/turtlesim/srv/detail/set_pen__struct.h
[1.518s] -- Up-to-date: /home/usama/autoronto/coding_test/install/turtlesim/include/turtlesim/srv/detail/teleport_absolute__struct.h
[1.518s] -- Up-to-date: /home/usama/autoronto/coding_test/install/turtlesim/include/turtlesim/srv/detail/kill__struct.h
[1.518s] -- Up-to-date: /home/usama/autoronto/coding_test/install/turtlesim/include/turtlesim/srv/detail/kill__type_support.h
[1.518s] -- Up-to-date: /home/usama/autoronto/coding_test/install/turtlesim/include/turtlesim/srv/detail/teleport_absolute__functions.h
[1.518s] -- Up-to-date: /home/usama/autoronto/coding_test/install/turtlesim/include/turtlesim/srv/detail/spawn__struct.h
[1.519s] -- Up-to-date: /home/usama/autoronto/coding_test/install/turtlesim/include/turtlesim/srv/detail/set_pen__functions.h
[1.519s] -- Up-to-date: /home/usama/autoronto/coding_test/install/turtlesim/include/turtlesim/srv/detail/teleport_relative__struct.h
[1.519s] -- Up-to-date: /home/usama/autoronto/coding_test/install/turtlesim/include/turtlesim/srv/detail/set_pen__type_support.h
[1.522s] -- Up-to-date: /home/usama/autoronto/coding_test/install/turtlesim/include/turtlesim/srv/detail/set_pen__functions.c
[1.524s] -- Up-to-date: /home/usama/autoronto/coding_test/install/turtlesim/include/turtlesim/srv/detail/teleport_absolute__type_support.h
[1.524s] -- Up-to-date: /home/usama/autoronto/coding_test/install/turtlesim/include/turtlesim/srv/detail/spawn__functions.c
[1.524s] -- Up-to-date: /home/usama/autoronto/coding_test/install/turtlesim/include/turtlesim/srv/detail/kill__functions.c
[1.524s] -- Up-to-date: /home/usama/autoronto/coding_test/install/turtlesim/include/turtlesim/srv/detail/teleport_relative__type_support.h
[1.525s] -- Up-to-date: /home/usama/autoronto/coding_test/install/turtlesim/include/turtlesim/srv/detail/spawn__functions.h
[1.525s] -- Up-to-date: /home/usama/autoronto/coding_test/install/turtlesim/include/turtlesim/srv/detail/kill__functions.h
[1.525s] -- Up-to-date: /home/usama/autoronto/coding_test/install/turtlesim/include/turtlesim/srv/detail/spawn__type_support.h
[1.525s] -- Up-to-date: /home/usama/autoronto/coding_test/install/turtlesim/include/turtlesim/srv/kill.h
[1.525s] -- Up-to-date: /home/usama/autoronto/coding_test/install/turtlesim/include/turtlesim/srv/spawn.h
[1.525s] -- Up-to-date: /home/usama/autoronto/coding_test/install/turtlesim/include/turtlesim/srv/teleport_relative.h
[1.525s] -- Up-to-date: /home/usama/autoronto/coding_test/install/turtlesim/include/turtlesim/action
[1.526s] -- Up-to-date: /home/usama/autoronto/coding_test/install/turtlesim/include/turtlesim/action/detail
[1.526s] -- Up-to-date: /home/usama/autoronto/coding_test/install/turtlesim/include/turtlesim/action/detail/rotate_absolute__functions.h
[1.526s] -- Up-to-date: /home/usama/autoronto/coding_test/install/turtlesim/include/turtlesim/action/detail/rotate_absolute__struct.h
[1.526s] -- Up-to-date: /home/usama/autoronto/coding_test/install/turtlesim/include/turtlesim/action/detail/rotate_absolute__type_support.h
[1.526s] -- Up-to-date: /home/usama/autoronto/coding_test/install/turtlesim/include/turtlesim/action/detail/rotate_absolute__functions.c
[1.527s] -- Up-to-date: /home/usama/autoronto/coding_test/install/turtlesim/include/turtlesim/action/rotate_absolute.h
[1.527s] -- Up-to-date: /home/usama/autoronto/coding_test/install/turtlesim/include/turtlesim/msg
[1.527s] -- Up-to-date: /home/usama/autoronto/coding_test/install/turtlesim/include/turtlesim/msg/detail
[1.528s] -- Up-to-date: /home/usama/autoronto/coding_test/install/turtlesim/include/turtlesim/msg/detail/pose__functions.h
[1.528s] -- Up-to-date: /home/usama/autoronto/coding_test/install/turtlesim/include/turtlesim/msg/detail/pose__type_support.h
[1.528s] -- Up-to-date: /home/usama/autoronto/coding_test/install/turtlesim/include/turtlesim/msg/detail/color__functions.h
[1.528s] -- Up-to-date: /home/usama/autoronto/coding_test/install/turtlesim/include/turtlesim/msg/detail/color__functions.c
[1.532s] -- Up-to-date: /home/usama/autoronto/coding_test/install/turtlesim/include/turtlesim/msg/detail/color__struct.h
[1.532s] -- Up-to-date: /home/usama/autoronto/coding_test/install/turtlesim/include/turtlesim/msg/detail/pose__struct.h
[1.532s] -- Up-to-date: /home/usama/autoronto/coding_test/install/turtlesim/include/turtlesim/msg/detail/color__type_support.h
[1.532s] -- Up-to-date: /home/usama/autoronto/coding_test/install/turtlesim/include/turtlesim/msg/detail/pose__functions.c
[1.533s] -- Up-to-date: /home/usama/autoronto/coding_test/install/turtlesim/include/turtlesim/msg/rosidl_generator_c__visibility_control.h
[1.533s] -- Up-to-date: /home/usama/autoronto/coding_test/install/turtlesim/include/turtlesim/msg/color.h
[1.533s] -- Up-to-date: /home/usama/autoronto/coding_test/install/turtlesim/include/turtlesim/msg/pose.h
[1.536s] -- Up-to-date: /home/usama/autoronto/coding_test/install/turtlesim/share/turtlesim/environment/library_path.sh
[1.536s] -- Up-to-date: /home/usama/autoronto/coding_test/install/turtlesim/share/turtlesim/environment/library_path.dsv
[1.541s] -- Up-to-date: /home/usama/autoronto/coding_test/install/turtlesim/lib/libturtlesim__rosidl_generator_c.so
[1.544s] -- Up-to-date: /home/usama/autoronto/coding_test/install/turtlesim/include/turtlesim
[1.544s] -- Up-to-date: /home/usama/autoronto/coding_test/install/turtlesim/include/turtlesim/srv
[1.544s] -- Up-to-date: /home/usama/autoronto/coding_test/install/turtlesim/include/turtlesim/srv/detail
[1.544s] -- Up-to-date: /home/usama/autoronto/coding_test/install/turtlesim/include/turtlesim/srv/detail/teleport_absolute__rosidl_typesupport_fastrtps_c.h
[1.544s] -- Up-to-date: /home/usama/autoronto/coding_test/install/turtlesim/include/turtlesim/srv/detail/teleport_relative__rosidl_typesupport_fastrtps_c.h
[1.544s] -- Up-to-date: /home/usama/autoronto/coding_test/install/turtlesim/include/turtlesim/srv/detail/kill__rosidl_typesupport_fastrtps_c.h
[1.544s] -- Up-to-date: /home/usama/autoronto/coding_test/install/turtlesim/include/turtlesim/srv/detail/spawn__rosidl_typesupport_fastrtps_c.h
[1.544s] -- Up-to-date: /home/usama/autoronto/coding_test/install/turtlesim/include/turtlesim/srv/detail/set_pen__rosidl_typesupport_fastrtps_c.h
[1.544s] -- Up-to-date: /home/usama/autoronto/coding_test/install/turtlesim/include/turtlesim/action
[1.544s] -- Up-to-date: /home/usama/autoronto/coding_test/install/turtlesim/include/turtlesim/action/detail
[1.544s] -- Up-to-date: /home/usama/autoronto/coding_test/install/turtlesim/include/turtlesim/action/detail/rotate_absolute__rosidl_typesupport_fastrtps_c.h
[1.544s] -- Up-to-date: /home/usama/autoronto/coding_test/install/turtlesim/include/turtlesim/msg
[1.544s] -- Up-to-date: /home/usama/autoronto/coding_test/install/turtlesim/include/turtlesim/msg/detail
[1.544s] -- Up-to-date: /home/usama/autoronto/coding_test/install/turtlesim/include/turtlesim/msg/detail/color__rosidl_typesupport_fastrtps_c.h
[1.545s] -- Up-to-date: /home/usama/autoronto/coding_test/install/turtlesim/include/turtlesim/msg/detail/pose__rosidl_typesupport_fastrtps_c.h
[1.545s] -- Up-to-date: /home/usama/autoronto/coding_test/install/turtlesim/include/turtlesim/msg/rosidl_typesupport_fastrtps_c__visibility_control.h
[1.545s] -- Up-to-date: /home/usama/autoronto/coding_test/install/turtlesim/lib/libturtlesim__rosidl_typesupport_fastrtps_c.so
[1.550s] -- Up-to-date: /home/usama/autoronto/coding_test/install/turtlesim/include/turtlesim
[1.550s] -- Up-to-date: /home/usama/autoronto/coding_test/install/turtlesim/include/turtlesim/srv
[1.550s] -- Up-to-date: /home/usama/autoronto/coding_test/install/turtlesim/include/turtlesim/srv/detail
[1.550s] -- Up-to-date: /home/usama/autoronto/coding_test/install/turtlesim/include/turtlesim/srv/detail/teleport_absolute__rosidl_typesupport_fastrtps_cpp.hpp
[1.551s] -- Up-to-date: /home/usama/autoronto/coding_test/install/turtlesim/include/turtlesim/srv/detail/kill__rosidl_typesupport_fastrtps_cpp.hpp
[1.551s] -- Up-to-date: /home/usama/autoronto/coding_test/install/turtlesim/include/turtlesim/srv/detail/teleport_relative__rosidl_typesupport_fastrtps_cpp.hpp
[1.551s] -- Up-to-date: /home/usama/autoronto/coding_test/install/turtlesim/include/turtlesim/srv/detail/dds_fastrtps
[1.551s] -- Up-to-date: /home/usama/autoronto/coding_test/install/turtlesim/include/turtlesim/srv/detail/set_pen__rosidl_typesupport_fastrtps_cpp.hpp
[1.551s] -- Up-to-date: /home/usama/autoronto/coding_test/install/turtlesim/include/turtlesim/srv/detail/spawn__rosidl_typesupport_fastrtps_cpp.hpp
[1.551s] -- Up-to-date: /home/usama/autoronto/coding_test/install/turtlesim/include/turtlesim/action
[1.551s] -- Up-to-date: /home/usama/autoronto/coding_test/install/turtlesim/include/turtlesim/action/detail
[1.551s] -- Up-to-date: /home/usama/autoronto/coding_test/install/turtlesim/include/turtlesim/action/detail/rotate_absolute__rosidl_typesupport_fastrtps_cpp.hpp
[1.551s] -- Up-to-date: /home/usama/autoronto/coding_test/install/turtlesim/include/turtlesim/action/detail/dds_fastrtps
[1.552s] -- Up-to-date: /home/usama/autoronto/coding_test/install/turtlesim/include/turtlesim/msg
[1.552s] -- Up-to-date: /home/usama/autoronto/coding_test/install/turtlesim/include/turtlesim/msg/detail
[1.552s] -- Up-to-date: /home/usama/autoronto/coding_test/install/turtlesim/include/turtlesim/msg/detail/pose__rosidl_typesupport_fastrtps_cpp.hpp
[1.552s] -- Up-to-date: /home/usama/autoronto/coding_test/install/turtlesim/include/turtlesim/msg/detail/color__rosidl_typesupport_fastrtps_cpp.hpp
[1.552s] -- Up-to-date: /home/usama/autoronto/coding_test/install/turtlesim/include/turtlesim/msg/detail/dds_fastrtps
[1.552s] -- Up-to-date: /home/usama/autoronto/coding_test/install/turtlesim/include/turtlesim/msg/rosidl_typesupport_fastrtps_cpp__visibility_control.h
[1.553s] -- Up-to-date: /home/usama/autoronto/coding_test/install/turtlesim/lib/libturtlesim__rosidl_typesupport_fastrtps_cpp.so
[1.557s] -- Up-to-date: /home/usama/autoronto/coding_test/install/turtlesim/include/turtlesim
[1.557s] -- Up-to-date: /home/usama/autoronto/coding_test/install/turtlesim/include/turtlesim/srv
[1.557s] -- Up-to-date: /home/usama/autoronto/coding_test/install/turtlesim/include/turtlesim/srv/detail
[1.557s] -- Up-to-date: /home/usama/autoronto/coding_test/install/turtlesim/include/turtlesim/srv/detail/spawn__type_support.c
[1.557s] -- Up-to-date: /home/usama/autoronto/coding_test/install/turtlesim/include/turtlesim/srv/detail/kill__rosidl_typesupport_introspection_c.h
[1.558s] -- Up-to-date: /home/usama/autoronto/coding_test/install/turtlesim/include/turtlesim/srv/detail/set_pen__rosidl_typesupport_introspection_c.h
[1.558s] -- Up-to-date: /home/usama/autoronto/coding_test/install/turtlesim/include/turtlesim/srv/detail/teleport_relative__rosidl_typesupport_introspection_c.h
[1.558s] -- Up-to-date: /home/usama/autoronto/coding_test/install/turtlesim/include/turtlesim/srv/detail/spawn__rosidl_typesupport_introspection_c.h
[1.558s] -- Up-to-date: /home/usama/autoronto/coding_test/install/turtlesim/include/turtlesim/srv/detail/set_pen__type_support.c
[1.558s] -- Up-to-date: /home/usama/autoronto/coding_test/install/turtlesim/include/turtlesim/srv/detail/teleport_absolute__type_support.c
[1.558s] -- Up-to-date: /home/usama/autoronto/coding_test/install/turtlesim/include/turtlesim/srv/detail/kill__type_support.c
[1.558s] -- Up-to-date: /home/usama/autoronto/coding_test/install/turtlesim/include/turtlesim/srv/detail/teleport_relative__type_support.c
[1.558s] -- Up-to-date: /home/usama/autoronto/coding_test/install/turtlesim/include/turtlesim/srv/detail/teleport_absolute__rosidl_typesupport_introspection_c.h
[1.558s] -- Up-to-date: /home/usama/autoronto/coding_test/install/turtlesim/include/turtlesim/action
[1.558s] -- Up-to-date: /home/usama/autoronto/coding_test/install/turtlesim/include/turtlesim/action/detail
[1.558s] -- Up-to-date: /home/usama/autoronto/coding_test/install/turtlesim/include/turtlesim/action/detail/rotate_absolute__rosidl_typesupport_introspection_c.h
[1.558s] -- Up-to-date: /home/usama/autoronto/coding_test/install/turtlesim/include/turtlesim/action/detail/rotate_absolute__type_support.c
[1.558s] -- Up-to-date: /home/usama/autoronto/coding_test/install/turtlesim/include/turtlesim/msg
[1.558s] -- Up-to-date: /home/usama/autoronto/coding_test/install/turtlesim/include/turtlesim/msg/detail
[1.558s] -- Up-to-date: /home/usama/autoronto/coding_test/install/turtlesim/include/turtlesim/msg/detail/pose__rosidl_typesupport_introspection_c.h
[1.558s] -- Up-to-date: /home/usama/autoronto/coding_test/install/turtlesim/include/turtlesim/msg/detail/color__type_support.c
[1.558s] -- Up-to-date: /home/usama/autoronto/coding_test/install/turtlesim/include/turtlesim/msg/detail/pose__type_support.c
[1.558s] -- Up-to-date: /home/usama/autoronto/coding_test/install/turtlesim/include/turtlesim/msg/detail/color__rosidl_typesupport_introspection_c.h
[1.558s] -- Up-to-date: /home/usama/autoronto/coding_test/install/turtlesim/include/turtlesim/msg/rosidl_typesupport_introspection_c__visibility_control.h
[1.559s] -- Up-to-date: /home/usama/autoronto/coding_test/install/turtlesim/lib/libturtlesim__rosidl_typesupport_introspection_c.so
[1.561s] -- Up-to-date: /home/usama/autoronto/coding_test/install/turtlesim/lib/libturtlesim__rosidl_typesupport_c.so
[1.567s] -- Up-to-date: /home/usama/autoronto/coding_test/install/turtlesim/include/turtlesim
[1.567s] -- Up-to-date: /home/usama/autoronto/coding_test/install/turtlesim/include/turtlesim/srv
[1.567s] -- Up-to-date: /home/usama/autoronto/coding_test/install/turtlesim/include/turtlesim/srv/teleport_relative.hpp
[1.567s] -- Up-to-date: /home/usama/autoronto/coding_test/install/turtlesim/include/turtlesim/srv/detail
[1.567s] -- Up-to-date: /home/usama/autoronto/coding_test/install/turtlesim/include/turtlesim/srv/detail/teleport_absolute__builder.hpp
[1.567s] -- Up-to-date: /home/usama/autoronto/coding_test/install/turtlesim/include/turtlesim/srv/detail/spawn__struct.hpp
[1.567s] -- Up-to-date: /home/usama/autoronto/coding_test/install/turtlesim/include/turtlesim/srv/detail/spawn__builder.hpp
[1.567s] -- Up-to-date: /home/usama/autoronto/coding_test/install/turtlesim/include/turtlesim/srv/detail/set_pen__builder.hpp
[1.567s] -- Up-to-date: /home/usama/autoronto/coding_test/install/turtlesim/include/turtlesim/srv/detail/kill__traits.hpp
[1.567s] -- Up-to-date: /home/usama/autoronto/coding_test/install/turtlesim/include/turtlesim/srv/detail/teleport_absolute__struct.hpp
[1.567s] -- Up-to-date: /home/usama/autoronto/coding_test/install/turtlesim/include/turtlesim/srv/detail/set_pen__struct.hpp
[1.567s] -- Up-to-date: /home/usama/autoronto/coding_test/install/turtlesim/include/turtlesim/srv/detail/teleport_absolute__traits.hpp
[1.571s] -- Up-to-date: /home/usama/autoronto/coding_test/install/turtlesim/include/turtlesim/srv/detail/set_pen__traits.hpp
[1.571s] -- Up-to-date: /home/usama/autoronto/coding_test/install/turtlesim/include/turtlesim/srv/detail/teleport_relative__traits.hpp
[1.571s] -- Up-to-date: /home/usama/autoronto/coding_test/install/turtlesim/include/turtlesim/srv/detail/teleport_relative__builder.hpp
[1.571s] -- Up-to-date: /home/usama/autoronto/coding_test/install/turtlesim/include/turtlesim/srv/detail/kill__struct.hpp
[1.571s] -- Up-to-date: /home/usama/autoronto/coding_test/install/turtlesim/include/turtlesim/srv/detail/spawn__traits.hpp
[1.571s] -- Up-to-date: /home/usama/autoronto/coding_test/install/turtlesim/include/turtlesim/srv/detail/kill__builder.hpp
[1.571s] -- Up-to-date: /home/usama/autoronto/coding_test/install/turtlesim/include/turtlesim/srv/detail/teleport_relative__struct.hpp
[1.571s] -- Up-to-date: /home/usama/autoronto/coding_test/install/turtlesim/include/turtlesim/srv/spawn.hpp
[1.571s] -- Up-to-date: /home/usama/autoronto/coding_test/install/turtlesim/include/turtlesim/srv/set_pen.hpp
[1.571s] -- Up-to-date: /home/usama/autoronto/coding_test/install/turtlesim/include/turtlesim/srv/teleport_absolute.hpp
[1.571s] -- Up-to-date: /home/usama/autoronto/coding_test/install/turtlesim/include/turtlesim/srv/kill.hpp
[1.571s] -- Up-to-date: /home/usama/autoronto/coding_test/install/turtlesim/include/turtlesim/action
[1.571s] -- Up-to-date: /home/usama/autoronto/coding_test/install/turtlesim/include/turtlesim/action/rotate_absolute.hpp
[1.571s] -- Up-to-date: /home/usama/autoronto/coding_test/install/turtlesim/include/turtlesim/action/detail
[1.571s] -- Up-to-date: /home/usama/autoronto/coding_test/install/turtlesim/include/turtlesim/action/detail/rotate_absolute__builder.hpp
[1.571s] -- Up-to-date: /home/usama/autoronto/coding_test/install/turtlesim/include/turtlesim/action/detail/rotate_absolute__struct.hpp
[1.571s] -- Up-to-date: /home/usama/autoronto/coding_test/install/turtlesim/include/turtlesim/action/detail/rotate_absolute__traits.hpp
[1.571s] -- Up-to-date: /home/usama/autoronto/coding_test/install/turtlesim/include/turtlesim/msg
[1.571s] -- Up-to-date: /home/usama/autoronto/coding_test/install/turtlesim/include/turtlesim/msg/color.hpp
[1.572s] -- Up-to-date: /home/usama/autoronto/coding_test/install/turtlesim/include/turtlesim/msg/detail
[1.574s] -- Up-to-date: /home/usama/autoronto/coding_test/install/turtlesim/include/turtlesim/msg/detail/pose__struct.hpp
[1.574s] -- Up-to-date: /home/usama/autoronto/coding_test/install/turtlesim/include/turtlesim/msg/detail/color__traits.hpp
[1.574s] -- Up-to-date: /home/usama/autoronto/coding_test/install/turtlesim/include/turtlesim/msg/detail/color__builder.hpp
[1.574s] -- Up-to-date: /home/usama/autoronto/coding_test/install/turtlesim/include/turtlesim/msg/detail/color__struct.hpp
[1.574s] -- Up-to-date: /home/usama/autoronto/coding_test/install/turtlesim/include/turtlesim/msg/detail/pose__builder.hpp
[1.574s] -- Up-to-date: /home/usama/autoronto/coding_test/install/turtlesim/include/turtlesim/msg/detail/pose__traits.hpp
[1.575s] -- Up-to-date: /home/usama/autoronto/coding_test/install/turtlesim/include/turtlesim/msg/pose.hpp
[1.575s] -- Up-to-date: /home/usama/autoronto/coding_test/install/turtlesim/include/turtlesim
[1.575s] -- Up-to-date: /home/usama/autoronto/coding_test/install/turtlesim/include/turtlesim/srv
[1.575s] -- Up-to-date: /home/usama/autoronto/coding_test/install/turtlesim/include/turtlesim/srv/detail
[1.575s] -- Up-to-date: /home/usama/autoronto/coding_test/install/turtlesim/include/turtlesim/srv/detail/teleport_relative__rosidl_typesupport_introspection_cpp.hpp
[1.575s] -- Up-to-date: /home/usama/autoronto/coding_test/install/turtlesim/include/turtlesim/srv/detail/set_pen__rosidl_typesupport_introspection_cpp.hpp
[1.575s] -- Up-to-date: /home/usama/autoronto/coding_test/install/turtlesim/include/turtlesim/srv/detail/kill__rosidl_typesupport_introspection_cpp.hpp
[1.575s] -- Up-to-date: /home/usama/autoronto/coding_test/install/turtlesim/include/turtlesim/srv/detail/kill__type_support.cpp
[1.575s] -- Up-to-date: /home/usama/autoronto/coding_test/install/turtlesim/include/turtlesim/srv/detail/teleport_absolute__type_support.cpp
[1.575s] -- Up-to-date: /home/usama/autoronto/coding_test/install/turtlesim/include/turtlesim/srv/detail/teleport_absolute__rosidl_typesupport_introspection_cpp.hpp
[1.575s] -- Up-to-date: /home/usama/autoronto/coding_test/install/turtlesim/include/turtlesim/srv/detail/spawn__rosidl_typesupport_introspection_cpp.hpp
[1.575s] -- Up-to-date: /home/usama/autoronto/coding_test/install/turtlesim/include/turtlesim/srv/detail/teleport_relative__type_support.cpp
[1.575s] -- Up-to-date: /home/usama/autoronto/coding_test/install/turtlesim/include/turtlesim/srv/detail/spawn__type_support.cpp
[1.575s] -- Up-to-date: /home/usama/autoronto/coding_test/install/turtlesim/include/turtlesim/srv/detail/set_pen__type_support.cpp
[1.575s] -- Up-to-date: /home/usama/autoronto/coding_test/install/turtlesim/include/turtlesim/action
[1.575s] -- Up-to-date: /home/usama/autoronto/coding_test/install/turtlesim/include/turtlesim/action/detail
[1.575s] -- Up-to-date: /home/usama/autoronto/coding_test/install/turtlesim/include/turtlesim/action/detail/rotate_absolute__type_support.cpp
[1.576s] -- Up-to-date: /home/usama/autoronto/coding_test/install/turtlesim/include/turtlesim/action/detail/rotate_absolute__rosidl_typesupport_introspection_cpp.hpp
[1.576s] -- Up-to-date: /home/usama/autoronto/coding_test/install/turtlesim/include/turtlesim/msg
[1.576s] -- Up-to-date: /home/usama/autoronto/coding_test/install/turtlesim/include/turtlesim/msg/detail
[1.576s] -- Up-to-date: /home/usama/autoronto/coding_test/install/turtlesim/include/turtlesim/msg/detail/pose__type_support.cpp
[1.576s] -- Up-to-date: /home/usama/autoronto/coding_test/install/turtlesim/include/turtlesim/msg/detail/pose__rosidl_typesupport_introspection_cpp.hpp
[1.576s] -- Up-to-date: /home/usama/autoronto/coding_test/install/turtlesim/include/turtlesim/msg/detail/color__type_support.cpp
[1.576s] -- Up-to-date: /home/usama/autoronto/coding_test/install/turtlesim/include/turtlesim/msg/detail/color__rosidl_typesupport_introspection_cpp.hpp
[1.577s] -- Up-to-date: /home/usama/autoronto/coding_test/install/turtlesim/lib/libturtlesim__rosidl_typesupport_introspection_cpp.so
[1.580s] -- Up-to-date: /home/usama/autoronto/coding_test/install/turtlesim/lib/libturtlesim__rosidl_typesupport_cpp.so
[1.581s] -- Up-to-date: /home/usama/autoronto/coding_test/install/turtlesim/share/turtlesim/environment/pythonpath.sh
[1.581s] -- Up-to-date: /home/usama/autoronto/coding_test/install/turtlesim/share/turtlesim/environment/pythonpath.dsv
[1.586s] -- Up-to-date: /home/usama/autoronto/coding_test/install/turtlesim/lib/python3.8/site-packages/turtlesim/__init__.py
[1.642s] -- Up-to-date: /home/usama/autoronto/coding_test/install/turtlesim/lib/python3.8/site-packages/turtlesim/action
[1.645s] -- Up-to-date: /home/usama/autoronto/coding_test/install/turtlesim/lib/python3.8/site-packages/turtlesim/action/_rotate_absolute.py
[1.646s] -- Up-to-date: /home/usama/autoronto/coding_test/install/turtlesim/lib/python3.8/site-packages/turtlesim/action/__init__.py
[1.646s] -- Up-to-date: /home/usama/autoronto/coding_test/install/turtlesim/lib/python3.8/site-packages/turtlesim/action/_rotate_absolute_s.c
[1.646s] -- Up-to-date: /home/usama/autoronto/coding_test/install/turtlesim/lib/python3.8/site-packages/turtlesim/msg
[1.646s] -- Up-to-date: /home/usama/autoronto/coding_test/install/turtlesim/lib/python3.8/site-packages/turtlesim/msg/_pose.py
[1.647s] -- Up-to-date: /home/usama/autoronto/coding_test/install/turtlesim/lib/python3.8/site-packages/turtlesim/msg/_pose_s.c
[1.648s] -- Up-to-date: /home/usama/autoronto/coding_test/install/turtlesim/lib/python3.8/site-packages/turtlesim/msg/_color.py
[1.648s] -- Up-to-date: /home/usama/autoronto/coding_test/install/turtlesim/lib/python3.8/site-packages/turtlesim/msg/__init__.py
[1.648s] -- Up-to-date: /home/usama/autoronto/coding_test/install/turtlesim/lib/python3.8/site-packages/turtlesim/msg/_color_s.c
[1.648s] -- Up-to-date: /home/usama/autoronto/coding_test/install/turtlesim/lib/python3.8/site-packages/turtlesim/srv
[1.648s] -- Up-to-date: /home/usama/autoronto/coding_test/install/turtlesim/lib/python3.8/site-packages/turtlesim/srv/_set_pen.py
[1.648s] -- Up-to-date: /home/usama/autoronto/coding_test/install/turtlesim/lib/python3.8/site-packages/turtlesim/srv/_kill_s.c
[1.648s] -- Up-to-date: /home/usama/autoronto/coding_test/install/turtlesim/lib/python3.8/site-packages/turtlesim/srv/_spawn_s.c
[1.648s] -- Up-to-date: /home/usama/autoronto/coding_test/install/turtlesim/lib/python3.8/site-packages/turtlesim/srv/_teleport_absolute_s.c
[1.648s] -- Up-to-date: /home/usama/autoronto/coding_test/install/turtlesim/lib/python3.8/site-packages/turtlesim/srv/__init__.py
[1.648s] -- Up-to-date: /home/usama/autoronto/coding_test/install/turtlesim/lib/python3.8/site-packages/turtlesim/srv/_spawn.py
[1.649s] -- Up-to-date: /home/usama/autoronto/coding_test/install/turtlesim/lib/python3.8/site-packages/turtlesim/srv/_set_pen_s.c
[1.649s] -- Up-to-date: /home/usama/autoronto/coding_test/install/turtlesim/lib/python3.8/site-packages/turtlesim/srv/_teleport_relative.py
[1.649s] -- Up-to-date: /home/usama/autoronto/coding_test/install/turtlesim/lib/python3.8/site-packages/turtlesim/srv/_kill.py
[1.649s] -- Up-to-date: /home/usama/autoronto/coding_test/install/turtlesim/lib/python3.8/site-packages/turtlesim/srv/_teleport_absolute.py
[1.649s] -- Up-to-date: /home/usama/autoronto/coding_test/install/turtlesim/lib/python3.8/site-packages/turtlesim/srv/_teleport_relative_s.c
[1.649s] -- Up-to-date: /home/usama/autoronto/coding_test/install/turtlesim/lib/python3.8/site-packages/turtlesim/turtlesim_s__rosidl_typesupport_fastrtps_c.cpython-38-x86_64-linux-gnu.so
[1.653s] -- Up-to-date: /home/usama/autoronto/coding_test/install/turtlesim/lib/python3.8/site-packages/turtlesim/turtlesim_s__rosidl_typesupport_introspection_c.cpython-38-x86_64-linux-gnu.so
[1.656s] -- Up-to-date: /home/usama/autoronto/coding_test/install/turtlesim/lib/python3.8/site-packages/turtlesim/turtlesim_s__rosidl_typesupport_c.cpython-38-x86_64-linux-gnu.so
[1.658s] -- Up-to-date: /home/usama/autoronto/coding_test/install/turtlesim/lib/libturtlesim__python.so
[1.658s] -- Up-to-date: /home/usama/autoronto/coding_test/install/turtlesim/share/turtlesim/action/RotateAbsolute.idl
[1.660s] -- Up-to-date: /home/usama/autoronto/coding_test/install/turtlesim/share/turtlesim/msg/Color.idl
[1.660s] -- Up-to-date: /home/usama/autoronto/coding_test/install/turtlesim/share/turtlesim/msg/Pose.idl
[1.663s] -- Up-to-date: /home/usama/autoronto/coding_test/install/turtlesim/share/turtlesim/srv/Kill.idl
[1.663s] -- Up-to-date: /home/usama/autoronto/coding_test/install/turtlesim/share/turtlesim/srv/SetPen.idl
[1.663s] -- Up-to-date: /home/usama/autoronto/coding_test/install/turtlesim/share/turtlesim/srv/Spawn.idl
[1.664s] -- Up-to-date: /home/usama/autoronto/coding_test/install/turtlesim/share/turtlesim/srv/TeleportAbsolute.idl
[1.664s] -- Up-to-date: /home/usama/autoronto/coding_test/install/turtlesim/share/turtlesim/srv/TeleportRelative.idl
[1.664s] -- Up-to-date: /home/usama/autoronto/coding_test/install/turtlesim/share/turtlesim/action/RotateAbsolute.action
[1.665s] -- Up-to-date: /home/usama/autoronto/coding_test/install/turtlesim/share/turtlesim/msg/Color.msg
[1.665s] -- Up-to-date: /home/usama/autoronto/coding_test/install/turtlesim/share/turtlesim/msg/Pose.msg
[1.665s] -- Up-to-date: /home/usama/autoronto/coding_test/install/turtlesim/share/turtlesim/srv/Kill.srv
[1.665s] -- Up-to-date: /home/usama/autoronto/coding_test/install/turtlesim/share/turtlesim/srv/Kill_Request.msg
[1.665s] -- Up-to-date: /home/usama/autoronto/coding_test/install/turtlesim/share/turtlesim/srv/Kill_Response.msg
[1.666s] -- Up-to-date: /home/usama/autoronto/coding_test/install/turtlesim/share/turtlesim/srv/SetPen.srv
[1.666s] -- Up-to-date: /home/usama/autoronto/coding_test/install/turtlesim/share/turtlesim/srv/SetPen_Request.msg
[1.668s] -- Up-to-date: /home/usama/autoronto/coding_test/install/turtlesim/share/turtlesim/srv/SetPen_Response.msg
[1.668s] -- Up-to-date: /home/usama/autoronto/coding_test/install/turtlesim/share/turtlesim/srv/Spawn.srv
[1.669s] -- Up-to-date: /home/usama/autoronto/coding_test/install/turtlesim/share/turtlesim/srv/Spawn_Request.msg
[1.669s] -- Up-to-date: /home/usama/autoronto/coding_test/install/turtlesim/share/turtlesim/srv/Spawn_Response.msg
[1.670s] -- Up-to-date: /home/usama/autoronto/coding_test/install/turtlesim/share/turtlesim/srv/TeleportAbsolute.srv
[1.670s] -- Up-to-date: /home/usama/autoronto/coding_test/install/turtlesim/share/turtlesim/srv/TeleportAbsolute_Request.msg
[1.670s] -- Up-to-date: /home/usama/autoronto/coding_test/install/turtlesim/share/turtlesim/srv/TeleportAbsolute_Response.msg
[1.670s] -- Up-to-date: /home/usama/autoronto/coding_test/install/turtlesim/share/turtlesim/srv/TeleportRelative.srv
[1.670s] -- Up-to-date: /home/usama/autoronto/coding_test/install/turtlesim/share/turtlesim/srv/TeleportRelative_Request.msg
[1.674s] -- Up-to-date: /home/usama/autoronto/coding_test/install/turtlesim/share/turtlesim/srv/TeleportRelative_Response.msg
[1.677s] -- Up-to-date: /home/usama/autoronto/coding_test/install/turtlesim/lib/turtlesim/turtlesim_node
[1.685s] -- Up-to-date: /home/usama/autoronto/coding_test/install/turtlesim/lib/turtlesim/turtle_teleop_key
[1.692s] -- Up-to-date: /home/usama/autoronto/coding_test/install/turtlesim/lib/turtlesim/draw_square
[1.700s] -- Up-to-date: /home/usama/autoronto/coding_test/install/turtlesim/lib/turtlesim/mimic
[1.701s] -- Up-to-date: /home/usama/autoronto/coding_test/install/turtlesim/share/turtlesim/images
[1.710s] -- Up-to-date: /home/usama/autoronto/coding_test/install/turtlesim/share/turtlesim/images/crystal.png
[1.710s] -- Up-to-date: /home/usama/autoronto/coding_test/install/turtlesim/share/turtlesim/images/foxy.png
[1.710s] -- Up-to-date: /home/usama/autoronto/coding_test/install/turtlesim/share/turtlesim/images/eloquent.png
[1.713s] -- Up-to-date: /home/usama/autoronto/coding_test/install/turtlesim/share/turtlesim/images/ardent.png
[1.714s] -- Up-to-date: /home/usama/autoronto/coding_test/install/turtlesim/share/turtlesim/images/bouncy.png
[1.714s] -- Up-to-date: /home/usama/autoronto/coding_test/install/turtlesim/share/turtlesim/images/dashing.png
[1.714s] -- Up-to-date: /home/usama/autoronto/coding_test/install/turtlesim/share/turtlesim/launch
[1.718s] -- Up-to-date: /home/usama/autoronto/coding_test/install/turtlesim/share/turtlesim/launch/multisim.launch.py
[1.722s] -- Up-to-date: /home/usama/autoronto/coding_test/install/turtlesim/share/ament_index/resource_index/package_run_dependencies/turtlesim
[1.725s] -- Up-to-date: /home/usama/autoronto/coding_test/install/turtlesim/share/ament_index/resource_index/parent_prefix_path/turtlesim
[1.727s] -- Up-to-date: /home/usama/autoronto/coding_test/install/turtlesim/share/turtlesim/environment/ament_prefix_path.sh
[1.727s] -- Up-to-date: /home/usama/autoronto/coding_test/install/turtlesim/share/turtlesim/environment/ament_prefix_path.dsv
[1.727s] -- Up-to-date: /home/usama/autoronto/coding_test/install/turtlesim/share/turtlesim/environment/path.sh
[1.727s] -- Up-to-date: /home/usama/autoronto/coding_test/install/turtlesim/share/turtlesim/environment/path.dsv
[1.727s] -- Up-to-date: /home/usama/autoronto/coding_test/install/turtlesim/share/turtlesim/local_setup.bash
[1.729s] -- Up-to-date: /home/usama/autoronto/coding_test/install/turtlesim/share/turtlesim/local_setup.sh
[1.730s] -- Up-to-date: /home/usama/autoronto/coding_test/install/turtlesim/share/turtlesim/local_setup.zsh
[1.730s] -- Up-to-date: /home/usama/autoronto/coding_test/install/turtlesim/share/turtlesim/local_setup.dsv
[1.730s] -- Installing: /home/usama/autoronto/coding_test/install/turtlesim/share/turtlesim/package.dsv
[1.738s] -- Up-to-date: /home/usama/autoronto/coding_test/install/turtlesim/share/ament_index/resource_index/packages/turtlesim
[1.749s] -- Up-to-date: /home/usama/autoronto/coding_test/install/turtlesim/share/turtlesim/cmake/turtlesim__rosidl_generator_cExport.cmake
[1.749s] -- Up-to-date: /home/usama/autoronto/coding_test/install/turtlesim/share/turtlesim/cmake/turtlesim__rosidl_generator_cExport-noconfig.cmake
[1.755s] -- Up-to-date: /home/usama/autoronto/coding_test/install/turtlesim/share/turtlesim/cmake/turtlesim__rosidl_typesupport_introspection_cExport.cmake
[1.755s] -- Up-to-date: /home/usama/autoronto/coding_test/install/turtlesim/share/turtlesim/cmake/turtlesim__rosidl_typesupport_introspection_cExport-noconfig.cmake
[1.758s] -- Up-to-date: /home/usama/autoronto/coding_test/install/turtlesim/share/turtlesim/cmake/turtlesim__rosidl_typesupport_cExport.cmake
[1.758s] -- Up-to-date: /home/usama/autoronto/coding_test/install/turtlesim/share/turtlesim/cmake/turtlesim__rosidl_typesupport_cExport-noconfig.cmake
[1.762s] -- Up-to-date: /home/usama/autoronto/coding_test/install/turtlesim/share/turtlesim/cmake/turtlesim__rosidl_generator_cppExport.cmake
[1.767s] -- Up-to-date: /home/usama/autoronto/coding_test/install/turtlesim/share/turtlesim/cmake/turtlesim__rosidl_typesupport_introspection_cppExport.cmake
[1.767s] -- Up-to-date: /home/usama/autoronto/coding_test/install/turtlesim/share/turtlesim/cmake/turtlesim__rosidl_typesupport_introspection_cppExport-noconfig.cmake
[1.774s] -- Up-to-date: /home/usama/autoronto/coding_test/install/turtlesim/share/turtlesim/cmake/turtlesim__rosidl_typesupport_cppExport.cmake
[1.774s] -- Up-to-date: /home/usama/autoronto/coding_test/install/turtlesim/share/turtlesim/cmake/turtlesim__rosidl_typesupport_cppExport-noconfig.cmake
[1.775s] -- Up-to-date: /home/usama/autoronto/coding_test/install/turtlesim/share/turtlesim/cmake/rosidl_cmake-extras.cmake
[1.775s] -- Up-to-date: /home/usama/autoronto/coding_test/install/turtlesim/share/turtlesim/cmake/ament_cmake_export_dependencies-extras.cmake
[1.775s] -- Up-to-date: /home/usama/autoronto/coding_test/install/turtlesim/share/turtlesim/cmake/ament_cmake_export_libraries-extras.cmake
[1.776s] -- Up-to-date: /home/usama/autoronto/coding_test/install/turtlesim/share/turtlesim/cmake/ament_cmake_export_targets-extras.cmake
[1.776s] -- Up-to-date: /home/usama/autoronto/coding_test/install/turtlesim/share/turtlesim/cmake/ament_cmake_export_include_directories-extras.cmake
[1.776s] -- Up-to-date: /home/usama/autoronto/coding_test/install/turtlesim/share/turtlesim/cmake/rosidl_cmake_export_typesupport_libraries-extras.cmake
[1.776s] -- Up-to-date: /home/usama/autoronto/coding_test/install/turtlesim/share/turtlesim/cmake/rosidl_cmake_export_typesupport_targets-extras.cmake
[1.776s] -- Up-to-date: /home/usama/autoronto/coding_test/install/turtlesim/share/turtlesim/cmake/turtlesimConfig.cmake
[1.776s] -- Up-to-date: /home/usama/autoronto/coding_test/install/turtlesim/share/turtlesim/cmake/turtlesimConfig-version.cmake
[1.776s] -- Up-to-date: /home/usama/autoronto/coding_test/install/turtlesim/share/turtlesim/package.xml
[1.781s] Invoked command in '/home/usama/autoronto/coding_test/build/turtlesim' returned '0': CMAKE_PREFIX_PATH=/opt/ros/foxy /usr/bin/cmake --install /home/usama/autoronto/coding_test/build/turtlesim
