[0.020s] Invoking command in '/home/usama/autoronto/coding_test/build/my_package': CMAKE_PREFIX_PATH=/opt/ros/foxy /usr/bin/cmake /home/usama/autoronto/coding_test/src/my_package -DCMAKE_INSTALL_PREFIX=/home/usama/autoronto/coding_test/install/my_package
[0.267s] -- The C compiler identification is GNU 9.3.0
[0.429s] -- The CXX compiler identification is GNU 9.3.0
[0.441s] -- Check for working C compiler: /usr/bin/cc
[0.503s] -- Check for working C compiler: /usr/bin/cc -- works
[0.504s] -- Detecting C compiler ABI info
[0.571s] -- Detecting C compiler ABI info - done
[0.579s] -- Detecting C compile features
[0.580s] -- Detecting C compile features - done
[0.585s] -- Check for working CXX compiler: /usr/bin/c++
[0.647s] -- Check for working CXX compiler: /usr/bin/c++ -- works
[0.647s] -- Detecting CXX compiler ABI info
[0.710s] -- Detecting CXX compiler ABI info - done
[0.719s] -- Detecting CXX compile features
[0.719s] -- Detecting CXX compile features - done
[0.728s] -- Found ament_cmake: 0.9.9 (/opt/ros/foxy/share/ament_cmake/cmake)
[0.757s] -- Found PythonInterp: /usr/bin/python3 (found suitable version "3.8.10", minimum required is "3") 
[0.758s] -- Using PYTHON_EXECUTABLE: /usr/bin/python3
[0.914s] -- Found ament_lint_auto: 0.9.6 (/opt/ros/foxy/share/ament_lint_auto/cmake)
[0.993s] -- Added test 'copyright' to check source files copyright and LICENSE
[0.994s] -- Added test 'cppcheck' to perform static code analysis on C / C++ code
[0.994s] -- Configured cppcheck include dirs: $<BUILD_INTERFACE:/home/usama/autoronto/coding_test/src/my_package/include>
[0.995s] -- Configured cppcheck exclude dirs and/or files: 
[0.995s] -- Added test 'cpplint' to check C / C++ code against the Google style
[0.995s] -- Configured cpplint exclude dirs and/or files: 
[0.998s] -- Added test 'lint_cmake' to check CMake code style
[0.999s] -- Added test 'uncrustify' to check C / C++ code style
[0.999s] -- Configured uncrustify additional arguments: 
[0.999s] -- Added test 'xmllint' to check XML markup files
[1.003s] -- Configuring done
[1.006s] -- Generating done
[1.015s] -- Build files have been written to: /home/usama/autoronto/coding_test/build/my_package
[1.018s] Invoked command in '/home/usama/autoronto/coding_test/build/my_package' returned '0': CMAKE_PREFIX_PATH=/opt/ros/foxy /usr/bin/cmake /home/usama/autoronto/coding_test/src/my_package -DCMAKE_INSTALL_PREFIX=/home/usama/autoronto/coding_test/install/my_package
[1.019s] Invoking command in '/home/usama/autoronto/coding_test/build/my_package': CMAKE_PREFIX_PATH=/opt/ros/foxy /usr/bin/cmake --build /home/usama/autoronto/coding_test/build/my_package -- -j8 -l8
[1.050s] [35m[1mScanning dependencies of target my_node[0m
[1.059s] [ 50%] [32mBuilding CXX object CMakeFiles/my_node.dir/src/my_node.cpp.o[0m
[1.099s] [100%] [32m[1mLinking CXX executable my_node[0m
[1.139s] [100%] Built target my_node
[1.152s] Invoked command in '/home/usama/autoronto/coding_test/build/my_package' returned '0': CMAKE_PREFIX_PATH=/opt/ros/foxy /usr/bin/cmake --build /home/usama/autoronto/coding_test/build/my_package -- -j8 -l8
[1.188s] Invoking command in '/home/usama/autoronto/coding_test/build/my_package': CMAKE_PREFIX_PATH=/opt/ros/foxy /usr/bin/cmake --install /home/usama/autoronto/coding_test/build/my_package
[1.195s] -- Install configuration: ""
[1.195s] -- Installing: /home/usama/autoronto/coding_test/install/my_package/lib/my_package/my_node
[1.195s] -- Installing: /home/usama/autoronto/coding_test/install/my_package/share/ament_index/resource_index/package_run_dependencies/my_package
[1.196s] -- Installing: /home/usama/autoronto/coding_test/install/my_package/share/ament_index/resource_index/parent_prefix_path/my_package
[1.196s] -- Installing: /home/usama/autoronto/coding_test/install/my_package/share/my_package/environment/ament_prefix_path.sh
[1.198s] -- Installing: /home/usama/autoronto/coding_test/install/my_package/share/my_package/environment/ament_prefix_path.dsv
[1.198s] -- Installing: /home/usama/autoronto/coding_test/install/my_package/share/my_package/environment/path.sh
[1.198s] -- Installing: /home/usama/autoronto/coding_test/install/my_package/share/my_package/environment/path.dsv
[1.198s] -- Installing: /home/usama/autoronto/coding_test/install/my_package/share/my_package/local_setup.bash
[1.199s] -- Installing: /home/usama/autoronto/coding_test/install/my_package/share/my_package/local_setup.sh
[1.199s] -- Installing: /home/usama/autoronto/coding_test/install/my_package/share/my_package/local_setup.zsh
[1.199s] -- Installing: /home/usama/autoronto/coding_test/install/my_package/share/my_package/local_setup.dsv
[1.199s] -- Installing: /home/usama/autoronto/coding_test/install/my_package/share/my_package/package.dsv
[1.199s] -- Installing: /home/usama/autoronto/coding_test/install/my_package/share/ament_index/resource_index/packages/my_package
[1.200s] -- Installing: /home/usama/autoronto/coding_test/install/my_package/share/my_package/cmake/my_packageConfig.cmake
[1.200s] -- Installing: /home/usama/autoronto/coding_test/install/my_package/share/my_package/cmake/my_packageConfig-version.cmake
[1.200s] -- Installing: /home/usama/autoronto/coding_test/install/my_package/share/my_package/package.xml
[1.203s] Invoked command in '/home/usama/autoronto/coding_test/build/my_package' returned '0': CMAKE_PREFIX_PATH=/opt/ros/foxy /usr/bin/cmake --install /home/usama/autoronto/coding_test/build/my_package
