[0.067s] Invoking command in '/home/usama/autoronto/coding_test/build/coding_challenge': CMAKE_PREFIX_PATH=/opt/ros/foxy /usr/bin/cmake --build /home/usama/autoronto/coding_test/build/coding_challenge -- -j8 -l8
[1.232s] [35m[1mScanning dependencies of target listener[0m
[1.315s] [ 50%] Built target talker
[1.330s] [ 75%] [32mBuilding CXX object CMakeFiles/listener.dir/src/subscriber_member_function.cpp.o[0m
[2.721s] [01m[K/home/usama/autoronto/coding_test/src/coding_challenge/src/subscriber_member_function.cpp:[m[K In function ‘[01m[Kvoid separate_allback(const ConstSharedPtr&, const ConstSharedPtr&, std::vector<signed char, std::allocator<signed char> >&)[m[K’:
[2.722s] [01m[K/home/usama/autoronto/coding_test/src/coding_challenge/src/subscriber_member_function.cpp:139:12:[m[K [01;35m[Kwarning: [m[Kunused variable ‘[01m[Knum[m[K’ [[01;35m[K-Wunused-variable[m[K]
[2.722s]   139 |     int8_t [01;35m[Knum[m[K = 8;
[2.722s]       |            [01;35m[K^~~[m[K
[8.116s] [100%] [32m[1mLinking CXX executable listener[0m
[8.416s] [100%] Built target listener
[8.462s] Invoked command in '/home/usama/autoronto/coding_test/build/coding_challenge' returned '0': CMAKE_PREFIX_PATH=/opt/ros/foxy /usr/bin/cmake --build /home/usama/autoronto/coding_test/build/coding_challenge -- -j8 -l8
[8.647s] Invoking command in '/home/usama/autoronto/coding_test/build/coding_challenge': CMAKE_PREFIX_PATH=/opt/ros/foxy /usr/bin/cmake --install /home/usama/autoronto/coding_test/build/coding_challenge
[8.660s] -- Install configuration: ""
[8.663s] -- Up-to-date: /home/usama/autoronto/coding_test/install/coding_challenge/lib/coding_challenge/talker
[8.664s] -- Installing: /home/usama/autoronto/coding_test/install/coding_challenge/lib/coding_challenge/listener
[8.670s] -- Set runtime path of "/home/usama/autoronto/coding_test/install/coding_challenge/lib/coding_challenge/listener" to ""
[8.674s] -- Up-to-date: /home/usama/autoronto/coding_test/install/coding_challenge/share/ament_index/resource_index/package_run_dependencies/coding_challenge
[8.675s] -- Up-to-date: /home/usama/autoronto/coding_test/install/coding_challenge/share/ament_index/resource_index/parent_prefix_path/coding_challenge
[8.680s] -- Up-to-date: /home/usama/autoronto/coding_test/install/coding_challenge/share/coding_challenge/environment/ament_prefix_path.sh
[8.681s] -- Up-to-date: /home/usama/autoronto/coding_test/install/coding_challenge/share/coding_challenge/environment/ament_prefix_path.dsv
[8.681s] -- Up-to-date: /home/usama/autoronto/coding_test/install/coding_challenge/share/coding_challenge/environment/path.sh
[8.682s] -- Up-to-date: /home/usama/autoronto/coding_test/install/coding_challenge/share/coding_challenge/environment/path.dsv
[8.683s] -- Up-to-date: /home/usama/autoronto/coding_test/install/coding_challenge/share/coding_challenge/local_setup.bash
[8.683s] -- Up-to-date: /home/usama/autoronto/coding_test/install/coding_challenge/share/coding_challenge/local_setup.sh
[8.683s] -- Up-to-date: /home/usama/autoronto/coding_test/install/coding_challenge/share/coding_challenge/local_setup.zsh
[8.683s] -- Up-to-date: /home/usama/autoronto/coding_test/install/coding_challenge/share/coding_challenge/local_setup.dsv
[8.687s] -- Installing: /home/usama/autoronto/coding_test/install/coding_challenge/share/coding_challenge/package.dsv
[8.700s] -- Up-to-date: /home/usama/autoronto/coding_test/install/coding_challenge/share/ament_index/resource_index/packages/coding_challenge
[8.703s] -- Up-to-date: /home/usama/autoronto/coding_test/install/coding_challenge/share/coding_challenge/cmake/coding_challengeConfig.cmake
[8.704s] -- Up-to-date: /home/usama/autoronto/coding_test/install/coding_challenge/share/coding_challenge/cmake/coding_challengeConfig-version.cmake
[8.704s] -- Up-to-date: /home/usama/autoronto/coding_test/install/coding_challenge/share/coding_challenge/package.xml
[8.707s] Invoked command in '/home/usama/autoronto/coding_test/build/coding_challenge' returned '0': CMAKE_PREFIX_PATH=/opt/ros/foxy /usr/bin/cmake --install /home/usama/autoronto/coding_test/build/coding_challenge
