[0.013s] Invoking command in '/home/usama/autoronto/coding_test/build/coding_challenge': CMAKE_PREFIX_PATH=/opt/ros/foxy /usr/bin/cmake --build /home/usama/autoronto/coding_test/build/coding_challenge -- -j8 -l8
[0.056s] [35m[1mScanning dependencies of target listener[0m
[0.113s] [ 50%] Built target talker
[0.125s] [ 75%] [32mBuilding CXX object CMakeFiles/listener.dir/src/subscriber_member_function.cpp.o[0m
[1.070s] [01m[K/home/usama/autoronto/coding_test/src/coding_challenge/src/subscriber_member_function.cpp:[m[K In constructor ‘[01m[KMinimalSubscriber::MinimalSubscriber()[m[K’:
[1.070s] [01m[K/home/usama/autoronto/coding_test/src/coding_challenge/src/subscriber_member_function.cpp:46:91:[m[K [01;31m[Kerror: [m[Kno matching function for call to ‘[01m[Kmessage_filters::Synchronizer<message_filters::sync_policies::ApproximateTime<std_msgs::msg::Int8MultiArray_<std::allocator<void> >, std_msgs::msg::Int8_<std::allocator<void> > > >::registerCallback(void (MinimalSubscriber::*)(const Int8MultiArray&, const Int8&), const std::_Placeholder<1>&, const std::_Placeholder<2>&)[m[K’
[1.070s]    46 |     syncApproximate.registerCallback(&MinimalSubscriber::callback,_1,std::placeholders::_2[01;31m[K)[m[K;
[1.070s]       |                                                                                           [01;31m[K^[m[K
[1.070s] In file included from [01m[K/home/usama/autoronto/coding_test/src/coding_challenge/src/subscriber_member_function.cpp:22[m[K:
[1.070s] [01m[K/opt/ros/foxy/include/message_filters/synchronizer.h:290:14:[m[K [01;36m[Knote: [m[Kcandidate: ‘[01m[Ktemplate<class C> message_filters::Connection message_filters::Synchronizer<Policy>::registerCallback(C&) [with C = C; Policy = message_filters::sync_policies::ApproximateTime<std_msgs::msg::Int8MultiArray_<std::allocator<void> >, std_msgs::msg::Int8_<std::allocator<void> > >][m[K’
[1.070s]   290 |   Connection [01;36m[KregisterCallback[m[K(C& callback)
[1.070s]       |              [01;36m[K^~~~~~~~~~~~~~~~[m[K
[1.071s] [01m[K/opt/ros/foxy/include/message_filters/synchronizer.h:290:14:[m[K [01;36m[Knote: [m[K  template argument deduction/substitution failed:
[1.071s] [01m[K/home/usama/autoronto/coding_test/src/coding_challenge/src/subscriber_member_function.cpp:46:91:[m[K [01;36m[Knote: [m[K  candidate expects 1 argument, 3 provided
[1.072s]    46 |     syncApproximate.registerCallback(&MinimalSubscriber::callback,_1,std::placeholders::_2[01;36m[K)[m[K;
[1.072s]       |                                                                                           [01;36m[K^[m[K
[1.072s] In file included from [01m[K/home/usama/autoronto/coding_test/src/coding_challenge/src/subscriber_member_function.cpp:22[m[K:
[1.072s] [01m[K/opt/ros/foxy/include/message_filters/synchronizer.h:296:14:[m[K [01;36m[Knote: [m[Kcandidate: ‘[01m[Ktemplate<class C> message_filters::Connection message_filters::Synchronizer<Policy>::registerCallback(const C&) [with C = C; Policy = message_filters::sync_policies::ApproximateTime<std_msgs::msg::Int8MultiArray_<std::allocator<void> >, std_msgs::msg::Int8_<std::allocator<void> > >][m[K’
[1.072s]   296 |   Connection [01;36m[KregisterCallback[m[K(const C& callback)
[1.072s]       |              [01;36m[K^~~~~~~~~~~~~~~~[m[K
[1.072s] [01m[K/opt/ros/foxy/include/message_filters/synchronizer.h:296:14:[m[K [01;36m[Knote: [m[K  template argument deduction/substitution failed:
[1.072s] [01m[K/home/usama/autoronto/coding_test/src/coding_challenge/src/subscriber_member_function.cpp:46:91:[m[K [01;36m[Knote: [m[K  candidate expects 1 argument, 3 provided
[1.072s]    46 |     syncApproximate.registerCallback(&MinimalSubscriber::callback,_1,std::placeholders::_2[01;36m[K)[m[K;
[1.072s]       |                                                                                           [01;36m[K^[m[K
[1.072s] In file included from [01m[K/home/usama/autoronto/coding_test/src/coding_challenge/src/subscriber_member_function.cpp:22[m[K:
[1.072s] [01m[K/opt/ros/foxy/include/message_filters/synchronizer.h:302:14:[m[K [01;36m[Knote: [m[Kcandidate: ‘[01m[Ktemplate<class C, class T> message_filters::Connection message_filters::Synchronizer<Policy>::registerCallback(const C&, T*) [with C = C; T = T; Policy = message_filters::sync_policies::ApproximateTime<std_msgs::msg::Int8MultiArray_<std::allocator<void> >, std_msgs::msg::Int8_<std::allocator<void> > >][m[K’
[1.072s]   302 |   Connection [01;36m[KregisterCallback[m[K(const C& callback, T* t)
[1.072s]       |              [01;36m[K^~~~~~~~~~~~~~~~[m[K
[1.072s] [01m[K/opt/ros/foxy/include/message_filters/synchronizer.h:302:14:[m[K [01;36m[Knote: [m[K  template argument deduction/substitution failed:
[1.072s] [01m[K/home/usama/autoronto/coding_test/src/coding_challenge/src/subscriber_member_function.cpp:46:91:[m[K [01;36m[Knote: [m[K  mismatched types ‘[01m[KT*[m[K’ and ‘[01m[Kstd::_Placeholder<1>[m[K’
[1.072s]    46 |     syncApproximate.registerCallback(&MinimalSubscriber::callback,_1,std::placeholders::_2[01;36m[K)[m[K;
[1.073s]       |                                                                                           [01;36m[K^[m[K
[1.073s] In file included from [01m[K/home/usama/autoronto/coding_test/src/coding_challenge/src/subscriber_member_function.cpp:22[m[K:
[1.073s] [01m[K/opt/ros/foxy/include/message_filters/synchronizer.h:308:14:[m[K [01;36m[Knote: [m[Kcandidate: ‘[01m[Ktemplate<class C, class T> message_filters::Connection message_filters::Synchronizer<Policy>::registerCallback(C&, T*) [with C = C; T = T; Policy = message_filters::sync_policies::ApproximateTime<std_msgs::msg::Int8MultiArray_<std::allocator<void> >, std_msgs::msg::Int8_<std::allocator<void> > >][m[K’
[1.073s]   308 |   Connection [01;36m[KregisterCallback[m[K(C& callback, T* t)
[1.073s]       |              [01;36m[K^~~~~~~~~~~~~~~~[m[K
[1.073s] [01m[K/opt/ros/foxy/include/message_filters/synchronizer.h:308:14:[m[K [01;36m[Knote: [m[K  template argument deduction/substitution failed:
[1.073s] [01m[K/home/usama/autoronto/coding_test/src/coding_challenge/src/subscriber_member_function.cpp:46:91:[m[K [01;36m[Knote: [m[K  mismatched types ‘[01m[KT*[m[K’ and ‘[01m[Kstd::_Placeholder<1>[m[K’
[1.073s]    46 |     syncApproximate.registerCallback(&MinimalSubscriber::callback,_1,std::placeholders::_2[01;36m[K)[m[K;
[1.073s]       |                                                                                           [01;36m[K^[m[K
[3.057s] make[2]: *** [CMakeFiles/listener.dir/build.make:63: CMakeFiles/listener.dir/src/subscriber_member_function.cpp.o] Error 1
[3.057s] make[1]: *** [CMakeFiles/Makefile2:80: CMakeFiles/listener.dir/all] Error 2
[3.065s] make: *** [Makefile:141: all] Error 2
[3.070s] Invoked command in '/home/usama/autoronto/coding_test/build/coding_challenge' returned '2': CMAKE_PREFIX_PATH=/opt/ros/foxy /usr/bin/cmake --build /home/usama/autoronto/coding_test/build/coding_challenge -- -j8 -l8
