[0.020s] Invoking command in '/home/usama/autoronto/coding_test/build/coding_challenge': CMAKE_PREFIX_PATH=/opt/ros/foxy /usr/bin/cmake --build /home/usama/autoronto/coding_test/build/coding_challenge -- -j8 -l8
[0.115s] [35m[1mScanning dependencies of target listener[0m
[0.171s] [ 50%] Built target talker
[0.179s] [ 75%] [32mBuilding CXX object CMakeFiles/listener.dir/src/subscriber_member_function.cpp.o[0m
[1.573s] [01m[K/home/usama/autoronto/coding_test/src/coding_challenge/src/subscriber_member_function.cpp:[m[K In function ‘[01m[Kvoid separate_allback(const ConstSharedPtr&, const ConstSharedPtr&, std::vector<signed char, std::allocator<signed char> >&)[m[K’:
[1.574s] [01m[K/home/usama/autoronto/coding_test/src/coding_challenge/src/subscriber_member_function.cpp:139:12:[m[K [01;35m[Kwarning: [m[Kunused variable ‘[01m[Knum[m[K’ [[01;35m[K-Wunused-variable[m[K]
[1.574s]   139 |     int8_t [01;35m[Knum[m[K = 8;
[1.574s]       |            [01;35m[K^~~[m[K
[9.207s] [100%] [32m[1mLinking CXX executable listener[0m
[10.161s] [100%] Built target listener
[10.215s] Invoked command in '/home/usama/autoronto/coding_test/build/coding_challenge' returned '0': CMAKE_PREFIX_PATH=/opt/ros/foxy /usr/bin/cmake --build /home/usama/autoronto/coding_test/build/coding_challenge -- -j8 -l8
[10.436s] Invoking command in '/home/usama/autoronto/coding_test/build/coding_challenge': CMAKE_PREFIX_PATH=/opt/ros/foxy /usr/bin/cmake --install /home/usama/autoronto/coding_test/build/coding_challenge
[10.459s] -- Install configuration: ""
[10.461s] -- Up-to-date: /home/usama/autoronto/coding_test/install/coding_challenge/lib/coding_challenge/talker
[10.462s] -- Installing: /home/usama/autoronto/coding_test/install/coding_challenge/lib/coding_challenge/listener
[10.465s] -- Set runtime path of "/home/usama/autoronto/coding_test/install/coding_challenge/lib/coding_challenge/listener" to ""
[10.473s] -- Up-to-date: /home/usama/autoronto/coding_test/install/coding_challenge/share/ament_index/resource_index/package_run_dependencies/coding_challenge
[10.477s] -- Up-to-date: /home/usama/autoronto/coding_test/install/coding_challenge/share/ament_index/resource_index/parent_prefix_path/coding_challenge
[10.481s] -- Up-to-date: /home/usama/autoronto/coding_test/install/coding_challenge/share/coding_challenge/environment/ament_prefix_path.sh
[10.482s] -- Up-to-date: /home/usama/autoronto/coding_test/install/coding_challenge/share/coding_challenge/environment/ament_prefix_path.dsv
[10.483s] -- Up-to-date: /home/usama/autoronto/coding_test/install/coding_challenge/share/coding_challenge/environment/path.sh
[10.485s] -- Up-to-date: /home/usama/autoronto/coding_test/install/coding_challenge/share/coding_challenge/environment/path.dsv
[10.485s] -- Up-to-date: /home/usama/autoronto/coding_test/install/coding_challenge/share/coding_challenge/local_setup.bash
[10.486s] -- Up-to-date: /home/usama/autoronto/coding_test/install/coding_challenge/share/coding_challenge/local_setup.sh
[10.486s] -- Up-to-date: /home/usama/autoronto/coding_test/install/coding_challenge/share/coding_challenge/local_setup.zsh
[10.486s] -- Up-to-date: /home/usama/autoronto/coding_test/install/coding_challenge/share/coding_challenge/local_setup.dsv
[10.486s] -- Installing: /home/usama/autoronto/coding_test/install/coding_challenge/share/coding_challenge/package.dsv
[10.487s] -- Up-to-date: /home/usama/autoronto/coding_test/install/coding_challenge/share/ament_index/resource_index/packages/coding_challenge
[10.489s] -- Up-to-date: /home/usama/autoronto/coding_test/install/coding_challenge/share/coding_challenge/cmake/coding_challengeConfig.cmake
[10.489s] -- Up-to-date: /home/usama/autoronto/coding_test/install/coding_challenge/share/coding_challenge/cmake/coding_challengeConfig-version.cmake
[10.490s] -- Up-to-date: /home/usama/autoronto/coding_test/install/coding_challenge/share/coding_challenge/package.xml
[10.494s] Invoked command in '/home/usama/autoronto/coding_test/build/coding_challenge' returned '0': CMAKE_PREFIX_PATH=/opt/ros/foxy /usr/bin/cmake --install /home/usama/autoronto/coding_test/build/coding_challenge
