[0.040s] Invoking command in '/home/usama/autoronto/coding_test/build/coding_challenge': CMAKE_PREFIX_PATH=/opt/ros/foxy /usr/bin/cmake --build /home/usama/autoronto/coding_test/build/coding_challenge -- -j8 -l8
[0.089s] [35m[1mScanning dependencies of target listener[0m
[0.107s] [ 50%] Built target talker
[0.133s] [ 75%] [32mBuilding CXX object CMakeFiles/listener.dir/src/subscriber_member_function.cpp.o[0m
[2.293s] [01m[K/home/usama/autoronto/coding_test/src/coding_challenge/src/subscriber_member_function.cpp:[m[K In member function ‘[01m[Kvoid MinimalSubscriber::input_callback(std_msgs::msg::Int8MultiArray_<std::allocator<void> >::ConstSharedPtr) const[m[K’:
[2.293s] [01m[K/home/usama/autoronto/coding_test/src/coding_challenge/src/subscriber_member_function.cpp:71:75:[m[K [01;31m[Kerror: [m[Kexpected ‘[01m[K)[m[K’ before ‘[01m[K;[m[K’ token
[2.293s]    71 |     input.data.insert[34m[K([m[Kinput.data.end(), msg->data.begin(), msg->data.end()[01;31m[K;[m[K)
[2.293s]       |                      [34m[K~[m[K                                                    [01;31m[K^[m[K
[2.293s]       |                                                                           [32m[K)[m[K
[2.293s] [01m[K/home/usama/autoronto/coding_test/src/coding_challenge/src/subscriber_member_function.cpp:71:76:[m[K [01;31m[Kerror: [m[Kexpected primary-expression before ‘[01m[K)[m[K’ token
[2.293s]    71 |     input.data.insert(input.data.end(), msg->data.begin(), msg->data.end();[01;31m[K)[m[K
[2.293s]       |                                                                            [01;31m[K^[m[K
[2.293s] [01m[K/home/usama/autoronto/coding_test/src/coding_challenge/src/subscriber_member_function.cpp:[m[K In member function ‘[01m[Kvoid MinimalSubscriber::target_callback(std_msgs::msg::Int8_<std::allocator<void> >::ConstSharedPtr) const[m[K’:
[2.293s] [01m[K/home/usama/autoronto/coding_test/src/coding_challenge/src/subscriber_member_function.cpp:78:17:[m[K [01;31m[Kerror: [m[Kassignment of member ‘[01m[Kstd_msgs::msg::Int8_<std::allocator<void> >::data[m[K’ in read-only object
[2.293s]    78 |     [01;31m[Ktarget.data = msg->data[m[K;
[2.293s]       |     [01;31m[K~~~~~~~~~~~~^~~~~~~~~~~[m[K
[2.293s] [01m[K/home/usama/autoronto/coding_test/src/coding_challenge/src/subscriber_member_function.cpp:[m[K In member function ‘[01m[Kvoid MinimalSubscriber::timer_callback()[m[K’:
[2.293s] [01m[K/home/usama/autoronto/coding_test/src/coding_challenge/src/subscriber_member_function.cpp:99:52:[m[K [01;31m[Kerror: [m[K‘[01m[Kusing Int8MultiArray = struct std_msgs::msg::Int8MultiArray_<std::allocator<void> >[m[K’ {aka ‘[01m[Kstruct std_msgs::msg::Int8MultiArray_<std::allocator<void> >[m[K’} has no member named ‘[01m[Kbegin[m[K’
[2.293s]    99 |     message.data.insert(message.data.end(), result.[01;31m[Kbegin[m[K(), result.end());
[2.293s]       |                                                    [01;31m[K^~~~~[m[K
[2.293s] [01m[K/home/usama/autoronto/coding_test/src/coding_challenge/src/subscriber_member_function.cpp:99:68:[m[K [01;31m[Kerror: [m[K‘[01m[Kusing Int8MultiArray = struct std_msgs::msg::Int8MultiArray_<std::allocator<void> >[m[K’ {aka ‘[01m[Kstruct std_msgs::msg::Int8MultiArray_<std::allocator<void> >[m[K’} has no member named ‘[01m[Kend[m[K’
[2.293s]    99 |     message.data.insert(message.data.end(), result.begin(), result.[01;31m[Kend[m[K());
[2.293s]       |                                                                    [01;31m[K^~~[m[K
[2.302s] [01m[K/home/usama/autoronto/coding_test/src/coding_challenge/src/subscriber_member_function.cpp:[m[K In member function ‘[01m[Kvoid MinimalSubscriber::calc_result()[m[K’:
[2.302s] [01m[K/home/usama/autoronto/coding_test/src/coding_challenge/src/subscriber_member_function.cpp:111:12:[m[K [01;31m[Kerror: [m[K‘[01m[Kusing Int8MultiArray = struct std_msgs::msg::Int8MultiArray_<std::allocator<void> >[m[K’ {aka ‘[01m[Kstruct std_msgs::msg::Int8MultiArray_<std::allocator<void> >[m[K’} has no member named ‘[01m[Kclear[m[K’
[2.302s]   111 |     result.[01;31m[Kclear[m[K();
[2.302s]       |            [01;31m[K^~~~~[m[K
[2.308s] [01m[K/home/usama/autoronto/coding_test/src/coding_challenge/src/subscriber_member_function.cpp:120:18:[m[K [01;31m[Kerror: [m[K‘[01m[Kusing Int8MultiArray = struct std_msgs::msg::Int8MultiArray_<std::allocator<void> >[m[K’ {aka ‘[01m[Kstruct std_msgs::msg::Int8MultiArray_<std::allocator<void> >[m[K’} has no member named ‘[01m[Kpush_back[m[K’
[2.309s]   120 |           result.[01;31m[Kpush_back[m[K(i);
[2.309s]       |                  [01;31m[K^~~~~~~~~[m[K
[2.317s] [01m[K/home/usama/autoronto/coding_test/src/coding_challenge/src/subscriber_member_function.cpp:121:18:[m[K [01;31m[Kerror: [m[K‘[01m[Kusing Int8MultiArray = struct std_msgs::msg::Int8MultiArray_<std::allocator<void> >[m[K’ {aka ‘[01m[Kstruct std_msgs::msg::Int8MultiArray_<std::allocator<void> >[m[K’} has no member named ‘[01m[Kpush_back[m[K’
[2.318s]   121 |           result.[01;31m[Kpush_back[m[K(map[temp]);
[2.318s]       |                  [01;31m[K^~~~~~~~~[m[K
[2.318s] In file included from [01m[K/opt/ros/foxy/include/rclcpp/service.hpp:34[m[K,
[2.318s]                  from [01m[K/opt/ros/foxy/include/rclcpp/callback_group.hpp:25[m[K,
[2.318s]                  from [01m[K/opt/ros/foxy/include/rclcpp/any_executable.hpp:20[m[K,
[2.318s]                  from [01m[K/opt/ros/foxy/include/rclcpp/memory_strategy.hpp:24[m[K,
[2.318s]                  from [01m[K/opt/ros/foxy/include/rclcpp/memory_strategies.hpp:18[m[K,
[2.318s]                  from [01m[K/opt/ros/foxy/include/rclcpp/executor_options.hpp:20[m[K,
[2.319s]                  from [01m[K/opt/ros/foxy/include/rclcpp/executor.hpp:33[m[K,
[2.319s]                  from [01m[K/opt/ros/foxy/include/rclcpp/executors/multi_threaded_executor.hpp:26[m[K,
[2.319s]                  from [01m[K/opt/ros/foxy/include/rclcpp/executors.hpp:21[m[K,
[2.319s]                  from [01m[K/opt/ros/foxy/include/rclcpp/rclcpp.hpp:146[m[K,
[2.319s]                  from [01m[K/opt/ros/foxy/include/message_filters/subscriber.h:38[m[K,
[2.319s]                  from [01m[K/home/usama/autoronto/coding_test/src/coding_challenge/src/subscriber_member_function.cpp:21[m[K:
[2.319s] [01m[K/home/usama/autoronto/coding_test/src/coding_challenge/src/subscriber_member_function.cpp:[m[K In function ‘[01m[Kvoid separate_allback(const ConstSharedPtr&, const ConstSharedPtr&, std::vector<signed char, std::allocator<signed char> >&)[m[K’:
[2.320s] [01m[K/home/usama/autoronto/coding_test/src/coding_challenge/src/subscriber_member_function.cpp:131:17:[m[K [01;31m[Kerror: [m[Kinvalid use of ‘[01m[Kthis[m[K’ in non-member function
[2.320s]   131 |     RCLCPP_INFO([01;31m[Kthis[m[K->get_logger(), "Publishing: here");
[2.320s]       |                 [01;31m[K^~~~[m[K
[2.320s] [01m[K/home/usama/autoronto/coding_test/src/coding_challenge/src/subscriber_member_function.cpp:131:17:[m[K [01;31m[Kerror: [m[Kinvalid use of ‘[01m[Kthis[m[K’ in non-member function
[2.320s] [01m[K/home/usama/autoronto/coding_test/src/coding_challenge/src/subscriber_member_function.cpp:131:5:[m[K [01;31m[Kerror: [m[Ktemplate argument 1 is invalid
[2.320s]   131 |     [01;31m[KRCLCPP_INFO[m[K(this->get_logger(), "Publishing: here");
[2.320s]       |     [01;31m[K^~~~~~~~~~~[m[K
[2.320s] [01m[K/home/usama/autoronto/coding_test/src/coding_challenge/src/subscriber_member_function.cpp:131:5:[m[K [01;31m[Kerror: [m[Ktemplate argument 1 is invalid
[2.320s]   131 |     [01;31m[KRCLCPP_INFO[m[K(this->get_logger(), "Publishing: here");
[2.320s]       |     [01;31m[K^~~~~~~~~~~[m[K
[2.321s] [01m[K/home/usama/autoronto/coding_test/src/coding_challenge/src/subscriber_member_function.cpp:131:5:[m[K [01;31m[Kerror: [m[Ktemplate argument 1 is invalid
[2.321s]   131 |     [01;31m[KRCLCPP_INFO[m[K(this->get_logger(), "Publishing: here");
[2.321s]       |     [01;31m[K^~~~~~~~~~~[m[K
[2.321s] In file included from [01m[K/opt/ros/foxy/include/rclcpp/client.hpp:40[m[K,
[2.321s]                  from [01m[K/opt/ros/foxy/include/rclcpp/callback_group.hpp:23[m[K,
[2.321s]                  from [01m[K/opt/ros/foxy/include/rclcpp/any_executable.hpp:20[m[K,
[2.321s]                  from [01m[K/opt/ros/foxy/include/rclcpp/memory_strategy.hpp:24[m[K,
[2.321s]                  from [01m[K/opt/ros/foxy/include/rclcpp/memory_strategies.hpp:18[m[K,
[2.321s]                  from [01m[K/opt/ros/foxy/include/rclcpp/executor_options.hpp:20[m[K,
[2.323s]                  from [01m[K/opt/ros/foxy/include/rclcpp/executor.hpp:33[m[K,
[2.323s]                  from [01m[K/opt/ros/foxy/include/rclcpp/executors/multi_threaded_executor.hpp:26[m[K,
[2.323s]                  from [01m[K/opt/ros/foxy/include/rclcpp/executors.hpp:21[m[K,
[2.323s]                  from [01m[K/opt/ros/foxy/include/rclcpp/rclcpp.hpp:146[m[K,
[2.323s]                  from [01m[K/opt/ros/foxy/include/message_filters/subscriber.h:38[m[K,
[2.323s]                  from [01m[K/home/usama/autoronto/coding_test/src/coding_challenge/src/subscriber_member_function.cpp:21[m[K:
[2.323s] [01m[K/home/usama/autoronto/coding_test/src/coding_challenge/src/subscriber_member_function.cpp:131:17:[m[K [01;31m[Kerror: [m[Kinvalid use of ‘[01m[Kthis[m[K’ in non-member function
[2.323s]   131 |     RCLCPP_INFO([01;31m[Kthis[m[K->get_logger(), "Publishing: here");
[2.323s]       |                 [01;31m[K^~~~[m[K
[2.324s] [01m[K/home/usama/autoronto/coding_test/src/coding_challenge/src/subscriber_member_function.cpp:131:17:[m[K [01;31m[Kerror: [m[Kinvalid use of ‘[01m[Kthis[m[K’ in non-member function
[2.324s]   131 |     RCLCPP_INFO([01;31m[Kthis[m[K->get_logger(), "Publishing: here");
[2.324s]       |                 [01;31m[K^~~~[m[K
[2.324s] In file included from [01m[K/opt/ros/foxy/include/rclcpp/service.hpp:34[m[K,
[2.324s]                  from [01m[K/opt/ros/foxy/include/rclcpp/callback_group.hpp:25[m[K,
[2.324s]                  from [01m[K/opt/ros/foxy/include/rclcpp/any_executable.hpp:20[m[K,
[2.324s]                  from [01m[K/opt/ros/foxy/include/rclcpp/memory_strategy.hpp:24[m[K,
[2.324s]                  from [01m[K/opt/ros/foxy/include/rclcpp/memory_strategies.hpp:18[m[K,
[2.324s]                  from [01m[K/opt/ros/foxy/include/rclcpp/executor_options.hpp:20[m[K,
[2.324s]                  from [01m[K/opt/ros/foxy/include/rclcpp/executor.hpp:33[m[K,
[2.324s]                  from [01m[K/opt/ros/foxy/include/rclcpp/executors/multi_threaded_executor.hpp:26[m[K,
[2.325s]                  from [01m[K/opt/ros/foxy/include/rclcpp/executors.hpp:21[m[K,
[2.325s]                  from [01m[K/opt/ros/foxy/include/rclcpp/rclcpp.hpp:146[m[K,
[2.325s]                  from [01m[K/opt/ros/foxy/include/message_filters/subscriber.h:38[m[K,
[2.325s]                  from [01m[K/home/usama/autoronto/coding_test/src/coding_challenge/src/subscriber_member_function.cpp:21[m[K:
[2.325s] [01m[K/home/usama/autoronto/coding_test/src/coding_challenge/src/subscriber_member_function.cpp:136:17:[m[K [01;31m[Kerror: [m[Kinvalid use of ‘[01m[Kthis[m[K’ in non-member function
[2.325s]   136 |     RCLCPP_INFO([01;31m[Kthis[m[K->get_logger(), "Publishing: '%d'", num);
[2.325s]       |                 [01;31m[K^~~~[m[K
[2.325s] [01m[K/home/usama/autoronto/coding_test/src/coding_challenge/src/subscriber_member_function.cpp:136:17:[m[K [01;31m[Kerror: [m[Kinvalid use of ‘[01m[Kthis[m[K’ in non-member function
[2.325s] [01m[K/home/usama/autoronto/coding_test/src/coding_challenge/src/subscriber_member_function.cpp:136:5:[m[K [01;31m[Kerror: [m[Ktemplate argument 1 is invalid
[2.325s]   136 |     [01;31m[KRCLCPP_INFO[m[K(this->get_logger(), "Publishing: '%d'", num);
[2.326s]       |     [01;31m[K^~~~~~~~~~~[m[K
[2.326s] [01m[K/home/usama/autoronto/coding_test/src/coding_challenge/src/subscriber_member_function.cpp:136:5:[m[K [01;31m[Kerror: [m[Ktemplate argument 1 is invalid
[2.326s]   136 |     [01;31m[KRCLCPP_INFO[m[K(this->get_logger(), "Publishing: '%d'", num);
[2.326s]       |     [01;31m[K^~~~~~~~~~~[m[K
[2.326s] [01m[K/home/usama/autoronto/coding_test/src/coding_challenge/src/subscriber_member_function.cpp:136:5:[m[K [01;31m[Kerror: [m[Ktemplate argument 1 is invalid
[2.326s]   136 |     [01;31m[KRCLCPP_INFO[m[K(this->get_logger(), "Publishing: '%d'", num);
[2.327s]       |     [01;31m[K^~~~~~~~~~~[m[K
[2.327s] In file included from [01m[K/opt/ros/foxy/include/rclcpp/client.hpp:40[m[K,
[2.327s]                  from [01m[K/opt/ros/foxy/include/rclcpp/callback_group.hpp:23[m[K,
[2.327s]                  from [01m[K/opt/ros/foxy/include/rclcpp/any_executable.hpp:20[m[K,
[2.327s]                  from [01m[K/opt/ros/foxy/include/rclcpp/memory_strategy.hpp:24[m[K,
[2.327s]                  from [01m[K/opt/ros/foxy/include/rclcpp/memory_strategies.hpp:18[m[K,
[2.327s]                  from [01m[K/opt/ros/foxy/include/rclcpp/executor_options.hpp:20[m[K,
[2.327s]                  from [01m[K/opt/ros/foxy/include/rclcpp/executor.hpp:33[m[K,
[2.327s]                  from [01m[K/opt/ros/foxy/include/rclcpp/executors/multi_threaded_executor.hpp:26[m[K,
[2.327s]                  from [01m[K/opt/ros/foxy/include/rclcpp/executors.hpp:21[m[K,
[2.327s]                  from [01m[K/opt/ros/foxy/include/rclcpp/rclcpp.hpp:146[m[K,
[2.327s]                  from [01m[K/opt/ros/foxy/include/message_filters/subscriber.h:38[m[K,
[2.328s]                  from [01m[K/home/usama/autoronto/coding_test/src/coding_challenge/src/subscriber_member_function.cpp:21[m[K:
[2.328s] [01m[K/home/usama/autoronto/coding_test/src/coding_challenge/src/subscriber_member_function.cpp:136:17:[m[K [01;31m[Kerror: [m[Kinvalid use of ‘[01m[Kthis[m[K’ in non-member function
[2.328s]   136 |     RCLCPP_INFO([01;31m[Kthis[m[K->get_logger(), "Publishing: '%d'", num);
[2.328s]       |                 [01;31m[K^~~~[m[K
[2.328s] [01m[K/home/usama/autoronto/coding_test/src/coding_challenge/src/subscriber_member_function.cpp:136:17:[m[K [01;31m[Kerror: [m[Kinvalid use of ‘[01m[Kthis[m[K’ in non-member function
[2.328s]   136 |     RCLCPP_INFO([01;31m[Kthis[m[K->get_logger(), "Publishing: '%d'", num);
[2.328s]       |                 [01;31m[K^~~~[m[K
[2.765s] In file included from [01m[K/opt/ros/foxy/include/rclcpp/subscription_base.hpp:29[m[K,
[2.765s]                  from [01m[K/opt/ros/foxy/include/rclcpp/callback_group.hpp:26[m[K,
[2.765s]                  from [01m[K/opt/ros/foxy/include/rclcpp/any_executable.hpp:20[m[K,
[2.766s]                  from [01m[K/opt/ros/foxy/include/rclcpp/memory_strategy.hpp:24[m[K,
[2.768s]                  from [01m[K/opt/ros/foxy/include/rclcpp/memory_strategies.hpp:18[m[K,
[2.768s]                  from [01m[K/opt/ros/foxy/include/rclcpp/executor_options.hpp:20[m[K,
[2.768s]                  from [01m[K/opt/ros/foxy/include/rclcpp/executor.hpp:33[m[K,
[2.769s]                  from [01m[K/opt/ros/foxy/include/rclcpp/executors/multi_threaded_executor.hpp:26[m[K,
[2.769s]                  from [01m[K/opt/ros/foxy/include/rclcpp/executors.hpp:21[m[K,
[2.769s]                  from [01m[K/opt/ros/foxy/include/rclcpp/rclcpp.hpp:146[m[K,
[2.769s]                  from [01m[K/opt/ros/foxy/include/message_filters/subscriber.h:38[m[K,
[2.769s]                  from [01m[K/home/usama/autoronto/coding_test/src/coding_challenge/src/subscriber_member_function.cpp:21[m[K:
[2.769s] /opt/ros/foxy/include/rclcpp/any_subscription_callback.hpp: In instantiation of ‘[01m[Kvoid rclcpp::AnySubscriptionCallback<MessageT, Alloc>::set(CallbackT) [with CallbackT = std::_Bind<void (MinimalSubscriber::*(MinimalSubscriber*, boost::arg<1>))(std::shared_ptr<const std_msgs::msg::Int8MultiArray_<std::allocator<void> > >) const>; typename std::enable_if<rclcpp::function_traits::same_arguments<CallbackT, std::function<void(std::shared_ptr<const _Tp>)> >::value>::type* <anonymous> = 0; MessageT = std_msgs::msg::Int8MultiArray_<std::allocator<void> >; Alloc = std::allocator<void>][m[K’:
[2.769s] [01m[K/opt/ros/foxy/include/rclcpp/subscription_factory.hpp:97:3:[m[K   required from ‘[01m[Krclcpp::SubscriptionFactory rclcpp::create_subscription_factory(CallbackT&&, const rclcpp::SubscriptionOptionsWithAllocator<AllocatorT>&, typename MessageMemoryStrategyT::SharedPtr, std::shared_ptr<rclcpp::topic_statistics::SubscriptionTopicStatistics<CallbackMessageT> >) [with MessageT = std_msgs::msg::Int8MultiArray_<std::allocator<void> >; CallbackT = std::_Bind<void (MinimalSubscriber::*(MinimalSubscriber*, boost::arg<1>))(std::shared_ptr<const std_msgs::msg::Int8MultiArray_<std::allocator<void> > >) const>; AllocatorT = std::allocator<void>; CallbackMessageT = std_msgs::msg::Int8MultiArray_<std::allocator<void> >; SubscriptionT = rclcpp::Subscription<std_msgs::msg::Int8MultiArray_<std::allocator<void> > >; MessageMemoryStrategyT = rclcpp::message_memory_strategy::MessageMemoryStrategy<std_msgs::msg::Int8MultiArray_<std::allocator<void> >, std::allocator<void> >; typename MessageMemoryStrategyT::SharedPtr = std::shared_ptr<rclcpp::message_memory_strategy::MessageMemoryStrategy<std_msgs::msg::Int8MultiArray_<std::allocator<void> >, std::allocator<void> > >][m[K’
[2.769s] [01m[K/opt/ros/foxy/include/rclcpp/create_subscription.hpp:144:63:[m[K   required from ‘[01m[Kstd::shared_ptr<SubscriptionT> rclcpp::create_subscription(NodeT&&, const string&, const rclcpp::QoS&, CallbackT&&, const rclcpp::SubscriptionOptionsWithAllocator<AllocatorT>&, typename MessageMemoryStrategyT::SharedPtr) [with MessageT = std_msgs::msg::Int8MultiArray_<std::allocator<void> >; CallbackT = std::_Bind<void (MinimalSubscriber::*(MinimalSubscriber*, boost::arg<1>))(std::shared_ptr<const std_msgs::msg::Int8MultiArray_<std::allocator<void> > >) const>; AllocatorT = std::allocator<void>; CallbackMessageT = std_msgs::msg::Int8MultiArray_<std::allocator<void> >; SubscriptionT = rclcpp::Subscription<std_msgs::msg::Int8MultiArray_<std::allocator<void> > >; MessageMemoryStrategyT = rclcpp::message_memory_strategy::MessageMemoryStrategy<std_msgs::msg::Int8MultiArray_<std::allocator<void> >, std::allocator<void> >; NodeT = rclcpp::Node&; std::string = std::__cxx11::basic_string<char>; typename MessageMemoryStrategyT::SharedPtr = std::shared_ptr<rclcpp::message_memory_strategy::MessageMemoryStrategy<std_msgs::msg::Int8MultiArray_<std::allocator<void> >, std::allocator<void> > >][m[K’
[2.769s] [01m[K/opt/ros/foxy/include/rclcpp/node_impl.hpp:98:47:[m[K   required from ‘[01m[Kstd::shared_ptr<SubscriptionT> rclcpp::Node::create_subscription(const string&, const rclcpp::QoS&, CallbackT&&, const rclcpp::SubscriptionOptionsWithAllocator<AllocatorT>&, typename MessageMemoryStrategyT::SharedPtr) [with MessageT = std_msgs::msg::Int8MultiArray_<std::allocator<void> >; CallbackT = std::_Bind<void (MinimalSubscriber::*(MinimalSubscriber*, boost::arg<1>))(std::shared_ptr<const std_msgs::msg::Int8MultiArray_<std::allocator<void> > >) const>; AllocatorT = std::allocator<void>; CallbackMessageT = std_msgs::msg::Int8MultiArray_<std::allocator<void> >; SubscriptionT = rclcpp::Subscription<std_msgs::msg::Int8MultiArray_<std::allocator<void> > >; MessageMemoryStrategyT = rclcpp::message_memory_strategy::MessageMemoryStrategy<std_msgs::msg::Int8MultiArray_<std::allocator<void> >, std::allocator<void> >; std::string = std::__cxx11::basic_string<char>; typename MessageMemoryStrategyT::SharedPtr = std::shared_ptr<rclcpp::message_memory_strategy::MessageMemoryStrategy<std_msgs::msg::Int8MultiArray_<std::allocator<void> >, std::allocator<void> > >][m[K’
[2.769s] [01m[K/home/usama/autoronto/coding_test/src/coding_challenge/src/subscriber_member_function.cpp:45:76:[m[K   required from here
[2.770s] [01m[K/opt/ros/foxy/include/rclcpp/any_subscription_callback.hpp:113:32:[m[K [01;31m[Kerror: [m[Kno match for ‘[01m[Koperator=[m[K’ (operand types are ‘[01m[Krclcpp::AnySubscriptionCallback<std_msgs::msg::Int8MultiArray_<std::allocator<void> >, std::allocator<void> >::ConstSharedPtrCallback[m[K’ {aka ‘[01m[Kstd::function<void(std::shared_ptr<const std_msgs::msg::Int8MultiArray_<std::allocator<void> > >)>[m[K’} and ‘[01m[Kstd::_Bind<void (MinimalSubscriber::*(MinimalSubscriber*, boost::arg<1>))(std::shared_ptr<const std_msgs::msg::Int8MultiArray_<std::allocator<void> > >) const>[m[K’)
[2.770s]   113 |     [01;31m[Kconst_shared_ptr_callback_ = callback[m[K;
[2.770s]       |     [01;31m[K~~~~~~~~~~~~~~~~~~~~~~~~~~~^~~~~~~~~~[m[K
[2.770s] In file included from [01m[K/usr/include/c++/9/future:48[m[K,
[2.771s]                  from [01m[K/opt/ros/foxy/include/rclcpp/executors.hpp:18[m[K,
[2.771s]                  from [01m[K/opt/ros/foxy/include/rclcpp/rclcpp.hpp:146[m[K,
[2.771s]                  from [01m[K/opt/ros/foxy/include/message_filters/subscriber.h:38[m[K,
[2.771s]                  from [01m[K/home/usama/autoronto/coding_test/src/coding_challenge/src/subscriber_member_function.cpp:21[m[K:
[2.771s] [01m[K/usr/include/c++/9/bits/std_function.h:462:7:[m[K [01;36m[Knote: [m[Kcandidate: ‘[01m[Kstd::function<_Res(_ArgTypes ...)>& std::function<_Res(_ArgTypes ...)>::operator=(const std::function<_Res(_ArgTypes ...)>&) [with _Res = void; _ArgTypes = {std::shared_ptr<const std_msgs::msg::Int8MultiArray_<std::allocator<void> > >}][m[K’
[2.771s]   462 |       [01;36m[Koperator[m[K=(const function& __x)
[2.771s]       |       [01;36m[K^~~~~~~~[m[K
[2.771s] [01m[K/usr/include/c++/9/bits/std_function.h:462:33:[m[K [01;36m[Knote: [m[K  no known conversion for argument 1 from ‘[01m[Kstd::_Bind<void (MinimalSubscriber::*(MinimalSubscriber*, boost::arg<1>))(std::shared_ptr<const std_msgs::msg::Int8MultiArray_<std::allocator<void> > >) const>[m[K’ to ‘[01m[Kconst std::function<void(std::shared_ptr<const std_msgs::msg::Int8MultiArray_<std::allocator<void> > >)>&[m[K’
[2.771s]   462 |       operator=([01;36m[Kconst function& __x[m[K)
[2.771s]       |                 [01;36m[K~~~~~~~~~~~~~~~~^~~[m[K
[2.771s] [01m[K/usr/include/c++/9/bits/std_function.h:480:7:[m[K [01;36m[Knote: [m[Kcandidate: ‘[01m[Kstd::function<_Res(_ArgTypes ...)>& std::function<_Res(_ArgTypes ...)>::operator=(std::function<_Res(_ArgTypes ...)>&&) [with _Res = void; _ArgTypes = {std::shared_ptr<const std_msgs::msg::Int8MultiArray_<std::allocator<void> > >}][m[K’
[2.772s]   480 |       [01;36m[Koperator[m[K=(function&& __x) noexcept
[2.772s]       |       [01;36m[K^~~~~~~~[m[K
[2.772s] [01m[K/usr/include/c++/9/bits/std_function.h:480:28:[m[K [01;36m[Knote: [m[K  no known conversion for argument 1 from ‘[01m[Kstd::_Bind<void (MinimalSubscriber::*(MinimalSubscriber*, boost::arg<1>))(std::shared_ptr<const std_msgs::msg::Int8MultiArray_<std::allocator<void> > >) const>[m[K’ to ‘[01m[Kstd::function<void(std::shared_ptr<const std_msgs::msg::Int8MultiArray_<std::allocator<void> > >)>&&[m[K’
[2.772s]   480 |       operator=([01;36m[Kfunction&& __x[m[K) noexcept
[2.772s]       |                 [01;36m[K~~~~~~~~~~~^~~[m[K
[2.772s] [01m[K/usr/include/c++/9/bits/std_function.h:494:7:[m[K [01;36m[Knote: [m[Kcandidate: ‘[01m[Kstd::function<_Res(_ArgTypes ...)>& std::function<_Res(_ArgTypes ...)>::operator=(std::nullptr_t) [with _Res = void; _ArgTypes = {std::shared_ptr<const std_msgs::msg::Int8MultiArray_<std::allocator<void> > >}; std::nullptr_t = std::nullptr_t][m[K’
[2.772s]   494 |       [01;36m[Koperator[m[K=(nullptr_t) noexcept
[2.772s]       |       [01;36m[K^~~~~~~~[m[K
[2.772s] [01m[K/usr/include/c++/9/bits/std_function.h:494:17:[m[K [01;36m[Knote: [m[K  no known conversion for argument 1 from ‘[01m[Kstd::_Bind<void (MinimalSubscriber::*(MinimalSubscriber*, boost::arg<1>))(std::shared_ptr<const std_msgs::msg::Int8MultiArray_<std::allocator<void> > >) const>[m[K’ to ‘[01m[Kstd::nullptr_t[m[K’
[2.772s]   494 |       operator=([01;36m[Knullptr_t[m[K) noexcept
[2.772s]       |                 [01;36m[K^~~~~~~~~[m[K
[2.772s] [01m[K/usr/include/c++/9/bits/std_function.h:523:2:[m[K [01;36m[Knote: [m[Kcandidate: ‘[01m[Ktemplate<class _Functor> std::function<_Res(_ArgTypes ...)>::_Requires<std::function<_Res(_ArgTypes ...)>::_Callable<typename std::decay<_Functor>::type>, std::function<_Res(_ArgTypes ...)>&> std::function<_Res(_ArgTypes ...)>::operator=(_Functor&&) [with _Functor = _Functor; _Res = void; _ArgTypes = {std::shared_ptr<const std_msgs::msg::Int8MultiArray_<std::allocator<void> > >}][m[K’
[2.772s]   523 |  [01;36m[Koperator[m[K=(_Functor&& __f)
[2.772s]       |  [01;36m[K^~~~~~~~[m[K
[2.772s] [01m[K/usr/include/c++/9/bits/std_function.h:523:2:[m[K [01;36m[Knote: [m[K  template argument deduction/substitution failed:
[2.772s] /usr/include/c++/9/bits/std_function.h: In substitution of ‘[01m[Ktemplate<class _Res, class ... _ArgTypes> template<class _Cond, class _Tp> using _Requires = typename std::enable_if<_Cond::value, _Tp>::type [with _Cond = std::function<void(std::shared_ptr<const std_msgs::msg::Int8MultiArray_<std::allocator<void> > >)>::_Callable<std::_Bind<void (MinimalSubscriber::*(MinimalSubscriber*, boost::arg<1>))(std::shared_ptr<const std_msgs::msg::Int8MultiArray_<std::allocator<void> > >) const>, std::__invoke_result<std::_Bind<void (MinimalSubscriber::*(MinimalSubscriber*, boost::arg<1>))(std::shared_ptr<const std_msgs::msg::Int8MultiArray_<std::allocator<void> > >) const>&, std::shared_ptr<const std_msgs::msg::Int8MultiArray_<std::allocator<void> > > > >; _Tp = std::function<void(std::shared_ptr<const std_msgs::msg::Int8MultiArray_<std::allocator<void> > >)>&; _Res = void; _ArgTypes = {std::shared_ptr<const std_msgs::msg::Int8MultiArray_<std::allocator<void> > >}][m[K’:
[2.772s] [01m[K/usr/include/c++/9/bits/std_function.h:523:2:[m[K   required by substitution of ‘[01m[Ktemplate<class _Functor> std::function<void(std::shared_ptr<const std_msgs::msg::Int8MultiArray_<std::allocator<void> > >)>::_Requires<std::function<void(std::shared_ptr<const std_msgs::msg::Int8MultiArray_<std::allocator<void> > >)>::_Callable<typename std::decay<_Tp>::type, std::__invoke_result<typename std::decay<_Tp>::type&, std::shared_ptr<const std_msgs::msg::Int8MultiArray_<std::allocator<void> > > > >, std::function<void(std::shared_ptr<const std_msgs::msg::Int8MultiArray_<std::allocator<void> > >)>&> std::function<void(std::shared_ptr<const std_msgs::msg::Int8MultiArray_<std::allocator<void> > >)>::operator=<_Functor>(_Functor&&) [with _Functor = std::_Bind<void (MinimalSubscriber::*(MinimalSubscriber*, boost::arg<1>))(std::shared_ptr<const std_msgs::msg::Int8MultiArray_<std::allocator<void> > >) const>&][m[K’
[2.772s] [01m[K/opt/ros/foxy/include/rclcpp/any_subscription_callback.hpp:113:32:[m[K   required from ‘[01m[Kvoid rclcpp::AnySubscriptionCallback<MessageT, Alloc>::set(CallbackT) [with CallbackT = std::_Bind<void (MinimalSubscriber::*(MinimalSubscriber*, boost::arg<1>))(std::shared_ptr<const std_msgs::msg::Int8MultiArray_<std::allocator<void> > >) const>; typename std::enable_if<rclcpp::function_traits::same_arguments<CallbackT, std::function<void(std::shared_ptr<const _Tp>)> >::value>::type* <anonymous> = 0; MessageT = std_msgs::msg::Int8MultiArray_<std::allocator<void> >; Alloc = std::allocator<void>][m[K’
[2.772s] [01m[K/opt/ros/foxy/include/rclcpp/subscription_factory.hpp:97:3:[m[K   required from ‘[01m[Krclcpp::SubscriptionFactory rclcpp::create_subscription_factory(CallbackT&&, const rclcpp::SubscriptionOptionsWithAllocator<AllocatorT>&, typename MessageMemoryStrategyT::SharedPtr, std::shared_ptr<rclcpp::topic_statistics::SubscriptionTopicStatistics<CallbackMessageT> >) [with MessageT = std_msgs::msg::Int8MultiArray_<std::allocator<void> >; CallbackT = std::_Bind<void (MinimalSubscriber::*(MinimalSubscriber*, boost::arg<1>))(std::shared_ptr<const std_msgs::msg::Int8MultiArray_<std::allocator<void> > >) const>; AllocatorT = std::allocator<void>; CallbackMessageT = std_msgs::msg::Int8MultiArray_<std::allocator<void> >; SubscriptionT = rclcpp::Subscription<std_msgs::msg::Int8MultiArray_<std::allocator<void> > >; MessageMemoryStrategyT = rclcpp::message_memory_strategy::MessageMemoryStrategy<std_msgs::msg::Int8MultiArray_<std::allocator<void> >, std::allocator<void> >; typename MessageMemoryStrategyT::SharedPtr = std::shared_ptr<rclcpp::message_memory_strategy::MessageMemoryStrategy<std_msgs::msg::Int8MultiArray_<std::allocator<void> >, std::allocator<void> > >][m[K’
[2.772s] [01m[K/opt/ros/foxy/include/rclcpp/create_subscription.hpp:144:63:[m[K   required from ‘[01m[Kstd::shared_ptr<SubscriptionT> rclcpp::create_subscription(NodeT&&, const string&, const rclcpp::QoS&, CallbackT&&, const rclcpp::SubscriptionOptionsWithAllocator<AllocatorT>&, typename MessageMemoryStrategyT::SharedPtr) [with MessageT = std_msgs::msg::Int8MultiArray_<std::allocator<void> >; CallbackT = std::_Bind<void (MinimalSubscriber::*(MinimalSubscriber*, boost::arg<1>))(std::shared_ptr<const std_msgs::msg::Int8MultiArray_<std::allocator<void> > >) const>; AllocatorT = std::allocator<void>; CallbackMessageT = std_msgs::msg::Int8MultiArray_<std::allocator<void> >; SubscriptionT = rclcpp::Subscription<std_msgs::msg::Int8MultiArray_<std::allocator<void> > >; MessageMemoryStrategyT = rclcpp::message_memory_strategy::MessageMemoryStrategy<std_msgs::msg::Int8MultiArray_<std::allocator<void> >, std::allocator<void> >; NodeT = rclcpp::Node&; std::string = std::__cxx11::basic_string<char>; typename MessageMemoryStrategyT::SharedPtr = std::shared_ptr<rclcpp::message_memory_strategy::MessageMemoryStrategy<std_msgs::msg::Int8MultiArray_<std::allocator<void> >, std::allocator<void> > >][m[K’
[2.772s] [01m[K/opt/ros/foxy/include/rclcpp/node_impl.hpp:98:47:[m[K   required from ‘[01m[Kstd::shared_ptr<SubscriptionT> rclcpp::Node::create_subscription(const string&, const rclcpp::QoS&, CallbackT&&, const rclcpp::SubscriptionOptionsWithAllocator<AllocatorT>&, typename MessageMemoryStrategyT::SharedPtr) [with MessageT = std_msgs::msg::Int8MultiArray_<std::allocator<void> >; CallbackT = std::_Bind<void (MinimalSubscriber::*(MinimalSubscriber*, boost::arg<1>))(std::shared_ptr<const std_msgs::msg::Int8MultiArray_<std::allocator<void> > >) const>; AllocatorT = std::allocator<void>; CallbackMessageT = std_msgs::msg::Int8MultiArray_<std::allocator<void> >; SubscriptionT = rclcpp::Subscription<std_msgs::msg::Int8MultiArray_<std::allocator<void> > >; MessageMemoryStrategyT = rclcpp::message_memory_strategy::MessageMemoryStrategy<std_msgs::msg::Int8MultiArray_<std::allocator<void> >, std::allocator<void> >; std::string = std::__cxx11::basic_string<char>; typename MessageMemoryStrategyT::SharedPtr = std::shared_ptr<rclcpp::message_memory_strategy::MessageMemoryStrategy<std_msgs::msg::Int8MultiArray_<std::allocator<void> >, std::allocator<void> > >][m[K’
[2.772s] [01m[K/home/usama/autoronto/coding_test/src/coding_challenge/src/subscriber_member_function.cpp:45:76:[m[K   required from here
[2.772s] [01m[K/usr/include/c++/9/bits/std_function.h:385:8:[m[K [01;31m[Kerror: [m[Kno type named ‘[01m[Ktype[m[K’ in ‘[01m[Kstruct std::enable_if<false, std::function<void(std::shared_ptr<const std_msgs::msg::Int8MultiArray_<std::allocator<void> > >)>&>[m[K’
[2.772s]   385 |  using [01;31m[K_Requires[m[K = typename enable_if<_Cond::value, _Tp>::type;
[2.773s]       |        [01;31m[K^~~~~~~~~[m[K
[2.773s] /opt/ros/foxy/include/rclcpp/any_subscription_callback.hpp: In instantiation of ‘[01m[Kvoid rclcpp::AnySubscriptionCallback<MessageT, Alloc>::set(CallbackT) [with CallbackT = std::_Bind<void (MinimalSubscriber::*(MinimalSubscriber*, boost::arg<1>))(std::shared_ptr<const std_msgs::msg::Int8MultiArray_<std::allocator<void> > >) const>; typename std::enable_if<rclcpp::function_traits::same_arguments<CallbackT, std::function<void(std::shared_ptr<const _Tp>)> >::value>::type* <anonymous> = 0; MessageT = std_msgs::msg::Int8MultiArray_<std::allocator<void> >; Alloc = std::allocator<void>][m[K’:
[2.773s] [01m[K/opt/ros/foxy/include/rclcpp/subscription_factory.hpp:97:3:[m[K   required from ‘[01m[Krclcpp::SubscriptionFactory rclcpp::create_subscription_factory(CallbackT&&, const rclcpp::SubscriptionOptionsWithAllocator<AllocatorT>&, typename MessageMemoryStrategyT::SharedPtr, std::shared_ptr<rclcpp::topic_statistics::SubscriptionTopicStatistics<CallbackMessageT> >) [with MessageT = std_msgs::msg::Int8MultiArray_<std::allocator<void> >; CallbackT = std::_Bind<void (MinimalSubscriber::*(MinimalSubscriber*, boost::arg<1>))(std::shared_ptr<const std_msgs::msg::Int8MultiArray_<std::allocator<void> > >) const>; AllocatorT = std::allocator<void>; CallbackMessageT = std_msgs::msg::Int8MultiArray_<std::allocator<void> >; SubscriptionT = rclcpp::Subscription<std_msgs::msg::Int8MultiArray_<std::allocator<void> > >; MessageMemoryStrategyT = rclcpp::message_memory_strategy::MessageMemoryStrategy<std_msgs::msg::Int8MultiArray_<std::allocator<void> >, std::allocator<void> >; typename MessageMemoryStrategyT::SharedPtr = std::shared_ptr<rclcpp::message_memory_strategy::MessageMemoryStrategy<std_msgs::msg::Int8MultiArray_<std::allocator<void> >, std::allocator<void> > >][m[K’
[2.773s] [01m[K/opt/ros/foxy/include/rclcpp/create_subscription.hpp:144:63:[m[K   required from ‘[01m[Kstd::shared_ptr<SubscriptionT> rclcpp::create_subscription(NodeT&&, const string&, const rclcpp::QoS&, CallbackT&&, const rclcpp::SubscriptionOptionsWithAllocator<AllocatorT>&, typename MessageMemoryStrategyT::SharedPtr) [with MessageT = std_msgs::msg::Int8MultiArray_<std::allocator<void> >; CallbackT = std::_Bind<void (MinimalSubscriber::*(MinimalSubscriber*, boost::arg<1>))(std::shared_ptr<const std_msgs::msg::Int8MultiArray_<std::allocator<void> > >) const>; AllocatorT = std::allocator<void>; CallbackMessageT = std_msgs::msg::Int8MultiArray_<std::allocator<void> >; SubscriptionT = rclcpp::Subscription<std_msgs::msg::Int8MultiArray_<std::allocator<void> > >; MessageMemoryStrategyT = rclcpp::message_memory_strategy::MessageMemoryStrategy<std_msgs::msg::Int8MultiArray_<std::allocator<void> >, std::allocator<void> >; NodeT = rclcpp::Node&; std::string = std::__cxx11::basic_string<char>; typename MessageMemoryStrategyT::SharedPtr = std::shared_ptr<rclcpp::message_memory_strategy::MessageMemoryStrategy<std_msgs::msg::Int8MultiArray_<std::allocator<void> >, std::allocator<void> > >][m[K’
[2.773s] [01m[K/opt/ros/foxy/include/rclcpp/node_impl.hpp:98:47:[m[K   required from ‘[01m[Kstd::shared_ptr<SubscriptionT> rclcpp::Node::create_subscription(const string&, const rclcpp::QoS&, CallbackT&&, const rclcpp::SubscriptionOptionsWithAllocator<AllocatorT>&, typename MessageMemoryStrategyT::SharedPtr) [with MessageT = std_msgs::msg::Int8MultiArray_<std::allocator<void> >; CallbackT = std::_Bind<void (MinimalSubscriber::*(MinimalSubscriber*, boost::arg<1>))(std::shared_ptr<const std_msgs::msg::Int8MultiArray_<std::allocator<void> > >) const>; AllocatorT = std::allocator<void>; CallbackMessageT = std_msgs::msg::Int8MultiArray_<std::allocator<void> >; SubscriptionT = rclcpp::Subscription<std_msgs::msg::Int8MultiArray_<std::allocator<void> > >; MessageMemoryStrategyT = rclcpp::message_memory_strategy::MessageMemoryStrategy<std_msgs::msg::Int8MultiArray_<std::allocator<void> >, std::allocator<void> >; std::string = std::__cxx11::basic_string<char>; typename MessageMemoryStrategyT::SharedPtr = std::shared_ptr<rclcpp::message_memory_strategy::MessageMemoryStrategy<std_msgs::msg::Int8MultiArray_<std::allocator<void> >, std::allocator<void> > >][m[K’
[2.773s] [01m[K/home/usama/autoronto/coding_test/src/coding_challenge/src/subscriber_member_function.cpp:45:76:[m[K   required from here
[2.773s] [01m[K/usr/include/c++/9/bits/std_function.h:532:2:[m[K [01;36m[Knote: [m[Kcandidate: ‘[01m[Ktemplate<class _Functor> std::function<_Res(_ArgTypes ...)>& std::function<_Res(_ArgTypes ...)>::operator=(std::reference_wrapper<_Functor>) [with _Functor = _Functor; _Res = void; _ArgTypes = {std::shared_ptr<const std_msgs::msg::Int8MultiArray_<std::allocator<void> > >}][m[K’
[2.773s]   532 |  [01;36m[Koperator[m[K=(reference_wrapper<_Functor> __f) noexcept
[2.773s]       |  [01;36m[K^~~~~~~~[m[K
[2.773s] [01m[K/usr/include/c++/9/bits/std_function.h:532:2:[m[K [01;36m[Knote: [m[K  template argument deduction/substitution failed:
[2.773s] In file included from [01m[K/opt/ros/foxy/include/rclcpp/subscription_base.hpp:29[m[K,
[2.773s]                  from [01m[K/opt/ros/foxy/include/rclcpp/callback_group.hpp:26[m[K,
[2.773s]                  from [01m[K/opt/ros/foxy/include/rclcpp/any_executable.hpp:20[m[K,
[2.773s]                  from [01m[K/opt/ros/foxy/include/rclcpp/memory_strategy.hpp:24[m[K,
[2.773s]                  from [01m[K/opt/ros/foxy/include/rclcpp/memory_strategies.hpp:18[m[K,
[2.773s]                  from [01m[K/opt/ros/foxy/include/rclcpp/executor_options.hpp:20[m[K,
[2.773s]                  from [01m[K/opt/ros/foxy/include/rclcpp/executor.hpp:33[m[K,
[2.773s]                  from [01m[K/opt/ros/foxy/include/rclcpp/executors/multi_threaded_executor.hpp:26[m[K,
[2.773s]                  from [01m[K/opt/ros/foxy/include/rclcpp/executors.hpp:21[m[K,
[2.773s]                  from [01m[K/opt/ros/foxy/include/rclcpp/rclcpp.hpp:146[m[K,
[2.773s]                  from [01m[K/opt/ros/foxy/include/message_filters/subscriber.h:38[m[K,
[2.773s]                  from [01m[K/home/usama/autoronto/coding_test/src/coding_challenge/src/subscriber_member_function.cpp:21[m[K:
[2.774s] [01m[K/opt/ros/foxy/include/rclcpp/any_subscription_callback.hpp:113:32:[m[K [01;36m[Knote: [m[K  ‘[01m[Kstd::_Bind<void (MinimalSubscriber::*(MinimalSubscriber*, boost::arg<1>))(std::shared_ptr<const std_msgs::msg::Int8MultiArray_<std::allocator<void> > >) const>[m[K’ is not derived from ‘[01m[Kstd::reference_wrapper<_Tp>[m[K’
[2.774s]   113 |     [01;36m[Kconst_shared_ptr_callback_ = callback[m[K;
[2.774s]       |     [01;36m[K~~~~~~~~~~~~~~~~~~~~~~~~~~~^~~~~~~~~~[m[K
[2.779s] /opt/ros/foxy/include/rclcpp/any_subscription_callback.hpp: In instantiation of ‘[01m[Kvoid rclcpp::AnySubscriptionCallback<MessageT, Alloc>::set(CallbackT) [with CallbackT = std::_Bind<void (MinimalSubscriber::*(MinimalSubscriber*, boost::arg<1>))(std::shared_ptr<const std_msgs::msg::Int8_<std::allocator<void> > >) const>; typename std::enable_if<rclcpp::function_traits::same_arguments<CallbackT, std::function<void(std::shared_ptr<const _Tp>)> >::value>::type* <anonymous> = 0; MessageT = std_msgs::msg::Int8_<std::allocator<void> >; Alloc = std::allocator<void>][m[K’:
[2.779s] [01m[K/opt/ros/foxy/include/rclcpp/subscription_factory.hpp:97:3:[m[K   required from ‘[01m[Krclcpp::SubscriptionFactory rclcpp::create_subscription_factory(CallbackT&&, const rclcpp::SubscriptionOptionsWithAllocator<AllocatorT>&, typename MessageMemoryStrategyT::SharedPtr, std::shared_ptr<rclcpp::topic_statistics::SubscriptionTopicStatistics<CallbackMessageT> >) [with MessageT = std_msgs::msg::String_<std::allocator<void> >; CallbackT = std::_Bind<void (MinimalSubscriber::*(MinimalSubscriber*, boost::arg<1>))(std::shared_ptr<const std_msgs::msg::Int8_<std::allocator<void> > >) const>; AllocatorT = std::allocator<void>; CallbackMessageT = std_msgs::msg::Int8_<std::allocator<void> >; SubscriptionT = rclcpp::Subscription<std_msgs::msg::Int8_<std::allocator<void> > >; MessageMemoryStrategyT = rclcpp::message_memory_strategy::MessageMemoryStrategy<std_msgs::msg::Int8_<std::allocator<void> >, std::allocator<void> >; typename MessageMemoryStrategyT::SharedPtr = std::shared_ptr<rclcpp::message_memory_strategy::MessageMemoryStrategy<std_msgs::msg::Int8_<std::allocator<void> >, std::allocator<void> > >][m[K’
[2.779s] [01m[K/opt/ros/foxy/include/rclcpp/create_subscription.hpp:144:63:[m[K   required from ‘[01m[Kstd::shared_ptr<SubscriptionT> rclcpp::create_subscription(NodeT&&, const string&, const rclcpp::QoS&, CallbackT&&, const rclcpp::SubscriptionOptionsWithAllocator<AllocatorT>&, typename MessageMemoryStrategyT::SharedPtr) [with MessageT = std_msgs::msg::String_<std::allocator<void> >; CallbackT = std::_Bind<void (MinimalSubscriber::*(MinimalSubscriber*, boost::arg<1>))(std::shared_ptr<const std_msgs::msg::Int8_<std::allocator<void> > >) const>; AllocatorT = std::allocator<void>; CallbackMessageT = std_msgs::msg::Int8_<std::allocator<void> >; SubscriptionT = rclcpp::Subscription<std_msgs::msg::Int8_<std::allocator<void> > >; MessageMemoryStrategyT = rclcpp::message_memory_strategy::MessageMemoryStrategy<std_msgs::msg::Int8_<std::allocator<void> >, std::allocator<void> >; NodeT = rclcpp::Node&; std::string = std::__cxx11::basic_string<char>; typename MessageMemoryStrategyT::SharedPtr = std::shared_ptr<rclcpp::message_memory_strategy::MessageMemoryStrategy<std_msgs::msg::Int8_<std::allocator<void> >, std::allocator<void> > >][m[K’
[2.780s] [01m[K/opt/ros/foxy/include/rclcpp/node_impl.hpp:98:47:[m[K   required from ‘[01m[Kstd::shared_ptr<SubscriptionT> rclcpp::Node::create_subscription(const string&, const rclcpp::QoS&, CallbackT&&, const rclcpp::SubscriptionOptionsWithAllocator<AllocatorT>&, typename MessageMemoryStrategyT::SharedPtr) [with MessageT = std_msgs::msg::String_<std::allocator<void> >; CallbackT = std::_Bind<void (MinimalSubscriber::*(MinimalSubscriber*, boost::arg<1>))(std::shared_ptr<const std_msgs::msg::Int8_<std::allocator<void> > >) const>; AllocatorT = std::allocator<void>; CallbackMessageT = std_msgs::msg::Int8_<std::allocator<void> >; SubscriptionT = rclcpp::Subscription<std_msgs::msg::Int8_<std::allocator<void> > >; MessageMemoryStrategyT = rclcpp::message_memory_strategy::MessageMemoryStrategy<std_msgs::msg::Int8_<std::allocator<void> >, std::allocator<void> >; std::string = std::__cxx11::basic_string<char>; typename MessageMemoryStrategyT::SharedPtr = std::shared_ptr<rclcpp::message_memory_strategy::MessageMemoryStrategy<std_msgs::msg::Int8_<std::allocator<void> >, std::allocator<void> > >][m[K’
[2.783s] [01m[K/home/usama/autoronto/coding_test/src/coding_challenge/src/subscriber_member_function.cpp:48:76:[m[K   required from here
[2.783s] [01m[K/opt/ros/foxy/include/rclcpp/any_subscription_callback.hpp:113:32:[m[K [01;31m[Kerror: [m[Kno match for ‘[01m[Koperator=[m[K’ (operand types are ‘[01m[Krclcpp::AnySubscriptionCallback<std_msgs::msg::Int8_<std::allocator<void> >, std::allocator<void> >::ConstSharedPtrCallback[m[K’ {aka ‘[01m[Kstd::function<void(std::shared_ptr<const std_msgs::msg::Int8_<std::allocator<void> > >)>[m[K’} and ‘[01m[Kstd::_Bind<void (MinimalSubscriber::*(MinimalSubscriber*, boost::arg<1>))(std::shared_ptr<const std_msgs::msg::Int8_<std::allocator<void> > >) const>[m[K’)
[2.783s] In file included from [01m[K/usr/include/c++/9/future:48[m[K,
[2.783s]                  from [01m[K/opt/ros/foxy/include/rclcpp/executors.hpp:18[m[K,
[2.783s]                  from [01m[K/opt/ros/foxy/include/rclcpp/rclcpp.hpp:146[m[K,
[2.783s]                  from [01m[K/opt/ros/foxy/include/message_filters/subscriber.h:38[m[K,
[2.783s]                  from [01m[K/home/usama/autoronto/coding_test/src/coding_challenge/src/subscriber_member_function.cpp:21[m[K:
[2.783s] [01m[K/usr/include/c++/9/bits/std_function.h:462:7:[m[K [01;36m[Knote: [m[Kcandidate: ‘[01m[Kstd::function<_Res(_ArgTypes ...)>& std::function<_Res(_ArgTypes ...)>::operator=(const std::function<_Res(_ArgTypes ...)>&) [with _Res = void; _ArgTypes = {std::shared_ptr<const std_msgs::msg::Int8_<std::allocator<void> > >}][m[K’
[2.783s]   462 |       [01;36m[Koperator[m[K=(const function& __x)
[2.783s]       |       [01;36m[K^~~~~~~~[m[K
[2.784s] [01m[K/usr/include/c++/9/bits/std_function.h:462:33:[m[K [01;36m[Knote: [m[K  no known conversion for argument 1 from ‘[01m[Kstd::_Bind<void (MinimalSubscriber::*(MinimalSubscriber*, boost::arg<1>))(std::shared_ptr<const std_msgs::msg::Int8_<std::allocator<void> > >) const>[m[K’ to ‘[01m[Kconst std::function<void(std::shared_ptr<const std_msgs::msg::Int8_<std::allocator<void> > >)>&[m[K’
[2.784s]   462 |       operator=([01;36m[Kconst function& __x[m[K)
[2.784s]       |                 [01;36m[K~~~~~~~~~~~~~~~~^~~[m[K
[2.784s] [01m[K/usr/include/c++/9/bits/std_function.h:480:7:[m[K [01;36m[Knote: [m[Kcandidate: ‘[01m[Kstd::function<_Res(_ArgTypes ...)>& std::function<_Res(_ArgTypes ...)>::operator=(std::function<_Res(_ArgTypes ...)>&&) [with _Res = void; _ArgTypes = {std::shared_ptr<const std_msgs::msg::Int8_<std::allocator<void> > >}][m[K’
[2.784s]   480 |       [01;36m[Koperator[m[K=(function&& __x) noexcept
[2.784s]       |       [01;36m[K^~~~~~~~[m[K
[2.784s] [01m[K/usr/include/c++/9/bits/std_function.h:480:28:[m[K [01;36m[Knote: [m[K  no known conversion for argument 1 from ‘[01m[Kstd::_Bind<void (MinimalSubscriber::*(MinimalSubscriber*, boost::arg<1>))(std::shared_ptr<const std_msgs::msg::Int8_<std::allocator<void> > >) const>[m[K’ to ‘[01m[Kstd::function<void(std::shared_ptr<const std_msgs::msg::Int8_<std::allocator<void> > >)>&&[m[K’
[2.784s]   480 |       operator=([01;36m[Kfunction&& __x[m[K) noexcept
[2.784s]       |                 [01;36m[K~~~~~~~~~~~^~~[m[K
[2.784s] [01m[K/usr/include/c++/9/bits/std_function.h:494:7:[m[K [01;36m[Knote: [m[Kcandidate: ‘[01m[Kstd::function<_Res(_ArgTypes ...)>& std::function<_Res(_ArgTypes ...)>::operator=(std::nullptr_t) [with _Res = void; _ArgTypes = {std::shared_ptr<const std_msgs::msg::Int8_<std::allocator<void> > >}; std::nullptr_t = std::nullptr_t][m[K’
[2.784s]   494 |       [01;36m[Koperator[m[K=(nullptr_t) noexcept
[2.784s]       |       [01;36m[K^~~~~~~~[m[K
[2.784s] [01m[K/usr/include/c++/9/bits/std_function.h:494:17:[m[K [01;36m[Knote: [m[K  no known conversion for argument 1 from ‘[01m[Kstd::_Bind<void (MinimalSubscriber::*(MinimalSubscriber*, boost::arg<1>))(std::shared_ptr<const std_msgs::msg::Int8_<std::allocator<void> > >) const>[m[K’ to ‘[01m[Kstd::nullptr_t[m[K’
[2.784s]   494 |       operator=([01;36m[Knullptr_t[m[K) noexcept
[2.784s]       |                 [01;36m[K^~~~~~~~~[m[K
[2.790s] [01m[K/usr/include/c++/9/bits/std_function.h:523:2:[m[K [01;36m[Knote: [m[Kcandidate: ‘[01m[Ktemplate<class _Functor> std::function<_Res(_ArgTypes ...)>::_Requires<std::function<_Res(_ArgTypes ...)>::_Callable<typename std::decay<_Functor>::type>, std::function<_Res(_ArgTypes ...)>&> std::function<_Res(_ArgTypes ...)>::operator=(_Functor&&) [with _Functor = _Functor; _Res = void; _ArgTypes = {std::shared_ptr<const std_msgs::msg::Int8_<std::allocator<void> > >}][m[K’
[2.790s]   523 |  [01;36m[Koperator[m[K=(_Functor&& __f)
[2.790s]       |  [01;36m[K^~~~~~~~[m[K
[2.790s] [01m[K/usr/include/c++/9/bits/std_function.h:523:2:[m[K [01;36m[Knote: [m[K  template argument deduction/substitution failed:
[2.790s] /usr/include/c++/9/bits/std_function.h: In substitution of ‘[01m[Ktemplate<class _Res, class ... _ArgTypes> template<class _Cond, class _Tp> using _Requires = typename std::enable_if<_Cond::value, _Tp>::type [with _Cond = std::function<void(std::shared_ptr<const std_msgs::msg::Int8_<std::allocator<void> > >)>::_Callable<std::_Bind<void (MinimalSubscriber::*(MinimalSubscriber*, boost::arg<1>))(std::shared_ptr<const std_msgs::msg::Int8_<std::allocator<void> > >) const>, std::__invoke_result<std::_Bind<void (MinimalSubscriber::*(MinimalSubscriber*, boost::arg<1>))(std::shared_ptr<const std_msgs::msg::Int8_<std::allocator<void> > >) const>&, std::shared_ptr<const std_msgs::msg::Int8_<std::allocator<void> > > > >; _Tp = std::function<void(std::shared_ptr<const std_msgs::msg::Int8_<std::allocator<void> > >)>&; _Res = void; _ArgTypes = {std::shared_ptr<const std_msgs::msg::Int8_<std::allocator<void> > >}][m[K’:
[2.790s] [01m[K/usr/include/c++/9/bits/std_function.h:523:2:[m[K   required by substitution of ‘[01m[Ktemplate<class _Functor> std::function<void(std::shared_ptr<const std_msgs::msg::Int8_<std::allocator<void> > >)>::_Requires<std::function<void(std::shared_ptr<const std_msgs::msg::Int8_<std::allocator<void> > >)>::_Callable<typename std::decay<_Tp>::type, std::__invoke_result<typename std::decay<_Tp>::type&, std::shared_ptr<const std_msgs::msg::Int8_<std::allocator<void> > > > >, std::function<void(std::shared_ptr<const std_msgs::msg::Int8_<std::allocator<void> > >)>&> std::function<void(std::shared_ptr<const std_msgs::msg::Int8_<std::allocator<void> > >)>::operator=<_Functor>(_Functor&&) [with _Functor = std::_Bind<void (MinimalSubscriber::*(MinimalSubscriber*, boost::arg<1>))(std::shared_ptr<const std_msgs::msg::Int8_<std::allocator<void> > >) const>&][m[K’
[2.790s] [01m[K/opt/ros/foxy/include/rclcpp/any_subscription_callback.hpp:113:32:[m[K   required from ‘[01m[Kvoid rclcpp::AnySubscriptionCallback<MessageT, Alloc>::set(CallbackT) [with CallbackT = std::_Bind<void (MinimalSubscriber::*(MinimalSubscriber*, boost::arg<1>))(std::shared_ptr<const std_msgs::msg::Int8_<std::allocator<void> > >) const>; typename std::enable_if<rclcpp::function_traits::same_arguments<CallbackT, std::function<void(std::shared_ptr<const _Tp>)> >::value>::type* <anonymous> = 0; MessageT = std_msgs::msg::Int8_<std::allocator<void> >; Alloc = std::allocator<void>][m[K’
[2.791s] [01m[K/opt/ros/foxy/include/rclcpp/subscription_factory.hpp:97:3:[m[K   required from ‘[01m[Krclcpp::SubscriptionFactory rclcpp::create_subscription_factory(CallbackT&&, const rclcpp::SubscriptionOptionsWithAllocator<AllocatorT>&, typename MessageMemoryStrategyT::SharedPtr, std::shared_ptr<rclcpp::topic_statistics::SubscriptionTopicStatistics<CallbackMessageT> >) [with MessageT = std_msgs::msg::String_<std::allocator<void> >; CallbackT = std::_Bind<void (MinimalSubscriber::*(MinimalSubscriber*, boost::arg<1>))(std::shared_ptr<const std_msgs::msg::Int8_<std::allocator<void> > >) const>; AllocatorT = std::allocator<void>; CallbackMessageT = std_msgs::msg::Int8_<std::allocator<void> >; SubscriptionT = rclcpp::Subscription<std_msgs::msg::Int8_<std::allocator<void> > >; MessageMemoryStrategyT = rclcpp::message_memory_strategy::MessageMemoryStrategy<std_msgs::msg::Int8_<std::allocator<void> >, std::allocator<void> >; typename MessageMemoryStrategyT::SharedPtr = std::shared_ptr<rclcpp::message_memory_strategy::MessageMemoryStrategy<std_msgs::msg::Int8_<std::allocator<void> >, std::allocator<void> > >][m[K’
[2.791s] [01m[K/opt/ros/foxy/include/rclcpp/create_subscription.hpp:144:63:[m[K   required from ‘[01m[Kstd::shared_ptr<SubscriptionT> rclcpp::create_subscription(NodeT&&, const string&, const rclcpp::QoS&, CallbackT&&, const rclcpp::SubscriptionOptionsWithAllocator<AllocatorT>&, typename MessageMemoryStrategyT::SharedPtr) [with MessageT = std_msgs::msg::String_<std::allocator<void> >; CallbackT = std::_Bind<void (MinimalSubscriber::*(MinimalSubscriber*, boost::arg<1>))(std::shared_ptr<const std_msgs::msg::Int8_<std::allocator<void> > >) const>; AllocatorT = std::allocator<void>; CallbackMessageT = std_msgs::msg::Int8_<std::allocator<void> >; SubscriptionT = rclcpp::Subscription<std_msgs::msg::Int8_<std::allocator<void> > >; MessageMemoryStrategyT = rclcpp::message_memory_strategy::MessageMemoryStrategy<std_msgs::msg::Int8_<std::allocator<void> >, std::allocator<void> >; NodeT = rclcpp::Node&; std::string = std::__cxx11::basic_string<char>; typename MessageMemoryStrategyT::SharedPtr = std::shared_ptr<rclcpp::message_memory_strategy::MessageMemoryStrategy<std_msgs::msg::Int8_<std::allocator<void> >, std::allocator<void> > >][m[K’
[2.791s] [01m[K/opt/ros/foxy/include/rclcpp/node_impl.hpp:98:47:[m[K   required from ‘[01m[Kstd::shared_ptr<SubscriptionT> rclcpp::Node::create_subscription(const string&, const rclcpp::QoS&, CallbackT&&, const rclcpp::SubscriptionOptionsWithAllocator<AllocatorT>&, typename MessageMemoryStrategyT::SharedPtr) [with MessageT = std_msgs::msg::String_<std::allocator<void> >; CallbackT = std::_Bind<void (MinimalSubscriber::*(MinimalSubscriber*, boost::arg<1>))(std::shared_ptr<const std_msgs::msg::Int8_<std::allocator<void> > >) const>; AllocatorT = std::allocator<void>; CallbackMessageT = std_msgs::msg::Int8_<std::allocator<void> >; SubscriptionT = rclcpp::Subscription<std_msgs::msg::Int8_<std::allocator<void> > >; MessageMemoryStrategyT = rclcpp::message_memory_strategy::MessageMemoryStrategy<std_msgs::msg::Int8_<std::allocator<void> >, std::allocator<void> >; std::string = std::__cxx11::basic_string<char>; typename MessageMemoryStrategyT::SharedPtr = std::shared_ptr<rclcpp::message_memory_strategy::MessageMemoryStrategy<std_msgs::msg::Int8_<std::allocator<void> >, std::allocator<void> > >][m[K’
[2.791s] [01m[K/home/usama/autoronto/coding_test/src/coding_challenge/src/subscriber_member_function.cpp:48:76:[m[K   required from here
[2.791s] [01m[K/usr/include/c++/9/bits/std_function.h:385:8:[m[K [01;31m[Kerror: [m[Kno type named ‘[01m[Ktype[m[K’ in ‘[01m[Kstruct std::enable_if<false, std::function<void(std::shared_ptr<const std_msgs::msg::Int8_<std::allocator<void> > >)>&>[m[K’
[2.791s]   385 |  using [01;31m[K_Requires[m[K = typename enable_if<_Cond::value, _Tp>::type;
[2.791s]       |        [01;31m[K^~~~~~~~~[m[K
[2.791s] /opt/ros/foxy/include/rclcpp/any_subscription_callback.hpp: In instantiation of ‘[01m[Kvoid rclcpp::AnySubscriptionCallback<MessageT, Alloc>::set(CallbackT) [with CallbackT = std::_Bind<void (MinimalSubscriber::*(MinimalSubscriber*, boost::arg<1>))(std::shared_ptr<const std_msgs::msg::Int8_<std::allocator<void> > >) const>; typename std::enable_if<rclcpp::function_traits::same_arguments<CallbackT, std::function<void(std::shared_ptr<const _Tp>)> >::value>::type* <anonymous> = 0; MessageT = std_msgs::msg::Int8_<std::allocator<void> >; Alloc = std::allocator<void>][m[K’:
[2.791s] [01m[K/opt/ros/foxy/include/rclcpp/subscription_factory.hpp:97:3:[m[K   required from ‘[01m[Krclcpp::SubscriptionFactory rclcpp::create_subscription_factory(CallbackT&&, const rclcpp::SubscriptionOptionsWithAllocator<AllocatorT>&, typename MessageMemoryStrategyT::SharedPtr, std::shared_ptr<rclcpp::topic_statistics::SubscriptionTopicStatistics<CallbackMessageT> >) [with MessageT = std_msgs::msg::String_<std::allocator<void> >; CallbackT = std::_Bind<void (MinimalSubscriber::*(MinimalSubscriber*, boost::arg<1>))(std::shared_ptr<const std_msgs::msg::Int8_<std::allocator<void> > >) const>; AllocatorT = std::allocator<void>; CallbackMessageT = std_msgs::msg::Int8_<std::allocator<void> >; SubscriptionT = rclcpp::Subscription<std_msgs::msg::Int8_<std::allocator<void> > >; MessageMemoryStrategyT = rclcpp::message_memory_strategy::MessageMemoryStrategy<std_msgs::msg::Int8_<std::allocator<void> >, std::allocator<void> >; typename MessageMemoryStrategyT::SharedPtr = std::shared_ptr<rclcpp::message_memory_strategy::MessageMemoryStrategy<std_msgs::msg::Int8_<std::allocator<void> >, std::allocator<void> > >][m[K’
[2.791s] [01m[K/opt/ros/foxy/include/rclcpp/create_subscription.hpp:144:63:[m[K   required from ‘[01m[Kstd::shared_ptr<SubscriptionT> rclcpp::create_subscription(NodeT&&, const string&, const rclcpp::QoS&, CallbackT&&, const rclcpp::SubscriptionOptionsWithAllocator<AllocatorT>&, typename MessageMemoryStrategyT::SharedPtr) [with MessageT = std_msgs::msg::String_<std::allocator<void> >; CallbackT = std::_Bind<void (MinimalSubscriber::*(MinimalSubscriber*, boost::arg<1>))(std::shared_ptr<const std_msgs::msg::Int8_<std::allocator<void> > >) const>; AllocatorT = std::allocator<void>; CallbackMessageT = std_msgs::msg::Int8_<std::allocator<void> >; SubscriptionT = rclcpp::Subscription<std_msgs::msg::Int8_<std::allocator<void> > >; MessageMemoryStrategyT = rclcpp::message_memory_strategy::MessageMemoryStrategy<std_msgs::msg::Int8_<std::allocator<void> >, std::allocator<void> >; NodeT = rclcpp::Node&; std::string = std::__cxx11::basic_string<char>; typename MessageMemoryStrategyT::SharedPtr = std::shared_ptr<rclcpp::message_memory_strategy::MessageMemoryStrategy<std_msgs::msg::Int8_<std::allocator<void> >, std::allocator<void> > >][m[K’
[2.791s] [01m[K/opt/ros/foxy/include/rclcpp/node_impl.hpp:98:47:[m[K   required from ‘[01m[Kstd::shared_ptr<SubscriptionT> rclcpp::Node::create_subscription(const string&, const rclcpp::QoS&, CallbackT&&, const rclcpp::SubscriptionOptionsWithAllocator<AllocatorT>&, typename MessageMemoryStrategyT::SharedPtr) [with MessageT = std_msgs::msg::String_<std::allocator<void> >; CallbackT = std::_Bind<void (MinimalSubscriber::*(MinimalSubscriber*, boost::arg<1>))(std::shared_ptr<const std_msgs::msg::Int8_<std::allocator<void> > >) const>; AllocatorT = std::allocator<void>; CallbackMessageT = std_msgs::msg::Int8_<std::allocator<void> >; SubscriptionT = rclcpp::Subscription<std_msgs::msg::Int8_<std::allocator<void> > >; MessageMemoryStrategyT = rclcpp::message_memory_strategy::MessageMemoryStrategy<std_msgs::msg::Int8_<std::allocator<void> >, std::allocator<void> >; std::string = std::__cxx11::basic_string<char>; typename MessageMemoryStrategyT::SharedPtr = std::shared_ptr<rclcpp::message_memory_strategy::MessageMemoryStrategy<std_msgs::msg::Int8_<std::allocator<void> >, std::allocator<void> > >][m[K’
[2.791s] [01m[K/home/usama/autoronto/coding_test/src/coding_challenge/src/subscriber_member_function.cpp:48:76:[m[K   required from here
[2.791s] [01m[K/usr/include/c++/9/bits/std_function.h:532:2:[m[K [01;36m[Knote: [m[Kcandidate: ‘[01m[Ktemplate<class _Functor> std::function<_Res(_ArgTypes ...)>& std::function<_Res(_ArgTypes ...)>::operator=(std::reference_wrapper<_Functor>) [with _Functor = _Functor; _Res = void; _ArgTypes = {std::shared_ptr<const std_msgs::msg::Int8_<std::allocator<void> > >}][m[K’
[2.791s]   532 |  [01;36m[Koperator[m[K=(reference_wrapper<_Functor> __f) noexcept
[2.791s]       |  [01;36m[K^~~~~~~~[m[K
[2.792s] [01m[K/usr/include/c++/9/bits/std_function.h:532:2:[m[K [01;36m[Knote: [m[K  template argument deduction/substitution failed:
[2.792s] In file included from [01m[K/opt/ros/foxy/include/rclcpp/subscription_base.hpp:29[m[K,
[2.792s]                  from [01m[K/opt/ros/foxy/include/rclcpp/callback_group.hpp:26[m[K,
[2.792s]                  from [01m[K/opt/ros/foxy/include/rclcpp/any_executable.hpp:20[m[K,
[2.792s]                  from [01m[K/opt/ros/foxy/include/rclcpp/memory_strategy.hpp:24[m[K,
[2.792s]                  from [01m[K/opt/ros/foxy/include/rclcpp/memory_strategies.hpp:18[m[K,
[2.792s]                  from [01m[K/opt/ros/foxy/include/rclcpp/executor_options.hpp:20[m[K,
[2.792s]                  from [01m[K/opt/ros/foxy/include/rclcpp/executor.hpp:33[m[K,
[2.792s]                  from [01m[K/opt/ros/foxy/include/rclcpp/executors/multi_threaded_executor.hpp:26[m[K,
[2.792s]                  from [01m[K/opt/ros/foxy/include/rclcpp/executors.hpp:21[m[K,
[2.792s]                  from [01m[K/opt/ros/foxy/include/rclcpp/rclcpp.hpp:146[m[K,
[2.792s]                  from [01m[K/opt/ros/foxy/include/message_filters/subscriber.h:38[m[K,
[2.792s]                  from [01m[K/home/usama/autoronto/coding_test/src/coding_challenge/src/subscriber_member_function.cpp:21[m[K:
[2.792s] [01m[K/opt/ros/foxy/include/rclcpp/any_subscription_callback.hpp:113:32:[m[K [01;36m[Knote: [m[K  ‘[01m[Kstd::_Bind<void (MinimalSubscriber::*(MinimalSubscriber*, boost::arg<1>))(std::shared_ptr<const std_msgs::msg::Int8_<std::allocator<void> > >) const>[m[K’ is not derived from ‘[01m[Kstd::reference_wrapper<_Tp>[m[K’
[2.792s]   113 |     [01;36m[Kconst_shared_ptr_callback_ = callback[m[K;
[2.792s]       |     [01;36m[K~~~~~~~~~~~~~~~~~~~~~~~~~~~^~~~~~~~~~[m[K
[3.965s] make[2]: *** [CMakeFiles/listener.dir/build.make:63: CMakeFiles/listener.dir/src/subscriber_member_function.cpp.o] Error 1
[3.969s] make[1]: *** [CMakeFiles/Makefile2:80: CMakeFiles/listener.dir/all] Error 2
[3.979s] make: *** [Makefile:141: all] Error 2
[4.029s] Invoked command in '/home/usama/autoronto/coding_test/build/coding_challenge' returned '2': CMAKE_PREFIX_PATH=/opt/ros/foxy /usr/bin/cmake --build /home/usama/autoronto/coding_test/build/coding_challenge -- -j8 -l8
