[0.017s] Invoking command in '/home/usama/autoronto/coding_test/build/coding_challenge': CMAKE_PREFIX_PATH=/opt/ros/foxy /usr/bin/cmake --build /home/usama/autoronto/coding_test/build/coding_challenge -- -j8 -l8
[0.079s] [35m[1mScanning dependencies of target listener[0m
[0.088s] [ 50%] Built target talker
[0.097s] [ 75%] [32mBuilding CXX object CMakeFiles/listener.dir/src/subscriber_member_function.cpp.o[0m
[1.504s] [01m[K/home/usama/autoronto/coding_test/src/coding_challenge/src/subscriber_member_function.cpp:[m[K In member function ‘[01m[Kvoid MinimalSubscriber::calc_result()[m[K’:
[1.504s] [01m[K/home/usama/autoronto/coding_test/src/coding_challenge/src/subscriber_member_function.cpp:130:20:[m[K [01;35m[Kwarning: [m[Kcomparison of integer expressions of different signedness: ‘[01m[Kint[m[K’ and ‘[01m[Kstd::vector<signed char, std::allocator<signed char> >::size_type[m[K’ {aka ‘[01m[Klong unsigned int[m[K’} [[01;35m[K-Wsign-compare[m[K]
[1.504s]   130 |     for(auto i=0; [01;35m[Ki< input.data.size()[m[K; i++){
[1.504s]       |                   [01;35m[K~^~~~~~~~~~~~~~~~~~~[m[K
[5.865s] [100%] [32m[1mLinking CXX executable listener[0m
[6.045s] [100%] Built target listener
[6.055s] Invoked command in '/home/usama/autoronto/coding_test/build/coding_challenge' returned '0': CMAKE_PREFIX_PATH=/opt/ros/foxy /usr/bin/cmake --build /home/usama/autoronto/coding_test/build/coding_challenge -- -j8 -l8
[6.098s] Invoking command in '/home/usama/autoronto/coding_test/build/coding_challenge': CMAKE_PREFIX_PATH=/opt/ros/foxy /usr/bin/cmake --install /home/usama/autoronto/coding_test/build/coding_challenge
[6.103s] -- Install configuration: ""
[6.103s] -- Up-to-date: /home/usama/autoronto/coding_test/install/coding_challenge/lib/coding_challenge/talker
[6.106s] -- Installing: /home/usama/autoronto/coding_test/install/coding_challenge/lib/coding_challenge/listener
[6.116s] -- Set runtime path of "/home/usama/autoronto/coding_test/install/coding_challenge/lib/coding_challenge/listener" to ""
[6.116s] -- Up-to-date: /home/usama/autoronto/coding_test/install/coding_challenge/share/ament_index/resource_index/package_run_dependencies/coding_challenge
[6.116s] -- Up-to-date: /home/usama/autoronto/coding_test/install/coding_challenge/share/ament_index/resource_index/parent_prefix_path/coding_challenge
[6.116s] -- Up-to-date: /home/usama/autoronto/coding_test/install/coding_challenge/share/coding_challenge/environment/ament_prefix_path.sh
[6.117s] -- Up-to-date: /home/usama/autoronto/coding_test/install/coding_challenge/share/coding_challenge/environment/ament_prefix_path.dsv
[6.117s] -- Up-to-date: /home/usama/autoronto/coding_test/install/coding_challenge/share/coding_challenge/environment/path.sh
[6.119s] -- Up-to-date: /home/usama/autoronto/coding_test/install/coding_challenge/share/coding_challenge/environment/path.dsv
[6.119s] -- Up-to-date: /home/usama/autoronto/coding_test/install/coding_challenge/share/coding_challenge/local_setup.bash
[6.119s] -- Up-to-date: /home/usama/autoronto/coding_test/install/coding_challenge/share/coding_challenge/local_setup.sh
[6.119s] -- Up-to-date: /home/usama/autoronto/coding_test/install/coding_challenge/share/coding_challenge/local_setup.zsh
[6.119s] -- Up-to-date: /home/usama/autoronto/coding_test/install/coding_challenge/share/coding_challenge/local_setup.dsv
[6.119s] -- Installing: /home/usama/autoronto/coding_test/install/coding_challenge/share/coding_challenge/package.dsv
[6.122s] -- Up-to-date: /home/usama/autoronto/coding_test/install/coding_challenge/share/ament_index/resource_index/packages/coding_challenge
[6.123s] -- Up-to-date: /home/usama/autoronto/coding_test/install/coding_challenge/share/coding_challenge/cmake/coding_challengeConfig.cmake
[6.126s] -- Up-to-date: /home/usama/autoronto/coding_test/install/coding_challenge/share/coding_challenge/cmake/coding_challengeConfig-version.cmake
[6.128s] -- Up-to-date: /home/usama/autoronto/coding_test/install/coding_challenge/share/coding_challenge/package.xml
[6.132s] Invoked command in '/home/usama/autoronto/coding_test/build/coding_challenge' returned '0': CMAKE_PREFIX_PATH=/opt/ros/foxy /usr/bin/cmake --install /home/usama/autoronto/coding_test/build/coding_challenge
