[01m[K/home/usama/autoronto/coding_test/src/coding_challenge/src/subscriber_member_function.cpp:74:122:[m[K [01;35m[Kwarning: [m[K‘[01m[Kstd_msgs::msg::Int8MultiArray_<std::allocator<void> >::ConstPtr[m[K’ is deprecated [[01;35m[K-Wdeprecated-declarations[m[K]
   74 |   void callback(const std_msgs::msg::Int8MultiArray::ConstPtr& array_msg, const std_msgs::msg::Int8::ConstPtr& target_msg[01;35m[K)[m[K
      |                                                                                                                          [01;35m[K^[m[K
In file included from [01m[K/opt/ros/foxy/include/std_msgs/msg/int8_multi_array.hpp:7[m[K,
                 from [01m[K/home/usama/autoronto/coding_test/src/coding_challenge/src/subscriber_member_function.cpp:29[m[K:
[01m[K/opt/ros/foxy/include/std_msgs/msg/detail/int8_multi_array__struct.hpp:110:5:[m[K [01;36m[Knote: [m[Kdeclared here
  110 |     [01;36m[KConstPtr[m[K;
      |     [01;36m[K^~~~~~~~[m[K
[01m[K/home/usama/autoronto/coding_test/src/coding_challenge/src/subscriber_member_function.cpp:74:122:[m[K [01;35m[Kwarning: [m[K‘[01m[Kstd_msgs::msg::Int8_<std::allocator<void> >::ConstPtr[m[K’ is deprecated [[01;35m[K-Wdeprecated-declarations[m[K]
   74 |   void callback(const std_msgs::msg::Int8MultiArray::ConstPtr& array_msg, const std_msgs::msg::Int8::ConstPtr& target_msg[01;35m[K)[m[K
      |                                                                                                                          [01;35m[K^[m[K
In file included from [01m[K/opt/ros/foxy/include/std_msgs/msg/int8.hpp:7[m[K,
                 from [01m[K/home/usama/autoronto/coding_test/src/coding_challenge/src/subscriber_member_function.cpp:28[m[K:
[01m[K/opt/ros/foxy/include/std_msgs/msg/detail/int8__struct.hpp:104:5:[m[K [01;36m[Knote: [m[Kdeclared here
  104 |     [01;36m[KConstPtr[m[K;
      |     [01;36m[K^~~~~~~~[m[K
/usr/bin/ld: CMakeFiles/listener.dir/src/subscriber_member_function.cpp.o: in function `message_filters::Synchronizer<message_filters::sync_policies::ApproximateTime<std_msgs::msg::Int8MultiArray_<std::allocator<void> >, std_msgs::msg::Int8_<std::allocator<void> >, message_filters::NullType, message_filters::NullType, message_filters::NullType, message_filters::NullType, message_filters::NullType, message_filters::NullType, message_filters::NullType> >::disconnectAll()':
subscriber_member_function.cpp:(.text._ZN15message_filters12SynchronizerINS_13sync_policies15ApproximateTimeIN8std_msgs3msg15Int8MultiArray_ISaIvEEENS4_5Int8_IS6_EENS_8NullTypeESA_SA_SA_SA_SA_SA_EEE13disconnectAllEv[_ZN15message_filters12SynchronizerINS_13sync_policies15ApproximateTimeIN8std_msgs3msg15Int8MultiArray_ISaIvEEENS4_5Int8_IS6_EENS_8NullTypeESA_SA_SA_SA_SA_SA_EEE13disconnectAllEv]+0x38): undefined reference to `message_filters::Connection::disconnect()'
/usr/bin/ld: CMakeFiles/listener.dir/src/subscriber_member_function.cpp.o: in function `message_filters::Connection message_filters::Signal9<std_msgs::msg::Int8MultiArray_<std::allocator<void> >, std_msgs::msg::Int8_<std::allocator<void> >, message_filters::NullType, message_filters::NullType, message_filters::NullType, message_filters::NullType, message_filters::NullType, message_filters::NullType, message_filters::NullType>::addCallback<std::shared_ptr<std_msgs::msg::Int8MultiArray_<std::allocator<void> > const> const&, std::shared_ptr<std_msgs::msg::Int8_<std::allocator<void> > const> const&, std::shared_ptr<message_filters::NullType const> const&, std::shared_ptr<message_filters::NullType const> const&, std::shared_ptr<message_filters::NullType const> const&, std::shared_ptr<message_filters::NullType const> const&, std::shared_ptr<message_filters::NullType const> const&, std::shared_ptr<message_filters::NullType const> const&, std::shared_ptr<message_filters::NullType const> const&>(std::function<void (std::shared_ptr<std_msgs::msg::Int8MultiArray_<std::allocator<void> > const> const&, std::shared_ptr<std_msgs::msg::Int8_<std::allocator<void> > const> const&, std::shared_ptr<message_filters::NullType const> const&, std::shared_ptr<message_filters::NullType const> const&, std::shared_ptr<message_filters::NullType const> const&, std::shared_ptr<message_filters::NullType const> const&, std::shared_ptr<message_filters::NullType const> const&, std::shared_ptr<message_filters::NullType const> const&, std::shared_ptr<message_filters::NullType const> const&)> const&)':
subscriber_member_function.cpp:(.text._ZN15message_filters7Signal9IN8std_msgs3msg15Int8MultiArray_ISaIvEEENS2_5Int8_IS4_EENS_8NullTypeES8_S8_S8_S8_S8_S8_E11addCallbackIRKSt10shared_ptrIKS5_ERKSB_IKS7_ERKSB_IKS8_ESN_SN_SN_SN_SN_SN_EENS_10ConnectionERKSt8functionIFvT_T0_T1_T2_T3_T4_T5_T6_T7_EE[_ZN15message_filters7Signal9IN8std_msgs3msg15Int8MultiArray_ISaIvEEENS2_5Int8_IS4_EENS_8NullTypeES8_S8_S8_S8_S8_S8_E11addCallbackIRKSt10shared_ptrIKS5_ERKSB_IKS7_ERKSB_IKS8_ESN_SN_SN_SN_SN_SN_EENS_10ConnectionERKSt8functionIFvT_T0_T1_T2_T3_T4_T5_T6_T7_EE]+0x17a): undefined reference to `message_filters::Connection::Connection(std::function<void ()> const&)'
/usr/bin/ld: CMakeFiles/listener.dir/src/subscriber_member_function.cpp.o: in function `message_filters::Connection message_filters::SimpleFilter<std_msgs::msg::Int8MultiArray_<std::allocator<void> > >::registerCallback<message_filters::MessageEvent<std_msgs::msg::Int8MultiArray_<std::allocator<void> > const> const&>(std::function<void (message_filters::MessageEvent<std_msgs::msg::Int8MultiArray_<std::allocator<void> > const> const&)> const&)':
subscriber_member_function.cpp:(.text._ZN15message_filters12SimpleFilterIN8std_msgs3msg15Int8MultiArray_ISaIvEEEE16registerCallbackIRKNS_12MessageEventIKS5_EEEENS_10ConnectionERKSt8functionIFvT_EE[_ZN15message_filters12SimpleFilterIN8std_msgs3msg15Int8MultiArray_ISaIvEEEE16registerCallbackIRKNS_12MessageEventIKS5_EEEENS_10ConnectionERKSt8functionIFvT_EE]+0xb8): undefined reference to `message_filters::Connection::Connection(std::function<void ()> const&)'
/usr/bin/ld: CMakeFiles/listener.dir/src/subscriber_member_function.cpp.o: in function `message_filters::Connection message_filters::SimpleFilter<std_msgs::msg::Int8_<std::allocator<void> > >::registerCallback<message_filters::MessageEvent<std_msgs::msg::Int8_<std::allocator<void> > const> const&>(std::function<void (message_filters::MessageEvent<std_msgs::msg::Int8_<std::allocator<void> > const> const&)> const&)':
subscriber_member_function.cpp:(.text._ZN15message_filters12SimpleFilterIN8std_msgs3msg5Int8_ISaIvEEEE16registerCallbackIRKNS_12MessageEventIKS5_EEEENS_10ConnectionERKSt8functionIFvT_EE[_ZN15message_filters12SimpleFilterIN8std_msgs3msg5Int8_ISaIvEEEE16registerCallbackIRKNS_12MessageEventIKS5_EEEENS_10ConnectionERKSt8functionIFvT_EE]+0xb8): undefined reference to `message_filters::Connection::Connection(std::function<void ()> const&)'
collect2: error: ld returned 1 exit status
make[2]: *** [CMakeFiles/listener.dir/build.make:131: listener] Error 1
make[1]: *** [CMakeFiles/Makefile2:80: CMakeFiles/listener.dir/all] Error 2
make: *** [Makefile:141: all] Error 2
