[0.028s] Invoking command in '/home/usama/autoronto/coding_test/build/coding_challenge': CMAKE_PREFIX_PATH=/opt/ros/foxy /usr/bin/cmake --build /home/usama/autoronto/coding_test/build/coding_challenge -- -j8 -l8
[0.060s] [35m[1mScanning dependencies of target listener[0m
[0.074s] [ 50%] Built target talker
[0.082s] [ 75%] [32mBuilding CXX object CMakeFiles/listener.dir/src/subscriber_member_function.cpp.o[0m
[1.247s] [01m[K/home/usama/autoronto/coding_test/src/coding_challenge/src/subscriber_member_function.cpp:[m[K In member function ‘[01m[Kvoid MinimalSubscriber::timer_callback()[m[K’:
[1.248s] [01m[K/home/usama/autoronto/coding_test/src/coding_challenge/src/subscriber_member_function.cpp:69:26:[m[K [01;31m[Kerror: [m[Kno matching function for call to ‘[01m[Kstd::vector<signed char, std::allocator<signed char> >::insert(int)[m[K’
[1.248s]    69 |     message.data.insert(1[01;31m[K)[m[K;
[1.248s]       |                          [01;31m[K^[m[K
[1.248s] In file included from [01m[K/usr/include/c++/9/vector:72[m[K,
[1.248s]                  from [01m[K/home/usama/autoronto/coding_test/src/coding_challenge/src/subscriber_member_function.cpp:17[m[K:
[1.248s] [01m[K/usr/include/c++/9/bits/vector.tcc:130:5:[m[K [01;36m[Knote: [m[Kcandidate: ‘[01m[Kstd::vector<_Tp, _Alloc>::iterator std::vector<_Tp, _Alloc>::insert(std::vector<_Tp, _Alloc>::const_iterator, const value_type&) [with _Tp = signed char; _Alloc = std::allocator<signed char>; std::vector<_Tp, _Alloc>::iterator = __gnu_cxx::__normal_iterator<signed char*, std::vector<signed char, std::allocator<signed char> > >; typename std::_Vector_base<_Tp, _Alloc>::pointer = signed char*; std::vector<_Tp, _Alloc>::const_iterator = __gnu_cxx::__normal_iterator<const signed char*, std::vector<signed char, std::allocator<signed char> > >; typename __gnu_cxx::__alloc_traits<typename std::_Vector_base<_Tp, _Alloc>::_Tp_alloc_type>::const_pointer = const signed char*; std::vector<_Tp, _Alloc>::value_type = signed char][m[K’
[1.249s]   130 |     [01;36m[Kvector<_Tp, _Alloc>[m[K::
[1.249s]       |     [01;36m[K^~~~~~~~~~~~~~~~~~~[m[K
[1.249s] [01m[K/usr/include/c++/9/bits/vector.tcc:130:5:[m[K [01;36m[Knote: [m[K  candidate expects 2 arguments, 1 provided
[1.249s] In file included from [01m[K/usr/include/c++/9/vector:67[m[K,
[1.249s]                  from [01m[K/home/usama/autoronto/coding_test/src/coding_challenge/src/subscriber_member_function.cpp:17[m[K:
[1.249s] [01m[K/usr/include/c++/9/bits/stl_vector.h:1290:7:[m[K [01;36m[Knote: [m[Kcandidate: ‘[01m[Kstd::vector<_Tp, _Alloc>::iterator std::vector<_Tp, _Alloc>::insert(std::vector<_Tp, _Alloc>::const_iterator, std::vector<_Tp, _Alloc>::value_type&&) [with _Tp = signed char; _Alloc = std::allocator<signed char>; std::vector<_Tp, _Alloc>::iterator = __gnu_cxx::__normal_iterator<signed char*, std::vector<signed char, std::allocator<signed char> > >; typename std::_Vector_base<_Tp, _Alloc>::pointer = signed char*; std::vector<_Tp, _Alloc>::const_iterator = __gnu_cxx::__normal_iterator<const signed char*, std::vector<signed char, std::allocator<signed char> > >; typename __gnu_cxx::__alloc_traits<typename std::_Vector_base<_Tp, _Alloc>::_Tp_alloc_type>::const_pointer = const signed char*; std::vector<_Tp, _Alloc>::value_type = signed char][m[K’
[1.249s]  1290 |       [01;36m[Kinsert[m[K(const_iterator __position, value_type&& __x)
[1.249s]       |       [01;36m[K^~~~~~[m[K
[1.249s] [01m[K/usr/include/c++/9/bits/stl_vector.h:1290:7:[m[K [01;36m[Knote: [m[K  candidate expects 2 arguments, 1 provided
[1.250s] [01m[K/usr/include/c++/9/bits/stl_vector.h:1307:7:[m[K [01;36m[Knote: [m[Kcandidate: ‘[01m[Kstd::vector<_Tp, _Alloc>::iterator std::vector<_Tp, _Alloc>::insert(std::vector<_Tp, _Alloc>::const_iterator, std::initializer_list<_Tp>) [with _Tp = signed char; _Alloc = std::allocator<signed char>; std::vector<_Tp, _Alloc>::iterator = __gnu_cxx::__normal_iterator<signed char*, std::vector<signed char, std::allocator<signed char> > >; typename std::_Vector_base<_Tp, _Alloc>::pointer = signed char*; std::vector<_Tp, _Alloc>::const_iterator = __gnu_cxx::__normal_iterator<const signed char*, std::vector<signed char, std::allocator<signed char> > >; typename __gnu_cxx::__alloc_traits<typename std::_Vector_base<_Tp, _Alloc>::_Tp_alloc_type>::const_pointer = const signed char*][m[K’
[1.250s]  1307 |       [01;36m[Kinsert[m[K(const_iterator __position, initializer_list<value_type> __l)
[1.250s]       |       [01;36m[K^~~~~~[m[K
[1.250s] [01m[K/usr/include/c++/9/bits/stl_vector.h:1307:7:[m[K [01;36m[Knote: [m[K  candidate expects 2 arguments, 1 provided
[1.250s] [01m[K/usr/include/c++/9/bits/stl_vector.h:1332:7:[m[K [01;36m[Knote: [m[Kcandidate: ‘[01m[Kstd::vector<_Tp, _Alloc>::iterator std::vector<_Tp, _Alloc>::insert(std::vector<_Tp, _Alloc>::const_iterator, std::vector<_Tp, _Alloc>::size_type, const value_type&) [with _Tp = signed char; _Alloc = std::allocator<signed char>; std::vector<_Tp, _Alloc>::iterator = __gnu_cxx::__normal_iterator<signed char*, std::vector<signed char, std::allocator<signed char> > >; typename std::_Vector_base<_Tp, _Alloc>::pointer = signed char*; std::vector<_Tp, _Alloc>::const_iterator = __gnu_cxx::__normal_iterator<const signed char*, std::vector<signed char, std::allocator<signed char> > >; typename __gnu_cxx::__alloc_traits<typename std::_Vector_base<_Tp, _Alloc>::_Tp_alloc_type>::const_pointer = const signed char*; std::vector<_Tp, _Alloc>::size_type = long unsigned int; std::vector<_Tp, _Alloc>::value_type = signed char][m[K’
[1.250s]  1332 |       [01;36m[Kinsert[m[K(const_iterator __position, size_type __n, const value_type& __x)
[1.250s]       |       [01;36m[K^~~~~~[m[K
[1.250s] [01m[K/usr/include/c++/9/bits/stl_vector.h:1332:7:[m[K [01;36m[Knote: [m[K  candidate expects 3 arguments, 1 provided
[1.250s] [01m[K/usr/include/c++/9/bits/stl_vector.h:1376:2:[m[K [01;36m[Knote: [m[Kcandidate: ‘[01m[Ktemplate<class _InputIterator, class> std::vector<_Tp, _Alloc>::iterator std::vector<_Tp, _Alloc>::insert(std::vector<_Tp, _Alloc>::const_iterator, _InputIterator, _InputIterator) [with _InputIterator = _InputIterator; <template-parameter-2-2> = <template-parameter-1-2>; _Tp = signed char; _Alloc = std::allocator<signed char>][m[K’
[1.250s]  1376 |  [01;36m[Kinsert[m[K(const_iterator __position, _InputIterator __first,
[1.250s]       |  [01;36m[K^~~~~~[m[K
[1.251s] [01m[K/usr/include/c++/9/bits/stl_vector.h:1376:2:[m[K [01;36m[Knote: [m[K  template argument deduction/substitution failed:
[1.251s] [01m[K/home/usama/autoronto/coding_test/src/coding_challenge/src/subscriber_member_function.cpp:69:26:[m[K [01;36m[Knote: [m[K  candidate expects 3 arguments, 1 provided
[1.251s]    69 |     message.data.insert(1[01;36m[K)[m[K;
[1.251s]       |                          [01;36m[K^[m[K
[3.633s] make[2]: *** [CMakeFiles/listener.dir/build.make:63: CMakeFiles/listener.dir/src/subscriber_member_function.cpp.o] Error 1
[3.633s] make[1]: *** [CMakeFiles/Makefile2:80: CMakeFiles/listener.dir/all] Error 2
[3.634s] make: *** [Makefile:141: all] Error 2
[3.639s] Invoked command in '/home/usama/autoronto/coding_test/build/coding_challenge' returned '2': CMAKE_PREFIX_PATH=/opt/ros/foxy /usr/bin/cmake --build /home/usama/autoronto/coding_test/build/coding_challenge -- -j8 -l8
