[01m[K/home/usama/autoronto/coding_test/src/coding_challenge/src/subscriber_member_function.cpp:[m[K In member function ‘[01m[Kvoid MinimalSubscriber::input_callback(std_msgs::msg::Int8MultiArray_<std::allocator<void> >::ConstSharedPtr)[m[K’:
[01m[K/home/usama/autoronto/coding_test/src/coding_challenge/src/subscriber_member_function.cpp:71:42:[m[K [01;31m[Kerror: [m[K‘[01m[KMultiArrayDimension[m[K’ is not a member of ‘[01m[Kstd_msgs[m[K’; did you mean ‘[01m[Kstd_msgs::msg::MultiArrayDimension[m[K’?
   71 |     input.layout.dim.push_back(std_msgs::[01;31m[KMultiArrayDimension[m[K()));
      |                                          [01;31m[K^~~~~~~~~~~~~~~~~~~[m[K
In file included from [01m[K/opt/ros/foxy/include/std_msgs/msg/detail/multi_array_layout__struct.hpp:19[m[K,
                 from [01m[K/opt/ros/foxy/include/std_msgs/msg/detail/int8_multi_array__struct.hpp:19[m[K,
                 from [01m[K/opt/ros/foxy/include/std_msgs/msg/int8_multi_array.hpp:7[m[K,
                 from [01m[K/home/usama/autoronto/coding_test/src/coding_challenge/src/subscriber_member_function.cpp:29[m[K:
[01m[K/opt/ros/foxy/include/std_msgs/msg/detail/multi_array_dimension__struct.hpp:149:7:[m[K [01;36m[Knote: [m[K‘[01m[Kstd_msgs::msg::MultiArrayDimension[m[K’ declared here
  149 | using [01;36m[KMultiArrayDimension[m[K =
      |       [01;36m[K^~~~~~~~~~~~~~~~~~~[m[K
[01m[K/home/usama/autoronto/coding_test/src/coding_challenge/src/subscriber_member_function.cpp:[m[K In member function ‘[01m[Kvoid MinimalSubscriber::calc_result()[m[K’:
[01m[K/home/usama/autoronto/coding_test/src/coding_challenge/src/subscriber_member_function.cpp:120:43:[m[K [01;31m[Kerror: [m[K‘[01m[KMultiArrayDimension[m[K’ is not a member of ‘[01m[Kstd_msgs[m[K’; did you mean ‘[01m[Kstd_msgs::msg::MultiArrayDimension[m[K’?
  120 |     result.layout.dim.push_back(std_msgs::[01;31m[KMultiArrayDimension[m[K()));
      |                                           [01;31m[K^~~~~~~~~~~~~~~~~~~[m[K
In file included from [01m[K/opt/ros/foxy/include/std_msgs/msg/detail/multi_array_layout__struct.hpp:19[m[K,
                 from [01m[K/opt/ros/foxy/include/std_msgs/msg/detail/int8_multi_array__struct.hpp:19[m[K,
                 from [01m[K/opt/ros/foxy/include/std_msgs/msg/int8_multi_array.hpp:7[m[K,
                 from [01m[K/home/usama/autoronto/coding_test/src/coding_challenge/src/subscriber_member_function.cpp:29[m[K:
[01m[K/opt/ros/foxy/include/std_msgs/msg/detail/multi_array_dimension__struct.hpp:149:7:[m[K [01;36m[Knote: [m[K‘[01m[Kstd_msgs::msg::MultiArrayDimension[m[K’ declared here
  149 | using [01;36m[KMultiArrayDimension[m[K =
      |       [01;36m[K^~~~~~~~~~~~~~~~~~~[m[K
make[2]: *** [CMakeFiles/listener.dir/build.make:63: CMakeFiles/listener.dir/src/subscriber_member_function.cpp.o] Error 1
make[1]: *** [CMakeFiles/Makefile2:80: CMakeFiles/listener.dir/all] Error 2
make: *** [Makefile:141: all] Error 2
