[0.035s] Invoking command in '/home/usama/autoronto/coding_test/build/coding_challenge': CMAKE_PREFIX_PATH=/opt/ros/foxy /usr/bin/cmake --build /home/usama/autoronto/coding_test/build/coding_challenge -- -j8 -l8
[0.252s] [35m[1mScanning dependencies of target listener[0m
[0.280s] [ 50%] Built target talker
[0.293s] [ 75%] [32mBuilding CXX object CMakeFiles/listener.dir/src/subscriber_member_function.cpp.o[0m
[1.843s] [01m[K/home/usama/autoronto/coding_test/src/coding_challenge/src/subscriber_member_function.cpp:[m[K In member function ‘[01m[Kvoid MinimalSubscriber::input_callback(std_msgs::msg::Int8MultiArray_<std::allocator<void> >::ConstSharedPtr)[m[K’:
[1.844s] [01m[K/home/usama/autoronto/coding_test/src/coding_challenge/src/subscriber_member_function.cpp:71:42:[m[K [01;31m[Kerror: [m[K‘[01m[KMultiArrayDimension[m[K’ is not a member of ‘[01m[Kstd_msgs[m[K’; did you mean ‘[01m[Kstd_msgs::msg::MultiArrayDimension[m[K’?
[1.844s]    71 |     input.layout.dim.push_back(std_msgs::[01;31m[KMultiArrayDimension[m[K()));
[1.844s]       |                                          [01;31m[K^~~~~~~~~~~~~~~~~~~[m[K
[1.844s] In file included from [01m[K/opt/ros/foxy/include/std_msgs/msg/detail/multi_array_layout__struct.hpp:19[m[K,
[1.845s]                  from [01m[K/opt/ros/foxy/include/std_msgs/msg/detail/int8_multi_array__struct.hpp:19[m[K,
[1.845s]                  from [01m[K/opt/ros/foxy/include/std_msgs/msg/int8_multi_array.hpp:7[m[K,
[1.845s]                  from [01m[K/home/usama/autoronto/coding_test/src/coding_challenge/src/subscriber_member_function.cpp:29[m[K:
[1.845s] [01m[K/opt/ros/foxy/include/std_msgs/msg/detail/multi_array_dimension__struct.hpp:149:7:[m[K [01;36m[Knote: [m[K‘[01m[Kstd_msgs::msg::MultiArrayDimension[m[K’ declared here
[1.845s]   149 | using [01;36m[KMultiArrayDimension[m[K =
[1.845s]       |       [01;36m[K^~~~~~~~~~~~~~~~~~~[m[K
[1.851s] [01m[K/home/usama/autoronto/coding_test/src/coding_challenge/src/subscriber_member_function.cpp:[m[K In member function ‘[01m[Kvoid MinimalSubscriber::calc_result()[m[K’:
[1.851s] [01m[K/home/usama/autoronto/coding_test/src/coding_challenge/src/subscriber_member_function.cpp:120:43:[m[K [01;31m[Kerror: [m[K‘[01m[KMultiArrayDimension[m[K’ is not a member of ‘[01m[Kstd_msgs[m[K’; did you mean ‘[01m[Kstd_msgs::msg::MultiArrayDimension[m[K’?
[1.851s]   120 |     result.layout.dim.push_back(std_msgs::[01;31m[KMultiArrayDimension[m[K()));
[1.851s]       |                                           [01;31m[K^~~~~~~~~~~~~~~~~~~[m[K
[1.852s] In file included from [01m[K/opt/ros/foxy/include/std_msgs/msg/detail/multi_array_layout__struct.hpp:19[m[K,
[1.852s]                  from [01m[K/opt/ros/foxy/include/std_msgs/msg/detail/int8_multi_array__struct.hpp:19[m[K,
[1.852s]                  from [01m[K/opt/ros/foxy/include/std_msgs/msg/int8_multi_array.hpp:7[m[K,
[1.852s]                  from [01m[K/home/usama/autoronto/coding_test/src/coding_challenge/src/subscriber_member_function.cpp:29[m[K:
[1.852s] [01m[K/opt/ros/foxy/include/std_msgs/msg/detail/multi_array_dimension__struct.hpp:149:7:[m[K [01;36m[Knote: [m[K‘[01m[Kstd_msgs::msg::MultiArrayDimension[m[K’ declared here
[1.852s]   149 | using [01;36m[KMultiArrayDimension[m[K =
[1.852s]       |       [01;36m[K^~~~~~~~~~~~~~~~~~~[m[K
[3.227s] make[2]: *** [CMakeFiles/listener.dir/build.make:63: CMakeFiles/listener.dir/src/subscriber_member_function.cpp.o] Error 1
[3.227s] make[1]: *** [CMakeFiles/Makefile2:80: CMakeFiles/listener.dir/all] Error 2
[3.228s] make: *** [Makefile:141: all] Error 2
[3.325s] Invoked command in '/home/usama/autoronto/coding_test/build/coding_challenge' returned '2': CMAKE_PREFIX_PATH=/opt/ros/foxy /usr/bin/cmake --build /home/usama/autoronto/coding_test/build/coding_challenge -- -j8 -l8
